{"C:\\Users\\maila\\IdeaProjects\\Graph-Path\\1.Website\\backend\\src\\Controllers\\MockDBController.js": {"path":"C:\\Users\\maila\\IdeaProjects\\Graph-Path\\1.Website\\backend\\src\\Controllers\\MockDBController.js","statementMap":{"0":{"start":{"line":1,"column":19},"end":{"line":1,"column":49}},"1":{"start":{"line":2,"column":0},"end":{"line":2,"column":28}},"2":{"start":{"line":3,"column":14},"end":{"line":3,"column":37}},"3":{"start":{"line":5,"column":15},"end":{"line":5,"column":42}},"4":{"start":{"line":6,"column":17},"end":{"line":6,"column":36}},"5":{"start":{"line":11,"column":1},"end":{"line":18,"column":2}},"6":{"start":{"line":12,"column":4},"end":{"line":14,"column":5}},"7":{"start":{"line":13,"column":8},"end":{"line":13,"column":63}},"8":{"start":{"line":15,"column":4},"end":{"line":15,"column":47}},"9":{"start":{"line":17,"column":4},"end":{"line":17,"column":95}},"10":{"start":{"line":24,"column":4},"end":{"line":24,"column":14}},"11":{"start":{"line":28,"column":0},"end":{"line":32,"column":2}}},"fnMap":{"0":{"name":"(anonymous_0)","decl":{"start":{"line":11,"column":89},"end":{"line":11,"column":90}},"loc":{"start":{"line":11,"column":105},"end":{"line":18,"column":1}},"line":11},"1":{"name":"getConnectionInstance","decl":{"start":{"line":21,"column":9},"end":{"line":21,"column":30}},"loc":{"start":{"line":22,"column":0},"end":{"line":25,"column":1}},"line":22}},"branchMap":{"0":{"loc":{"start":{"line":12,"column":4},"end":{"line":14,"column":5}},"type":"if","locations":[{"start":{"line":12,"column":4},"end":{"line":14,"column":5}},{"start":{"line":12,"column":4},"end":{"line":14,"column":5}}],"line":12}},"s":{"0":1,"1":1,"2":1,"3":1,"4":1,"5":1,"6":1,"7":0,"8":1,"9":1,"10":67,"11":1},"f":{"0":1,"1":67},"b":{"0":[0,1]},"_coverageSchema":"1a1c01bbd47fc00a2c39e90264f33305004495a9","hash":"96195ce62e893d82f825a87d0445ed464dac70a2"}
,"C:\\Users\\maila\\IdeaProjects\\Graph-Path\\1.Website\\backend\\src\\Services\\TaskManagerService.js": {"path":"C:\\Users\\maila\\IdeaProjects\\Graph-Path\\1.Website\\backend\\src\\Services\\TaskManagerService.js","statementMap":{"0":{"start":{"line":1,"column":15},"end":{"line":1,"column":32}},"1":{"start":{"line":2,"column":18},"end":{"line":2,"column":37}},"2":{"start":{"line":3,"column":17},"end":{"line":3,"column":44}},"3":{"start":{"line":10,"column":15},"end":{"line":10,"column":63}},"4":{"start":{"line":11,"column":4},"end":{"line":24,"column":6}},"5":{"start":{"line":12,"column":8},"end":{"line":23,"column":14}},"6":{"start":{"line":14,"column":16},"end":{"line":19,"column":17}},"7":{"start":{"line":16,"column":20},"end":{"line":16,"column":50}},"8":{"start":{"line":18,"column":20},"end":{"line":18,"column":33}},"9":{"start":{"line":22,"column":16},"end":{"line":22,"column":28}},"10":{"start":{"line":28,"column":15},"end":{"line":28,"column":51}},"11":{"start":{"line":29,"column":4},"end":{"line":45,"column":6}},"12":{"start":{"line":30,"column":8},"end":{"line":44,"column":14}},"13":{"start":{"line":34,"column":16},"end":{"line":40,"column":17}},"14":{"start":{"line":36,"column":20},"end":{"line":36,"column":49}},"15":{"start":{"line":39,"column":20},"end":{"line":39,"column":33}},"16":{"start":{"line":43,"column":16},"end":{"line":43,"column":28}},"17":{"start":{"line":49,"column":15},"end":{"line":49,"column":51}},"18":{"start":{"line":50,"column":4},"end":{"line":66,"column":6}},"19":{"start":{"line":51,"column":8},"end":{"line":65,"column":14}},"20":{"start":{"line":55,"column":16},"end":{"line":61,"column":17}},"21":{"start":{"line":57,"column":20},"end":{"line":57,"column":33}},"22":{"start":{"line":60,"column":20},"end":{"line":60,"column":33}},"23":{"start":{"line":64,"column":16},"end":{"line":64,"column":28}},"24":{"start":{"line":70,"column":15},"end":{"line":70,"column":51}},"25":{"start":{"line":71,"column":4},"end":{"line":84,"column":6}},"26":{"start":{"line":72,"column":8},"end":{"line":83,"column":15}},"27":{"start":{"line":74,"column":16},"end":{"line":79,"column":17}},"28":{"start":{"line":75,"column":20},"end":{"line":75,"column":46}},"29":{"start":{"line":77,"column":20},"end":{"line":77,"column":36}},"30":{"start":{"line":78,"column":20},"end":{"line":78,"column":33}},"31":{"start":{"line":82,"column":16},"end":{"line":82,"column":28}},"32":{"start":{"line":89,"column":15},"end":{"line":89,"column":51}},"33":{"start":{"line":90,"column":4},"end":{"line":99,"column":6}},"34":{"start":{"line":91,"column":8},"end":{"line":98,"column":14}},"35":{"start":{"line":94,"column":16},"end":{"line":94,"column":29}},"36":{"start":{"line":97,"column":16},"end":{"line":97,"column":28}},"37":{"start":{"line":103,"column":15},"end":{"line":103,"column":51}},"38":{"start":{"line":104,"column":4},"end":{"line":114,"column":6}},"39":{"start":{"line":105,"column":8},"end":{"line":113,"column":14}},"40":{"start":{"line":109,"column":16},"end":{"line":109,"column":29}},"41":{"start":{"line":112,"column":16},"end":{"line":112,"column":28}},"42":{"start":{"line":118,"column":15},"end":{"line":118,"column":51}},"43":{"start":{"line":119,"column":4},"end":{"line":131,"column":6}},"44":{"start":{"line":120,"column":8},"end":{"line":130,"column":14}},"45":{"start":{"line":126,"column":16},"end":{"line":126,"column":29}},"46":{"start":{"line":129,"column":16},"end":{"line":129,"column":28}},"47":{"start":{"line":135,"column":15},"end":{"line":135,"column":51}},"48":{"start":{"line":136,"column":4},"end":{"line":152,"column":6}},"49":{"start":{"line":137,"column":8},"end":{"line":151,"column":14}},"50":{"start":{"line":143,"column":16},"end":{"line":147,"column":17}},"51":{"start":{"line":144,"column":20},"end":{"line":144,"column":39}},"52":{"start":{"line":146,"column":20},"end":{"line":146,"column":57}},"53":{"start":{"line":150,"column":16},"end":{"line":150,"column":28}},"54":{"start":{"line":157,"column":15},"end":{"line":157,"column":51}},"55":{"start":{"line":158,"column":4},"end":{"line":168,"column":6}},"56":{"start":{"line":159,"column":8},"end":{"line":167,"column":14}},"57":{"start":{"line":163,"column":16},"end":{"line":163,"column":29}},"58":{"start":{"line":166,"column":16},"end":{"line":166,"column":28}},"59":{"start":{"line":172,"column":15},"end":{"line":172,"column":51}},"60":{"start":{"line":173,"column":4},"end":{"line":189,"column":6}},"61":{"start":{"line":174,"column":8},"end":{"line":188,"column":14}},"62":{"start":{"line":180,"column":16},"end":{"line":184,"column":17}},"63":{"start":{"line":181,"column":20},"end":{"line":181,"column":39}},"64":{"start":{"line":183,"column":20},"end":{"line":183,"column":57}},"65":{"start":{"line":187,"column":16},"end":{"line":187,"column":28}},"66":{"start":{"line":193,"column":15},"end":{"line":193,"column":51}},"67":{"start":{"line":194,"column":4},"end":{"line":210,"column":6}},"68":{"start":{"line":195,"column":8},"end":{"line":209,"column":14}},"69":{"start":{"line":201,"column":16},"end":{"line":205,"column":17}},"70":{"start":{"line":202,"column":20},"end":{"line":202,"column":39}},"71":{"start":{"line":204,"column":20},"end":{"line":204,"column":57}},"72":{"start":{"line":208,"column":16},"end":{"line":208,"column":28}},"73":{"start":{"line":214,"column":15},"end":{"line":214,"column":51}},"74":{"start":{"line":215,"column":4},"end":{"line":237,"column":6}},"75":{"start":{"line":216,"column":8},"end":{"line":236,"column":14}},"76":{"start":{"line":232,"column":16},"end":{"line":232,"column":29}},"77":{"start":{"line":235,"column":16},"end":{"line":235,"column":28}},"78":{"start":{"line":241,"column":15},"end":{"line":241,"column":51}},"79":{"start":{"line":242,"column":4},"end":{"line":280,"column":6}},"80":{"start":{"line":243,"column":8},"end":{"line":279,"column":10}},"81":{"start":{"line":245,"column":16},"end":{"line":247,"column":17}},"82":{"start":{"line":246,"column":20},"end":{"line":246,"column":58}},"83":{"start":{"line":248,"column":30},"end":{"line":248,"column":46}},"84":{"start":{"line":249,"column":16},"end":{"line":257,"column":13}},"85":{"start":{"line":249,"column":27},"end":{"line":249,"column":28}},"86":{"start":{"line":250,"column":16},"end":{"line":256,"column":17}},"87":{"start":{"line":250,"column":43},"end":{"line":250,"column":79}},"88":{"start":{"line":251,"column":20},"end":{"line":251,"column":48}},"89":{"start":{"line":255,"column":20},"end":{"line":255,"column":94}},"90":{"start":{"line":259,"column":12},"end":{"line":274,"column":18}},"91":{"start":{"line":266,"column":16},"end":{"line":266,"column":69}},"92":{"start":{"line":267,"column":16},"end":{"line":267,"column":38}},"93":{"start":{"line":272,"column":20},"end":{"line":272,"column":56}},"94":{"start":{"line":273,"column":20},"end":{"line":273,"column":31}},"95":{"start":{"line":277,"column":12},"end":{"line":277,"column":29}},"96":{"start":{"line":278,"column":12},"end":{"line":278,"column":35}},"97":{"start":{"line":287,"column":15},"end":{"line":287,"column":51}},"98":{"start":{"line":288,"column":4},"end":{"line":300,"column":6}},"99":{"start":{"line":289,"column":8},"end":{"line":299,"column":15}},"100":{"start":{"line":292,"column":16},"end":{"line":292,"column":41}},"101":{"start":{"line":293,"column":16},"end":{"line":293,"column":29}},"102":{"start":{"line":297,"column":16},"end":{"line":297,"column":45}},"103":{"start":{"line":298,"column":16},"end":{"line":298,"column":28}},"104":{"start":{"line":304,"column":0},"end":{"line":321,"column":1}}},"fnMap":{"0":{"name":"getAllTasks","decl":{"start":{"line":8,"column":15},"end":{"line":8,"column":26}},"loc":{"start":{"line":8,"column":40},"end":{"line":25,"column":1}},"line":8},"1":{"name":"(anonymous_1)","decl":{"start":{"line":11,"column":29},"end":{"line":11,"column":30}},"loc":{"start":{"line":11,"column":47},"end":{"line":24,"column":5}},"line":11},"2":{"name":"(anonymous_2)","decl":{"start":{"line":13,"column":18},"end":{"line":13,"column":19}},"loc":{"start":{"line":13,"column":23},"end":{"line":20,"column":13}},"line":13},"3":{"name":"(anonymous_3)","decl":{"start":{"line":21,"column":19},"end":{"line":21,"column":20}},"loc":{"start":{"line":21,"column":24},"end":{"line":23,"column":13}},"line":21},"4":{"name":"getTaskByID","decl":{"start":{"line":27,"column":15},"end":{"line":27,"column":26}},"loc":{"start":{"line":27,"column":44},"end":{"line":46,"column":1}},"line":27},"5":{"name":"(anonymous_5)","decl":{"start":{"line":29,"column":29},"end":{"line":29,"column":30}},"loc":{"start":{"line":29,"column":48},"end":{"line":45,"column":5}},"line":29},"6":{"name":"(anonymous_6)","decl":{"start":{"line":33,"column":18},"end":{"line":33,"column":19}},"loc":{"start":{"line":33,"column":23},"end":{"line":41,"column":13}},"line":33},"7":{"name":"(anonymous_7)","decl":{"start":{"line":42,"column":19},"end":{"line":42,"column":20}},"loc":{"start":{"line":42,"column":24},"end":{"line":44,"column":13}},"line":42},"8":{"name":"getAllNodeTasks","decl":{"start":{"line":48,"column":15},"end":{"line":48,"column":30}},"loc":{"start":{"line":48,"column":52},"end":{"line":67,"column":1}},"line":48},"9":{"name":"(anonymous_9)","decl":{"start":{"line":50,"column":29},"end":{"line":50,"column":30}},"loc":{"start":{"line":50,"column":48},"end":{"line":66,"column":5}},"line":50},"10":{"name":"(anonymous_10)","decl":{"start":{"line":54,"column":18},"end":{"line":54,"column":19}},"loc":{"start":{"line":54,"column":23},"end":{"line":62,"column":13}},"line":54},"11":{"name":"(anonymous_11)","decl":{"start":{"line":63,"column":19},"end":{"line":63,"column":20}},"loc":{"start":{"line":63,"column":24},"end":{"line":65,"column":13}},"line":63},"12":{"name":"getAllTasksByProject","decl":{"start":{"line":69,"column":15},"end":{"line":69,"column":35}},"loc":{"start":{"line":69,"column":53},"end":{"line":85,"column":1}},"line":69},"13":{"name":"(anonymous_13)","decl":{"start":{"line":71,"column":29},"end":{"line":71,"column":30}},"loc":{"start":{"line":71,"column":47},"end":{"line":84,"column":5}},"line":71},"14":{"name":"(anonymous_14)","decl":{"start":{"line":73,"column":18},"end":{"line":73,"column":19}},"loc":{"start":{"line":73,"column":25},"end":{"line":80,"column":13}},"line":73},"15":{"name":"(anonymous_15)","decl":{"start":{"line":81,"column":19},"end":{"line":81,"column":20}},"loc":{"start":{"line":81,"column":26},"end":{"line":83,"column":13}},"line":81},"16":{"name":"insertTask","decl":{"start":{"line":88,"column":15},"end":{"line":88,"column":25}},"loc":{"start":{"line":88,"column":51},"end":{"line":100,"column":1}},"line":88},"17":{"name":"(anonymous_17)","decl":{"start":{"line":90,"column":29},"end":{"line":90,"column":30}},"loc":{"start":{"line":90,"column":48},"end":{"line":99,"column":5}},"line":90},"18":{"name":"(anonymous_18)","decl":{"start":{"line":92,"column":18},"end":{"line":92,"column":19}},"loc":{"start":{"line":92,"column":25},"end":{"line":95,"column":13}},"line":92},"19":{"name":"(anonymous_19)","decl":{"start":{"line":96,"column":19},"end":{"line":96,"column":20}},"loc":{"start":{"line":96,"column":24},"end":{"line":98,"column":13}},"line":96},"20":{"name":"deleteTaskByID","decl":{"start":{"line":102,"column":15},"end":{"line":102,"column":29}},"loc":{"start":{"line":102,"column":47},"end":{"line":115,"column":1}},"line":102},"21":{"name":"(anonymous_21)","decl":{"start":{"line":104,"column":30},"end":{"line":104,"column":31}},"loc":{"start":{"line":104,"column":48},"end":{"line":114,"column":5}},"line":104},"22":{"name":"(anonymous_22)","decl":{"start":{"line":108,"column":18},"end":{"line":108,"column":19}},"loc":{"start":{"line":108,"column":23},"end":{"line":110,"column":13}},"line":108},"23":{"name":"(anonymous_23)","decl":{"start":{"line":111,"column":19},"end":{"line":111,"column":20}},"loc":{"start":{"line":111,"column":24},"end":{"line":113,"column":13}},"line":111},"24":{"name":"updateTaskDescription","decl":{"start":{"line":117,"column":15},"end":{"line":117,"column":36}},"loc":{"start":{"line":117,"column":63},"end":{"line":132,"column":1}},"line":117},"25":{"name":"(anonymous_25)","decl":{"start":{"line":119,"column":29},"end":{"line":119,"column":30}},"loc":{"start":{"line":119,"column":48},"end":{"line":131,"column":5}},"line":119},"26":{"name":"(anonymous_26)","decl":{"start":{"line":125,"column":18},"end":{"line":125,"column":19}},"loc":{"start":{"line":125,"column":23},"end":{"line":127,"column":13}},"line":125},"27":{"name":"(anonymous_27)","decl":{"start":{"line":128,"column":19},"end":{"line":128,"column":20}},"loc":{"start":{"line":128,"column":24},"end":{"line":130,"column":13}},"line":128},"28":{"name":"updateTaskStatus","decl":{"start":{"line":134,"column":15},"end":{"line":134,"column":31}},"loc":{"start":{"line":134,"column":58},"end":{"line":153,"column":1}},"line":134},"29":{"name":"(anonymous_29)","decl":{"start":{"line":136,"column":29},"end":{"line":136,"column":30}},"loc":{"start":{"line":136,"column":48},"end":{"line":152,"column":5}},"line":136},"30":{"name":"(anonymous_30)","decl":{"start":{"line":142,"column":18},"end":{"line":142,"column":19}},"loc":{"start":{"line":142,"column":23},"end":{"line":148,"column":13}},"line":142},"31":{"name":"(anonymous_31)","decl":{"start":{"line":149,"column":19},"end":{"line":149,"column":20}},"loc":{"start":{"line":149,"column":24},"end":{"line":151,"column":13}},"line":149},"32":{"name":"deleteTaskByNodeID","decl":{"start":{"line":156,"column":15},"end":{"line":156,"column":33}},"loc":{"start":{"line":156,"column":51},"end":{"line":169,"column":1}},"line":156},"33":{"name":"(anonymous_33)","decl":{"start":{"line":158,"column":30},"end":{"line":158,"column":31}},"loc":{"start":{"line":158,"column":48},"end":{"line":168,"column":5}},"line":158},"34":{"name":"(anonymous_34)","decl":{"start":{"line":162,"column":18},"end":{"line":162,"column":19}},"loc":{"start":{"line":162,"column":23},"end":{"line":164,"column":13}},"line":162},"35":{"name":"(anonymous_35)","decl":{"start":{"line":165,"column":19},"end":{"line":165,"column":20}},"loc":{"start":{"line":165,"column":24},"end":{"line":167,"column":13}},"line":165},"36":{"name":"updateTaskAssignee","decl":{"start":{"line":171,"column":15},"end":{"line":171,"column":33}},"loc":{"start":{"line":171,"column":61},"end":{"line":190,"column":1}},"line":171},"37":{"name":"(anonymous_37)","decl":{"start":{"line":173,"column":29},"end":{"line":173,"column":30}},"loc":{"start":{"line":173,"column":47},"end":{"line":189,"column":5}},"line":173},"38":{"name":"(anonymous_38)","decl":{"start":{"line":179,"column":18},"end":{"line":179,"column":19}},"loc":{"start":{"line":179,"column":23},"end":{"line":185,"column":13}},"line":179},"39":{"name":"(anonymous_39)","decl":{"start":{"line":186,"column":19},"end":{"line":186,"column":20}},"loc":{"start":{"line":186,"column":24},"end":{"line":188,"column":13}},"line":186},"40":{"name":"updateTaskAssigner","decl":{"start":{"line":192,"column":15},"end":{"line":192,"column":33}},"loc":{"start":{"line":192,"column":61},"end":{"line":211,"column":1}},"line":192},"41":{"name":"(anonymous_41)","decl":{"start":{"line":194,"column":29},"end":{"line":194,"column":30}},"loc":{"start":{"line":194,"column":47},"end":{"line":210,"column":5}},"line":194},"42":{"name":"(anonymous_42)","decl":{"start":{"line":200,"column":18},"end":{"line":200,"column":19}},"loc":{"start":{"line":200,"column":23},"end":{"line":206,"column":13}},"line":200},"43":{"name":"(anonymous_43)","decl":{"start":{"line":207,"column":19},"end":{"line":207,"column":20}},"loc":{"start":{"line":207,"column":24},"end":{"line":209,"column":13}},"line":207},"44":{"name":"updateEverythingTask","decl":{"start":{"line":213,"column":15},"end":{"line":213,"column":35}},"loc":{"start":{"line":213,"column":60},"end":{"line":238,"column":1}},"line":213},"45":{"name":"(anonymous_45)","decl":{"start":{"line":215,"column":29},"end":{"line":215,"column":30}},"loc":{"start":{"line":215,"column":47},"end":{"line":237,"column":5}},"line":215},"46":{"name":"(anonymous_46)","decl":{"start":{"line":231,"column":18},"end":{"line":231,"column":19}},"loc":{"start":{"line":231,"column":23},"end":{"line":233,"column":13}},"line":231},"47":{"name":"(anonymous_47)","decl":{"start":{"line":234,"column":19},"end":{"line":234,"column":20}},"loc":{"start":{"line":234,"column":24},"end":{"line":236,"column":13}},"line":234},"48":{"name":"addTaskMembers","decl":{"start":{"line":240,"column":15},"end":{"line":240,"column":29}},"loc":{"start":{"line":240,"column":59},"end":{"line":283,"column":1}},"line":240},"49":{"name":"(anonymous_49)","decl":{"start":{"line":242,"column":29},"end":{"line":242,"column":30}},"loc":{"start":{"line":242,"column":47},"end":{"line":280,"column":5}},"line":242},"50":{"name":"(anonymous_50)","decl":{"start":{"line":244,"column":18},"end":{"line":244,"column":19}},"loc":{"start":{"line":244,"column":26},"end":{"line":276,"column":9}},"line":244},"51":{"name":"(anonymous_51)","decl":{"start":{"line":250,"column":33},"end":{"line":250,"column":34}},"loc":{"start":{"line":250,"column":43},"end":{"line":250,"column":79}},"line":250},"52":{"name":"(anonymous_52)","decl":{"start":{"line":265,"column":19},"end":{"line":265,"column":20}},"loc":{"start":{"line":265,"column":27},"end":{"line":270,"column":13}},"line":265},"53":{"name":"(anonymous_53)","decl":{"start":{"line":271,"column":23},"end":{"line":271,"column":24}},"loc":{"start":{"line":271,"column":28},"end":{"line":274,"column":17}},"line":271},"54":{"name":"(anonymous_54)","decl":{"start":{"line":276,"column":17},"end":{"line":276,"column":18}},"loc":{"start":{"line":276,"column":24},"end":{"line":279,"column":9}},"line":276},"55":{"name":"getTasksMultipleProjects","decl":{"start":{"line":285,"column":15},"end":{"line":285,"column":39}},"loc":{"start":{"line":285,"column":64},"end":{"line":302,"column":1}},"line":285},"56":{"name":"(anonymous_56)","decl":{"start":{"line":288,"column":29},"end":{"line":288,"column":30}},"loc":{"start":{"line":288,"column":47},"end":{"line":300,"column":5}},"line":288},"57":{"name":"(anonymous_57)","decl":{"start":{"line":291,"column":18},"end":{"line":291,"column":19}},"loc":{"start":{"line":291,"column":25},"end":{"line":295,"column":13}},"line":291},"58":{"name":"(anonymous_58)","decl":{"start":{"line":296,"column":19},"end":{"line":296,"column":20}},"loc":{"start":{"line":296,"column":26},"end":{"line":299,"column":13}},"line":296}},"branchMap":{"0":{"loc":{"start":{"line":14,"column":16},"end":{"line":19,"column":17}},"type":"if","locations":[{"start":{"line":14,"column":16},"end":{"line":19,"column":17}},{"start":{"line":14,"column":16},"end":{"line":19,"column":17}}],"line":14},"1":{"loc":{"start":{"line":34,"column":16},"end":{"line":40,"column":17}},"type":"if","locations":[{"start":{"line":34,"column":16},"end":{"line":40,"column":17}},{"start":{"line":34,"column":16},"end":{"line":40,"column":17}}],"line":34},"2":{"loc":{"start":{"line":55,"column":16},"end":{"line":61,"column":17}},"type":"if","locations":[{"start":{"line":55,"column":16},"end":{"line":61,"column":17}},{"start":{"line":55,"column":16},"end":{"line":61,"column":17}}],"line":55},"3":{"loc":{"start":{"line":74,"column":16},"end":{"line":79,"column":17}},"type":"if","locations":[{"start":{"line":74,"column":16},"end":{"line":79,"column":17}},{"start":{"line":74,"column":16},"end":{"line":79,"column":17}}],"line":74},"4":{"loc":{"start":{"line":143,"column":16},"end":{"line":147,"column":17}},"type":"if","locations":[{"start":{"line":143,"column":16},"end":{"line":147,"column":17}},{"start":{"line":143,"column":16},"end":{"line":147,"column":17}}],"line":143},"5":{"loc":{"start":{"line":180,"column":16},"end":{"line":184,"column":17}},"type":"if","locations":[{"start":{"line":180,"column":16},"end":{"line":184,"column":17}},{"start":{"line":180,"column":16},"end":{"line":184,"column":17}}],"line":180},"6":{"loc":{"start":{"line":201,"column":16},"end":{"line":205,"column":17}},"type":"if","locations":[{"start":{"line":201,"column":16},"end":{"line":205,"column":17}},{"start":{"line":201,"column":16},"end":{"line":205,"column":17}}],"line":201},"7":{"loc":{"start":{"line":245,"column":16},"end":{"line":247,"column":17}},"type":"if","locations":[{"start":{"line":245,"column":16},"end":{"line":247,"column":17}},{"start":{"line":245,"column":16},"end":{"line":247,"column":17}}],"line":245},"8":{"loc":{"start":{"line":245,"column":19},"end":{"line":245,"column":50}},"type":"binary-expr","locations":[{"start":{"line":245,"column":19},"end":{"line":245,"column":35}},{"start":{"line":245,"column":39},"end":{"line":245,"column":50}}],"line":245},"9":{"loc":{"start":{"line":250,"column":16},"end":{"line":256,"column":17}},"type":"if","locations":[{"start":{"line":250,"column":16},"end":{"line":256,"column":17}},{"start":{"line":250,"column":16},"end":{"line":256,"column":17}}],"line":250}},"s":{"0":1,"1":1,"2":1,"3":4,"4":4,"5":4,"6":4,"7":0,"8":4,"9":0,"10":20,"11":20,"12":20,"13":20,"14":6,"15":14,"16":0,"17":0,"18":0,"19":0,"20":0,"21":0,"22":0,"23":0,"24":3,"25":3,"26":3,"27":3,"28":0,"29":3,"30":3,"31":0,"32":1,"33":1,"34":1,"35":1,"36":0,"37":15,"38":15,"39":15,"40":15,"41":0,"42":2,"43":2,"44":2,"45":2,"46":0,"47":4,"48":4,"49":4,"50":4,"51":3,"52":1,"53":0,"54":0,"55":0,"56":0,"57":0,"58":0,"59":1,"60":1,"61":1,"62":1,"63":1,"64":0,"65":0,"66":1,"67":1,"68":1,"69":1,"70":1,"71":0,"72":0,"73":1,"74":1,"75":1,"76":1,"77":0,"78":0,"79":0,"80":0,"81":0,"82":0,"83":0,"84":0,"85":0,"86":0,"87":0,"88":0,"89":0,"90":0,"91":0,"92":0,"93":0,"94":0,"95":0,"96":0,"97":0,"98":0,"99":0,"100":0,"101":0,"102":0,"103":0,"104":1},"f":{"0":4,"1":4,"2":4,"3":0,"4":20,"5":20,"6":20,"7":0,"8":0,"9":0,"10":0,"11":0,"12":3,"13":3,"14":3,"15":0,"16":1,"17":1,"18":1,"19":0,"20":15,"21":15,"22":15,"23":0,"24":2,"25":2,"26":2,"27":0,"28":4,"29":4,"30":4,"31":0,"32":0,"33":0,"34":0,"35":0,"36":1,"37":1,"38":1,"39":0,"40":1,"41":1,"42":1,"43":0,"44":1,"45":1,"46":1,"47":0,"48":0,"49":0,"50":0,"51":0,"52":0,"53":0,"54":0,"55":0,"56":0,"57":0,"58":0},"b":{"0":[0,4],"1":[6,14],"2":[0,0],"3":[0,3],"4":[3,1],"5":[1,0],"6":[1,0],"7":[0,0],"8":[0,0],"9":[0,0]},"_coverageSchema":"1a1c01bbd47fc00a2c39e90264f33305004495a9","hash":"5176980e96d2b38ad1e236b45178b5379247ae1a"}
}
