{"C:\\Users\\Godiragetse Naane\\Documents\\School\\Semester 1\\COS 301\\Capstone\\Demo 3\\Graph-Path\\1.Website\\backend\\src\\app.js": {"path":"C:\\Users\\Godiragetse Naane\\Documents\\School\\Semester 1\\COS 301\\Capstone\\Demo 3\\Graph-Path\\1.Website\\backend\\src\\app.js","statementMap":{"0":{"start":{"line":1,"column":16},"end":{"line":1,"column":34}},"1":{"start":{"line":2,"column":12},"end":{"line":2,"column":21}},"2":{"start":{"line":3,"column":13},"end":{"line":3,"column":28}},"3":{"start":{"line":4,"column":13},"end":{"line":4,"column":28}},"4":{"start":{"line":6,"column":22},"end":{"line":6,"column":50}},"5":{"start":{"line":7,"column":22},"end":{"line":7,"column":50}},"6":{"start":{"line":8,"column":25},"end":{"line":8,"column":56}},"7":{"start":{"line":9,"column":22},"end":{"line":9,"column":50}},"8":{"start":{"line":10,"column":23},"end":{"line":10,"column":52}},"9":{"start":{"line":11,"column":13},"end":{"line":11,"column":41}},"10":{"start":{"line":24,"column":15},"end":{"line":24,"column":25}},"11":{"start":{"line":27,"column":4},"end":{"line":27,"column":20}},"12":{"start":{"line":28,"column":4},"end":{"line":28,"column":50}},"13":{"start":{"line":29,"column":4},"end":{"line":29,"column":28}},"14":{"start":{"line":30,"column":4},"end":{"line":30,"column":60}},"15":{"start":{"line":34,"column":22},"end":{"line":34,"column":39}},"16":{"start":{"line":35,"column":22},"end":{"line":35,"column":39}},"17":{"start":{"line":36,"column":25},"end":{"line":36,"column":45}},"18":{"start":{"line":37,"column":22},"end":{"line":37,"column":39}},"19":{"start":{"line":38,"column":23},"end":{"line":38,"column":41}},"20":{"start":{"line":41,"column":4},"end":{"line":41,"column":38}},"21":{"start":{"line":42,"column":4},"end":{"line":42,"column":32}},"22":{"start":{"line":43,"column":4},"end":{"line":43,"column":32}},"23":{"start":{"line":44,"column":4},"end":{"line":44,"column":32}},"24":{"start":{"line":45,"column":4},"end":{"line":45,"column":33}},"25":{"start":{"line":48,"column":4},"end":{"line":48,"column":23}},"26":{"start":{"line":50,"column":4},"end":{"line":55,"column":7}},"27":{"start":{"line":51,"column":25},"end":{"line":51,"column":59}},"28":{"start":{"line":52,"column":8},"end":{"line":52,"column":30}},"29":{"start":{"line":53,"column":8},"end":{"line":53,"column":23}},"30":{"start":{"line":58,"column":4},"end":{"line":68,"column":7}},"31":{"start":{"line":59,"column":8},"end":{"line":59,"column":40}},"32":{"start":{"line":60,"column":8},"end":{"line":67,"column":11}},"33":{"start":{"line":70,"column":4},"end":{"line":70,"column":15}},"34":{"start":{"line":75,"column":0},"end":{"line":75,"column":25}}},"fnMap":{"0":{"name":"makeApp","decl":{"start":{"line":21,"column":9},"end":{"line":21,"column":16}},"loc":{"start":{"line":22,"column":0},"end":{"line":73,"column":1}},"line":22},"1":{"name":"(anonymous_1)","decl":{"start":{"line":50,"column":12},"end":{"line":50,"column":13}},"loc":{"start":{"line":50,"column":32},"end":{"line":55,"column":5}},"line":50},"2":{"name":"(anonymous_2)","decl":{"start":{"line":58,"column":12},"end":{"line":58,"column":13}},"loc":{"start":{"line":58,"column":39},"end":{"line":68,"column":5}},"line":58}},"branchMap":{"0":{"loc":{"start":{"line":59,"column":19},"end":{"line":59,"column":38}},"type":"binary-expr","locations":[{"start":{"line":59,"column":19},"end":{"line":59,"column":31}},{"start":{"line":59,"column":35},"end":{"line":59,"column":38}}],"line":59}},"s":{"0":9,"1":9,"2":9,"3":9,"4":9,"5":9,"6":9,"7":9,"8":9,"9":9,"10":51,"11":51,"12":51,"13":51,"14":51,"15":51,"16":51,"17":51,"18":51,"19":51,"20":51,"21":51,"22":51,"23":51,"24":51,"25":51,"26":51,"27":33,"28":33,"29":33,"30":51,"31":43,"32":43,"33":51,"34":9},"f":{"0":51,"1":33,"2":43},"b":{"0":[43,10]},"_coverageSchema":"1a1c01bbd47fc00a2c39e90264f33305004495a9","hash":"dc9bf557cf13edc3b55bc1aded2a971e56babcc8"}
,"C:\\Users\\Godiragetse Naane\\Documents\\School\\Semester 1\\COS 301\\Capstone\\Demo 3\\Graph-Path\\1.Website\\backend\\src\\API\\routes\\Graph.js": {"path":"C:\\Users\\Godiragetse Naane\\Documents\\School\\Semester 1\\COS 301\\Capstone\\Demo 3\\Graph-Path\\1.Website\\backend\\src\\API\\routes\\Graph.js","statementMap":{"0":{"start":{"line":1,"column":16},"end":{"line":1,"column":34}},"1":{"start":{"line":2,"column":15},"end":{"line":2,"column":31}},"2":{"start":{"line":3,"column":14},"end":{"line":3,"column":44}},"3":{"start":{"line":4,"column":17},"end":{"line":4,"column":36}},"4":{"start":{"line":5,"column":15},"end":{"line":5,"column":32}},"5":{"start":{"line":9,"column":0},"end":{"line":41,"column":3}},"6":{"start":{"line":10,"column":4},"end":{"line":15,"column":5}},"7":{"start":{"line":11,"column":8},"end":{"line":14,"column":11}},"8":{"start":{"line":17,"column":15},"end":{"line":17,"column":31}},"9":{"start":{"line":18,"column":4},"end":{"line":40,"column":11}},"10":{"start":{"line":22,"column":12},"end":{"line":32,"column":13}},"11":{"start":{"line":23,"column":16},"end":{"line":26,"column":19}},"12":{"start":{"line":28,"column":16},"end":{"line":31,"column":19}},"13":{"start":{"line":35,"column":11},"end":{"line":35,"column":72}},"14":{"start":{"line":36,"column":11},"end":{"line":39,"column":14}},"15":{"start":{"line":44,"column":4},"end":{"line":65,"column":7}},"16":{"start":{"line":45,"column":19},"end":{"line":45,"column":27}},"17":{"start":{"line":46,"column":19},"end":{"line":46,"column":48}},"18":{"start":{"line":47,"column":8},"end":{"line":47,"column":26}},"19":{"start":{"line":49,"column":8},"end":{"line":62,"column":15}},"20":{"start":{"line":51,"column":16},"end":{"line":54,"column":20}},"21":{"start":{"line":57,"column":16},"end":{"line":57,"column":60}},"22":{"start":{"line":58,"column":16},"end":{"line":61,"column":19}},"23":{"start":{"line":68,"column":4},"end":{"line":93,"column":7}},"24":{"start":{"line":69,"column":8},"end":{"line":74,"column":9}},"25":{"start":{"line":70,"column":12},"end":{"line":73,"column":15}},"26":{"start":{"line":75,"column":19},"end":{"line":75,"column":35}},"27":{"start":{"line":76,"column":8},"end":{"line":91,"column":15}},"28":{"start":{"line":80,"column":16},"end":{"line":83,"column":19}},"29":{"start":{"line":86,"column":16},"end":{"line":86,"column":60}},"30":{"start":{"line":87,"column":16},"end":{"line":90,"column":19}},"31":{"start":{"line":100,"column":4},"end":{"line":100,"column":18}},"32":{"start":{"line":102,"column":0},"end":{"line":102,"column":32}}},"fnMap":{"0":{"name":"makeGraphRoute","decl":{"start":{"line":7,"column":9},"end":{"line":7,"column":23}},"loc":{"start":{"line":7,"column":28},"end":{"line":101,"column":1}},"line":7},"1":{"name":"(anonymous_1)","decl":{"start":{"line":9,"column":32},"end":{"line":9,"column":33}},"loc":{"start":{"line":9,"column":48},"end":{"line":41,"column":1}},"line":9},"2":{"name":"(anonymous_2)","decl":{"start":{"line":21,"column":14},"end":{"line":21,"column":15}},"loc":{"start":{"line":21,"column":28},"end":{"line":33,"column":9}},"line":21},"3":{"name":"(anonymous_3)","decl":{"start":{"line":34,"column":15},"end":{"line":34,"column":16}},"loc":{"start":{"line":34,"column":20},"end":{"line":40,"column":9}},"line":34},"4":{"name":"(anonymous_4)","decl":{"start":{"line":44,"column":28},"end":{"line":44,"column":29}},"loc":{"start":{"line":44,"column":46},"end":{"line":65,"column":5}},"line":44},"5":{"name":"(anonymous_5)","decl":{"start":{"line":50,"column":18},"end":{"line":50,"column":19}},"loc":{"start":{"line":50,"column":28},"end":{"line":55,"column":13}},"line":50},"6":{"name":"(anonymous_6)","decl":{"start":{"line":56,"column":19},"end":{"line":56,"column":20}},"loc":{"start":{"line":56,"column":24},"end":{"line":62,"column":13}},"line":56},"7":{"name":"(anonymous_7)","decl":{"start":{"line":68,"column":42},"end":{"line":68,"column":43}},"loc":{"start":{"line":68,"column":60},"end":{"line":93,"column":5}},"line":68},"8":{"name":"(anonymous_8)","decl":{"start":{"line":79,"column":18},"end":{"line":79,"column":19}},"loc":{"start":{"line":79,"column":26},"end":{"line":84,"column":13}},"line":79},"9":{"name":"(anonymous_9)","decl":{"start":{"line":85,"column":19},"end":{"line":85,"column":20}},"loc":{"start":{"line":85,"column":24},"end":{"line":91,"column":13}},"line":85}},"branchMap":{"0":{"loc":{"start":{"line":10,"column":4},"end":{"line":15,"column":5}},"type":"if","locations":[{"start":{"line":10,"column":4},"end":{"line":15,"column":5}},{"start":{"line":10,"column":4},"end":{"line":15,"column":5}}],"line":10},"1":{"loc":{"start":{"line":10,"column":7},"end":{"line":10,"column":64}},"type":"binary-expr","locations":[{"start":{"line":10,"column":7},"end":{"line":10,"column":36}},{"start":{"line":10,"column":40},"end":{"line":10,"column":64}}],"line":10},"2":{"loc":{"start":{"line":22,"column":12},"end":{"line":32,"column":13}},"type":"if","locations":[{"start":{"line":22,"column":12},"end":{"line":32,"column":13}},{"start":{"line":22,"column":12},"end":{"line":32,"column":13}}],"line":22},"3":{"loc":{"start":{"line":69,"column":8},"end":{"line":74,"column":9}},"type":"if","locations":[{"start":{"line":69,"column":8},"end":{"line":74,"column":9}},{"start":{"line":69,"column":8},"end":{"line":74,"column":9}}],"line":69},"4":{"loc":{"start":{"line":69,"column":11},"end":{"line":69,"column":68}},"type":"binary-expr","locations":[{"start":{"line":69,"column":11},"end":{"line":69,"column":40}},{"start":{"line":69,"column":44},"end":{"line":69,"column":68}}],"line":69}},"s":{"0":9,"1":9,"2":9,"3":9,"4":9,"5":51,"6":0,"7":0,"8":0,"9":0,"10":0,"11":0,"12":0,"13":0,"14":0,"15":51,"16":0,"17":0,"18":0,"19":0,"20":0,"21":0,"22":0,"23":51,"24":0,"25":0,"26":0,"27":0,"28":0,"29":0,"30":0,"31":51,"32":9},"f":{"0":51,"1":0,"2":0,"3":0,"4":0,"5":0,"6":0,"7":0,"8":0,"9":0},"b":{"0":[0,0],"1":[0,0],"2":[0,0],"3":[0,0],"4":[0,0]},"_coverageSchema":"1a1c01bbd47fc00a2c39e90264f33305004495a9","hash":"9d97820e63cbfd87a7edcd4c344922cfeb758359"}
,"C:\\Users\\Godiragetse Naane\\Documents\\School\\Semester 1\\COS 301\\Capstone\\Demo 3\\Graph-Path\\1.Website\\backend\\src\\API\\routes\\Home.js": {"path":"C:\\Users\\Godiragetse Naane\\Documents\\School\\Semester 1\\COS 301\\Capstone\\Demo 3\\Graph-Path\\1.Website\\backend\\src\\API\\routes\\Home.js","statementMap":{"0":{"start":{"line":1,"column":13},"end":{"line":1,"column":28}},"1":{"start":{"line":2,"column":16},"end":{"line":2,"column":34}},"2":{"start":{"line":3,"column":15},"end":{"line":3,"column":31}},"3":{"start":{"line":18,"column":0},"end":{"line":22,"column":4}},"4":{"start":{"line":19,"column":4},"end":{"line":19,"column":31}},"5":{"start":{"line":20,"column":4},"end":{"line":20,"column":69}},"6":{"start":{"line":25,"column":0},"end":{"line":25,"column":26}}},"fnMap":{"0":{"name":"(anonymous_0)","decl":{"start":{"line":18,"column":15},"end":{"line":18,"column":16}},"loc":{"start":{"line":18,"column":26},"end":{"line":22,"column":1}},"line":18}},"branchMap":{},"s":{"0":9,"1":9,"2":9,"3":9,"4":0,"5":0,"6":9},"f":{"0":0},"b":{},"_coverageSchema":"1a1c01bbd47fc00a2c39e90264f33305004495a9","hash":"42e86a5cdf9366691f7f3e07b7bd09f6e23b7c0b"}
,"C:\\Users\\Godiragetse Naane\\Documents\\School\\Semester 1\\COS 301\\Capstone\\Demo 3\\Graph-Path\\1.Website\\backend\\src\\API\\routes\\Node.js": {"path":"C:\\Users\\Godiragetse Naane\\Documents\\School\\Semester 1\\COS 301\\Capstone\\Demo 3\\Graph-Path\\1.Website\\backend\\src\\API\\routes\\Node.js","statementMap":{"0":{"start":{"line":1,"column":16},"end":{"line":1,"column":34}},"1":{"start":{"line":2,"column":15},"end":{"line":2,"column":31}},"2":{"start":{"line":3,"column":14},"end":{"line":3,"column":44}},"3":{"start":{"line":4,"column":17},"end":{"line":4,"column":36}},"4":{"start":{"line":5,"column":15},"end":{"line":5,"column":32}},"5":{"start":{"line":10,"column":4},"end":{"line":29,"column":6}},"6":{"start":{"line":11,"column":19},"end":{"line":11,"column":40}},"7":{"start":{"line":12,"column":20},"end":{"line":12,"column":40}},"8":{"start":{"line":15,"column":8},"end":{"line":27,"column":15}},"9":{"start":{"line":23,"column":16},"end":{"line":23,"column":31}},"10":{"start":{"line":26,"column":16},"end":{"line":26,"column":86}},"11":{"start":{"line":33,"column":4},"end":{"line":56,"column":6}},"12":{"start":{"line":35,"column":19},"end":{"line":35,"column":27}},"13":{"start":{"line":36,"column":19},"end":{"line":36,"column":48}},"14":{"start":{"line":37,"column":8},"end":{"line":37,"column":25}},"15":{"start":{"line":38,"column":8},"end":{"line":53,"column":15}},"16":{"start":{"line":40,"column":16},"end":{"line":40,"column":48}},"17":{"start":{"line":41,"column":16},"end":{"line":44,"column":19}},"18":{"start":{"line":46,"column":16},"end":{"line":46,"column":45}},"19":{"start":{"line":47,"column":16},"end":{"line":49,"column":19}},"20":{"start":{"line":52,"column":16},"end":{"line":52,"column":47}},"21":{"start":{"line":59,"column":4},"end":{"line":81,"column":6}},"22":{"start":{"line":61,"column":19},"end":{"line":61,"column":35}},"23":{"start":{"line":62,"column":20},"end":{"line":62,"column":35}},"24":{"start":{"line":66,"column":8},"end":{"line":78,"column":15}},"25":{"start":{"line":71,"column":16},"end":{"line":74,"column":19}},"26":{"start":{"line":77,"column":16},"end":{"line":77,"column":61}},"27":{"start":{"line":84,"column":4},"end":{"line":111,"column":7}},"28":{"start":{"line":85,"column":19},"end":{"line":85,"column":37}},"29":{"start":{"line":86,"column":20},"end":{"line":86,"column":37}},"30":{"start":{"line":87,"column":22},"end":{"line":87,"column":44}},"31":{"start":{"line":88,"column":8},"end":{"line":109,"column":10}},"32":{"start":{"line":95,"column":12},"end":{"line":107,"column":13}},"33":{"start":{"line":96,"column":16},"end":{"line":96,"column":90}},"34":{"start":{"line":97,"column":16},"end":{"line":100,"column":19}},"35":{"start":{"line":102,"column":16},"end":{"line":102,"column":103}},"36":{"start":{"line":103,"column":16},"end":{"line":106,"column":19}},"37":{"start":{"line":113,"column":4},"end":{"line":113,"column":18}},"38":{"start":{"line":116,"column":0},"end":{"line":116,"column":30}}},"fnMap":{"0":{"name":"makeNodeRoute","decl":{"start":{"line":8,"column":10},"end":{"line":8,"column":23}},"loc":{"start":{"line":8,"column":28},"end":{"line":114,"column":1}},"line":8},"1":{"name":"(anonymous_1)","decl":{"start":{"line":10,"column":42},"end":{"line":10,"column":43}},"loc":{"start":{"line":10,"column":62},"end":{"line":29,"column":5}},"line":10},"2":{"name":"(anonymous_2)","decl":{"start":{"line":21,"column":18},"end":{"line":21,"column":19}},"loc":{"start":{"line":21,"column":28},"end":{"line":24,"column":13}},"line":21},"3":{"name":"(anonymous_3)","decl":{"start":{"line":25,"column":19},"end":{"line":25,"column":20}},"loc":{"start":{"line":25,"column":26},"end":{"line":27,"column":13}},"line":25},"4":{"name":"(anonymous_4)","decl":{"start":{"line":33,"column":31},"end":{"line":33,"column":32}},"loc":{"start":{"line":33,"column":51},"end":{"line":56,"column":5}},"line":33},"5":{"name":"(anonymous_5)","decl":{"start":{"line":39,"column":18},"end":{"line":39,"column":19}},"loc":{"start":{"line":39,"column":27},"end":{"line":45,"column":13}},"line":39},"6":{"name":"(anonymous_6)","decl":{"start":{"line":45,"column":15},"end":{"line":45,"column":16}},"loc":{"start":{"line":45,"column":24},"end":{"line":50,"column":13}},"line":45},"7":{"name":"(anonymous_7)","decl":{"start":{"line":51,"column":19},"end":{"line":51,"column":20}},"loc":{"start":{"line":51,"column":26},"end":{"line":53,"column":13}},"line":51},"8":{"name":"(anonymous_8)","decl":{"start":{"line":59,"column":48},"end":{"line":59,"column":49}},"loc":{"start":{"line":59,"column":68},"end":{"line":81,"column":5}},"line":59},"9":{"name":"(anonymous_9)","decl":{"start":{"line":70,"column":18},"end":{"line":70,"column":19}},"loc":{"start":{"line":70,"column":28},"end":{"line":75,"column":13}},"line":70},"10":{"name":"(anonymous_10)","decl":{"start":{"line":76,"column":19},"end":{"line":76,"column":20}},"loc":{"start":{"line":76,"column":26},"end":{"line":78,"column":13}},"line":76},"11":{"name":"(anonymous_11)","decl":{"start":{"line":84,"column":77},"end":{"line":84,"column":78}},"loc":{"start":{"line":84,"column":97},"end":{"line":111,"column":5}},"line":84},"12":{"name":"(anonymous_12)","decl":{"start":{"line":93,"column":11},"end":{"line":93,"column":12}},"loc":{"start":{"line":93,"column":28},"end":{"line":109,"column":9}},"line":93}},"branchMap":{"0":{"loc":{"start":{"line":95,"column":12},"end":{"line":107,"column":13}},"type":"if","locations":[{"start":{"line":95,"column":12},"end":{"line":107,"column":13}},{"start":{"line":95,"column":12},"end":{"line":107,"column":13}}],"line":95}},"s":{"0":9,"1":9,"2":9,"3":9,"4":9,"5":51,"6":0,"7":0,"8":0,"9":0,"10":0,"11":51,"12":0,"13":0,"14":0,"15":0,"16":0,"17":0,"18":0,"19":0,"20":0,"21":51,"22":0,"23":0,"24":0,"25":0,"26":0,"27":51,"28":0,"29":0,"30":0,"31":0,"32":0,"33":0,"34":0,"35":0,"36":0,"37":51,"38":9},"f":{"0":51,"1":0,"2":0,"3":0,"4":0,"5":0,"6":0,"7":0,"8":0,"9":0,"10":0,"11":0,"12":0},"b":{"0":[0,0]},"_coverageSchema":"1a1c01bbd47fc00a2c39e90264f33305004495a9","hash":"b8964433811e6c3d01888043aebd979fd771a3e5"}
,"C:\\Users\\Godiragetse Naane\\Documents\\School\\Semester 1\\COS 301\\Capstone\\Demo 3\\Graph-Path\\1.Website\\backend\\src\\API\\routes\\Project.js": {"path":"C:\\Users\\Godiragetse Naane\\Documents\\School\\Semester 1\\COS 301\\Capstone\\Demo 3\\Graph-Path\\1.Website\\backend\\src\\API\\routes\\Project.js","statementMap":{"0":{"start":{"line":1,"column":16},"end":{"line":1,"column":34}},"1":{"start":{"line":2,"column":20},"end":{"line":2,"column":56}},"2":{"start":{"line":3,"column":17},"end":{"line":3,"column":36}},"3":{"start":{"line":4,"column":16},"end":{"line":4,"column":45}},"4":{"start":{"line":5,"column":15},"end":{"line":5,"column":31}},"5":{"start":{"line":6,"column":17},"end":{"line":6,"column":44}},"6":{"start":{"line":7,"column":30},"end":{"line":7,"column":77}},"7":{"start":{"line":8,"column":20},"end":{"line":8,"column":56}},"8":{"start":{"line":9,"column":19},"end":{"line":9,"column":47}},"9":{"start":{"line":14,"column":4},"end":{"line":40,"column":6}},"10":{"start":{"line":16,"column":26},"end":{"line":16,"column":39}},"11":{"start":{"line":17,"column":8},"end":{"line":39,"column":10}},"12":{"start":{"line":18,"column":26},"end":{"line":18,"column":39}},"13":{"start":{"line":20,"column":12},"end":{"line":34,"column":13}},"14":{"start":{"line":22,"column":16},"end":{"line":25,"column":18}},"15":{"start":{"line":30,"column":16},"end":{"line":33,"column":18}},"16":{"start":{"line":41,"column":4},"end":{"line":106,"column":6}},"17":{"start":{"line":43,"column":26},"end":{"line":43,"column":39}},"18":{"start":{"line":44,"column":8},"end":{"line":103,"column":14}},"19":{"start":{"line":48,"column":16},"end":{"line":48,"column":67}},"20":{"start":{"line":50,"column":35},"end":{"line":50,"column":64}},"21":{"start":{"line":51,"column":16},"end":{"line":97,"column":17}},"22":{"start":{"line":53,"column":20},"end":{"line":56,"column":22}},"23":{"start":{"line":62,"column":20},"end":{"line":93,"column":27}},"24":{"start":{"line":63,"column":24},"end":{"line":85,"column":25}},"25":{"start":{"line":65,"column":28},"end":{"line":68,"column":30}},"26":{"start":{"line":71,"column":29},"end":{"line":85,"column":25}},"27":{"start":{"line":73,"column":28},"end":{"line":76,"column":30}},"28":{"start":{"line":81,"column":28},"end":{"line":84,"column":30}},"29":{"start":{"line":89,"column":28},"end":{"line":92,"column":30}},"30":{"start":{"line":107,"column":4},"end":{"line":126,"column":7}},"31":{"start":{"line":110,"column":8},"end":{"line":124,"column":14}},"32":{"start":{"line":112,"column":16},"end":{"line":112,"column":44}},"33":{"start":{"line":113,"column":16},"end":{"line":115,"column":19}},"34":{"start":{"line":117,"column":16},"end":{"line":117,"column":45}},"35":{"start":{"line":118,"column":16},"end":{"line":120,"column":19}},"36":{"start":{"line":123,"column":16},"end":{"line":123,"column":47}},"37":{"start":{"line":128,"column":4},"end":{"line":151,"column":6}},"38":{"start":{"line":130,"column":8},"end":{"line":149,"column":14}},"39":{"start":{"line":132,"column":16},"end":{"line":142,"column":17}},"40":{"start":{"line":133,"column":20},"end":{"line":136,"column":22}},"41":{"start":{"line":138,"column":20},"end":{"line":141,"column":22}},"42":{"start":{"line":146,"column":16},"end":{"line":148,"column":18}},"43":{"start":{"line":153,"column":4},"end":{"line":185,"column":6}},"44":{"start":{"line":156,"column":17},"end":{"line":156,"column":33}},"45":{"start":{"line":158,"column":8},"end":{"line":183,"column":14}},"46":{"start":{"line":161,"column":16},"end":{"line":175,"column":17}},"47":{"start":{"line":163,"column":20},"end":{"line":166,"column":22}},"48":{"start":{"line":171,"column":20},"end":{"line":174,"column":22}},"49":{"start":{"line":178,"column":16},"end":{"line":182,"column":19}},"50":{"start":{"line":187,"column":4},"end":{"line":221,"column":8}},"51":{"start":{"line":189,"column":17},"end":{"line":189,"column":30}},"52":{"start":{"line":190,"column":8},"end":{"line":195,"column":9}},"53":{"start":{"line":192,"column":12},"end":{"line":194,"column":14}},"54":{"start":{"line":196,"column":8},"end":{"line":220,"column":14}},"55":{"start":{"line":198,"column":16},"end":{"line":212,"column":17}},"56":{"start":{"line":199,"column":20},"end":{"line":201,"column":22}},"57":{"start":{"line":203,"column":22},"end":{"line":212,"column":17}},"58":{"start":{"line":204,"column":20},"end":{"line":207,"column":22}},"59":{"start":{"line":209,"column":20},"end":{"line":211,"column":22}},"60":{"start":{"line":216,"column":16},"end":{"line":219,"column":18}},"61":{"start":{"line":223,"column":4},"end":{"line":234,"column":6}},"62":{"start":{"line":226,"column":8},"end":{"line":226,"column":60}},"63":{"start":{"line":227,"column":8},"end":{"line":233,"column":10}},"64":{"start":{"line":238,"column":4},"end":{"line":270,"column":7}},"65":{"start":{"line":239,"column":8},"end":{"line":243,"column":9}},"66":{"start":{"line":240,"column":12},"end":{"line":242,"column":15}},"67":{"start":{"line":244,"column":8},"end":{"line":269,"column":9}},"68":{"start":{"line":245,"column":12},"end":{"line":245,"column":42}},"69":{"start":{"line":246,"column":12},"end":{"line":248,"column":14}},"70":{"start":{"line":252,"column":23},"end":{"line":252,"column":31}},"71":{"start":{"line":253,"column":23},"end":{"line":253,"column":52}},"72":{"start":{"line":254,"column":12},"end":{"line":254,"column":29}},"73":{"start":{"line":255,"column":12},"end":{"line":266,"column":18}},"74":{"start":{"line":257,"column":20},"end":{"line":260,"column":22}},"75":{"start":{"line":263,"column":20},"end":{"line":265,"column":22}},"76":{"start":{"line":271,"column":4},"end":{"line":302,"column":7}},"77":{"start":{"line":272,"column":17},"end":{"line":272,"column":28}},"78":{"start":{"line":273,"column":28},"end":{"line":273,"column":49}},"79":{"start":{"line":289,"column":8},"end":{"line":299,"column":14}},"80":{"start":{"line":292,"column":15},"end":{"line":292,"column":28}},"81":{"start":{"line":295,"column":16},"end":{"line":298,"column":18}},"82":{"start":{"line":324,"column":0},"end":{"line":346,"column":2}},"83":{"start":{"line":325,"column":13},"end":{"line":325,"column":26}},"84":{"start":{"line":328,"column":4},"end":{"line":345,"column":10}},"85":{"start":{"line":330,"column":12},"end":{"line":338,"column":13}},"86":{"start":{"line":331,"column":16},"end":{"line":333,"column":19}},"87":{"start":{"line":335,"column":16},"end":{"line":337,"column":19}},"88":{"start":{"line":342,"column":12},"end":{"line":344,"column":14}},"89":{"start":{"line":349,"column":0},"end":{"line":374,"column":3}},"90":{"start":{"line":350,"column":13},"end":{"line":350,"column":26}},"91":{"start":{"line":351,"column":15},"end":{"line":351,"column":31}},"92":{"start":{"line":352,"column":16},"end":{"line":352,"column":32}},"93":{"start":{"line":357,"column":4},"end":{"line":373,"column":7}},"94":{"start":{"line":359,"column":12},"end":{"line":367,"column":13}},"95":{"start":{"line":360,"column":16},"end":{"line":362,"column":18}},"96":{"start":{"line":364,"column":16},"end":{"line":366,"column":18}},"97":{"start":{"line":370,"column":7},"end":{"line":372,"column":9}},"98":{"start":{"line":376,"column":0},"end":{"line":406,"column":3}},"99":{"start":{"line":377,"column":13},"end":{"line":377,"column":26}},"100":{"start":{"line":378,"column":15},"end":{"line":378,"column":38}},"101":{"start":{"line":380,"column":4},"end":{"line":405,"column":7}},"102":{"start":{"line":383,"column":12},"end":{"line":399,"column":13}},"103":{"start":{"line":384,"column":16},"end":{"line":386,"column":18}},"104":{"start":{"line":387,"column":18},"end":{"line":399,"column":13}},"105":{"start":{"line":388,"column":16},"end":{"line":390,"column":18}},"106":{"start":{"line":391,"column":18},"end":{"line":399,"column":13}},"107":{"start":{"line":392,"column":16},"end":{"line":394,"column":18}},"108":{"start":{"line":396,"column":16},"end":{"line":398,"column":18}},"109":{"start":{"line":402,"column":8},"end":{"line":404,"column":10}},"110":{"start":{"line":408,"column":4},"end":{"line":429,"column":7}},"111":{"start":{"line":409,"column":17},"end":{"line":409,"column":30}},"112":{"start":{"line":410,"column":19},"end":{"line":410,"column":35}},"113":{"start":{"line":411,"column":8},"end":{"line":428,"column":14}},"114":{"start":{"line":413,"column":16},"end":{"line":421,"column":17}},"115":{"start":{"line":414,"column":20},"end":{"line":416,"column":22}},"116":{"start":{"line":418,"column":20},"end":{"line":420,"column":22}},"117":{"start":{"line":424,"column":16},"end":{"line":427,"column":18}},"118":{"start":{"line":433,"column":0},"end":{"line":492,"column":3}},"119":{"start":{"line":434,"column":15},"end":{"line":434,"column":28}},"120":{"start":{"line":435,"column":16},"end":{"line":435,"column":36}},"121":{"start":{"line":436,"column":16},"end":{"line":436,"column":32}},"122":{"start":{"line":437,"column":16},"end":{"line":437,"column":34}},"123":{"start":{"line":438,"column":16},"end":{"line":438,"column":30}},"124":{"start":{"line":439,"column":16},"end":{"line":439,"column":30}},"125":{"start":{"line":441,"column":23},"end":{"line":441,"column":44}},"126":{"start":{"line":443,"column":4},"end":{"line":471,"column":5}},"127":{"start":{"line":444,"column":8},"end":{"line":446,"column":10}},"128":{"start":{"line":447,"column":10},"end":{"line":471,"column":5}},"129":{"start":{"line":448,"column":8},"end":{"line":450,"column":10}},"130":{"start":{"line":451,"column":10},"end":{"line":471,"column":5}},"131":{"start":{"line":452,"column":8},"end":{"line":454,"column":10}},"132":{"start":{"line":455,"column":10},"end":{"line":471,"column":5}},"133":{"start":{"line":456,"column":8},"end":{"line":458,"column":10}},"134":{"start":{"line":459,"column":10},"end":{"line":471,"column":5}},"135":{"start":{"line":460,"column":8},"end":{"line":462,"column":10}},"136":{"start":{"line":463,"column":10},"end":{"line":471,"column":5}},"137":{"start":{"line":464,"column":8},"end":{"line":466,"column":10}},"138":{"start":{"line":467,"column":10},"end":{"line":471,"column":5}},"139":{"start":{"line":468,"column":8},"end":{"line":470,"column":10}},"140":{"start":{"line":473,"column":4},"end":{"line":491,"column":10}},"141":{"start":{"line":475,"column":12},"end":{"line":483,"column":13}},"142":{"start":{"line":476,"column":16},"end":{"line":478,"column":18}},"143":{"start":{"line":480,"column":16},"end":{"line":482,"column":18}},"144":{"start":{"line":487,"column":12},"end":{"line":490,"column":14}},"145":{"start":{"line":494,"column":0},"end":{"line":525,"column":3}},"146":{"start":{"line":495,"column":17},"end":{"line":495,"column":30}},"147":{"start":{"line":496,"column":14},"end":{"line":496,"column":30}},"148":{"start":{"line":497,"column":4},"end":{"line":521,"column":6}},"149":{"start":{"line":507,"column":8},"end":{"line":519,"column":9}},"150":{"start":{"line":508,"column":12},"end":{"line":508,"column":68}},"151":{"start":{"line":509,"column":12},"end":{"line":512,"column":16}},"152":{"start":{"line":515,"column":12},"end":{"line":518,"column":15}},"153":{"start":{"line":527,"column":0},"end":{"line":564,"column":3}},"154":{"start":{"line":528,"column":13},"end":{"line":528,"column":26}},"155":{"start":{"line":529,"column":15},"end":{"line":529,"column":31}},"156":{"start":{"line":530,"column":4},"end":{"line":538,"column":5}},"157":{"start":{"line":531,"column":8},"end":{"line":533,"column":10}},"158":{"start":{"line":534,"column":10},"end":{"line":538,"column":5}},"159":{"start":{"line":535,"column":8},"end":{"line":537,"column":10}},"160":{"start":{"line":540,"column":4},"end":{"line":562,"column":10}},"161":{"start":{"line":542,"column":12},"end":{"line":554,"column":13}},"162":{"start":{"line":543,"column":16},"end":{"line":545,"column":18}},"163":{"start":{"line":546,"column":18},"end":{"line":554,"column":13}},"164":{"start":{"line":547,"column":16},"end":{"line":549,"column":18}},"165":{"start":{"line":551,"column":16},"end":{"line":553,"column":18}},"166":{"start":{"line":558,"column":12},"end":{"line":561,"column":14}},"167":{"start":{"line":566,"column":0},"end":{"line":604,"column":2}},"168":{"start":{"line":567,"column":20},"end":{"line":567,"column":40}},"169":{"start":{"line":568,"column":18},"end":{"line":568,"column":32}},"170":{"start":{"line":569,"column":19},"end":{"line":569,"column":34}},"171":{"start":{"line":571,"column":4},"end":{"line":571,"column":58}},"172":{"start":{"line":572,"column":4},"end":{"line":576,"column":5}},"173":{"start":{"line":573,"column":8},"end":{"line":575,"column":10}},"174":{"start":{"line":578,"column":4},"end":{"line":603,"column":8}},"175":{"start":{"line":585,"column":8},"end":{"line":590,"column":9}},"176":{"start":{"line":586,"column":12},"end":{"line":586,"column":36}},"177":{"start":{"line":587,"column":12},"end":{"line":589,"column":16}},"178":{"start":{"line":591,"column":8},"end":{"line":591,"column":67}},"179":{"start":{"line":592,"column":8},"end":{"line":602,"column":9}},"180":{"start":{"line":593,"column":12},"end":{"line":596,"column":14}},"181":{"start":{"line":599,"column":12},"end":{"line":601,"column":16}},"182":{"start":{"line":609,"column":1},"end":{"line":609,"column":15}},"183":{"start":{"line":614,"column":0},"end":{"line":614,"column":34}}},"fnMap":{"0":{"name":"makeProjectRoute","decl":{"start":{"line":11,"column":9},"end":{"line":11,"column":25}},"loc":{"start":{"line":11,"column":30},"end":{"line":610,"column":1}},"line":11},"1":{"name":"(anonymous_1)","decl":{"start":{"line":14,"column":32},"end":{"line":14,"column":33}},"loc":{"start":{"line":14,"column":43},"end":{"line":40,"column":5}},"line":14},"2":{"name":"(anonymous_2)","decl":{"start":{"line":17,"column":64},"end":{"line":17,"column":65}},"loc":{"start":{"line":17,"column":75},"end":{"line":39,"column":9}},"line":17},"3":{"name":"(anonymous_3)","decl":{"start":{"line":41,"column":43},"end":{"line":41,"column":44}},"loc":{"start":{"line":41,"column":54},"end":{"line":106,"column":5}},"line":41},"4":{"name":"(anonymous_4)","decl":{"start":{"line":46,"column":18},"end":{"line":46,"column":19}},"loc":{"start":{"line":46,"column":29},"end":{"line":100,"column":13}},"line":46},"5":{"name":"(anonymous_5)","decl":{"start":{"line":48,"column":60},"end":{"line":48,"column":61}},"loc":{"start":{"line":48,"column":64},"end":{"line":48,"column":66}},"line":48},"6":{"name":"(anonymous_6)","decl":{"start":{"line":62,"column":63},"end":{"line":62,"column":64}},"loc":{"start":{"line":62,"column":75},"end":{"line":87,"column":20}},"line":62},"7":{"name":"(anonymous_7)","decl":{"start":{"line":88,"column":31},"end":{"line":88,"column":32}},"loc":{"start":{"line":88,"column":38},"end":{"line":93,"column":25}},"line":88},"8":{"name":"(anonymous_8)","decl":{"start":{"line":101,"column":19},"end":{"line":101,"column":20}},"loc":{"start":{"line":101,"column":26},"end":{"line":103,"column":13}},"line":101},"9":{"name":"(anonymous_9)","decl":{"start":{"line":107,"column":24},"end":{"line":107,"column":25}},"loc":{"start":{"line":107,"column":44},"end":{"line":126,"column":5}},"line":107},"10":{"name":"(anonymous_10)","decl":{"start":{"line":111,"column":18},"end":{"line":111,"column":19}},"loc":{"start":{"line":111,"column":27},"end":{"line":116,"column":13}},"line":111},"11":{"name":"(anonymous_11)","decl":{"start":{"line":116,"column":15},"end":{"line":116,"column":16}},"loc":{"start":{"line":116,"column":24},"end":{"line":121,"column":13}},"line":116},"12":{"name":"(anonymous_12)","decl":{"start":{"line":122,"column":19},"end":{"line":122,"column":20}},"loc":{"start":{"line":122,"column":26},"end":{"line":124,"column":13}},"line":122},"13":{"name":"(anonymous_13)","decl":{"start":{"line":128,"column":24},"end":{"line":128,"column":25}},"loc":{"start":{"line":128,"column":44},"end":{"line":151,"column":5}},"line":128},"14":{"name":"(anonymous_14)","decl":{"start":{"line":131,"column":18},"end":{"line":131,"column":19}},"loc":{"start":{"line":131,"column":27},"end":{"line":144,"column":17}},"line":131},"15":{"name":"(anonymous_15)","decl":{"start":{"line":145,"column":19},"end":{"line":145,"column":20}},"loc":{"start":{"line":145,"column":26},"end":{"line":149,"column":13}},"line":145},"16":{"name":"(anonymous_16)","decl":{"start":{"line":153,"column":52},"end":{"line":153,"column":53}},"loc":{"start":{"line":153,"column":72},"end":{"line":185,"column":5}},"line":153},"17":{"name":"(anonymous_17)","decl":{"start":{"line":159,"column":18},"end":{"line":159,"column":19}},"loc":{"start":{"line":159,"column":23},"end":{"line":176,"column":13}},"line":159},"18":{"name":"(anonymous_18)","decl":{"start":{"line":177,"column":19},"end":{"line":177,"column":20}},"loc":{"start":{"line":177,"column":26},"end":{"line":183,"column":13}},"line":177},"19":{"name":"(anonymous_19)","decl":{"start":{"line":187,"column":37},"end":{"line":187,"column":38}},"loc":{"start":{"line":187,"column":53},"end":{"line":221,"column":5}},"line":187},"20":{"name":"(anonymous_20)","decl":{"start":{"line":197,"column":18},"end":{"line":197,"column":19}},"loc":{"start":{"line":197,"column":23},"end":{"line":214,"column":13}},"line":197},"21":{"name":"(anonymous_21)","decl":{"start":{"line":215,"column":19},"end":{"line":215,"column":20}},"loc":{"start":{"line":215,"column":24},"end":{"line":220,"column":13}},"line":215},"22":{"name":"(anonymous_22)","decl":{"start":{"line":223,"column":33},"end":{"line":223,"column":34}},"loc":{"start":{"line":223,"column":44},"end":{"line":234,"column":5}},"line":223},"23":{"name":"(anonymous_23)","decl":{"start":{"line":238,"column":32},"end":{"line":238,"column":33}},"loc":{"start":{"line":238,"column":52},"end":{"line":270,"column":5}},"line":238},"24":{"name":"(anonymous_24)","decl":{"start":{"line":256,"column":22},"end":{"line":256,"column":23}},"loc":{"start":{"line":256,"column":27},"end":{"line":261,"column":17}},"line":256},"25":{"name":"(anonymous_25)","decl":{"start":{"line":262,"column":23},"end":{"line":262,"column":24}},"loc":{"start":{"line":262,"column":28},"end":{"line":266,"column":17}},"line":262},"26":{"name":"(anonymous_26)","decl":{"start":{"line":271,"column":44},"end":{"line":271,"column":45}},"loc":{"start":{"line":271,"column":62},"end":{"line":302,"column":5}},"line":271},"27":{"name":"(anonymous_27)","decl":{"start":{"line":290,"column":18},"end":{"line":290,"column":19}},"loc":{"start":{"line":290,"column":25},"end":{"line":293,"column":13}},"line":290},"28":{"name":"(anonymous_28)","decl":{"start":{"line":294,"column":19},"end":{"line":294,"column":20}},"loc":{"start":{"line":294,"column":26},"end":{"line":299,"column":13}},"line":294},"29":{"name":"(anonymous_29)","decl":{"start":{"line":324,"column":35},"end":{"line":324,"column":36}},"loc":{"start":{"line":324,"column":46},"end":{"line":346,"column":1}},"line":324},"30":{"name":"(anonymous_30)","decl":{"start":{"line":329,"column":14},"end":{"line":329,"column":15}},"loc":{"start":{"line":329,"column":20},"end":{"line":340,"column":9}},"line":329},"31":{"name":"(anonymous_31)","decl":{"start":{"line":341,"column":15},"end":{"line":341,"column":16}},"loc":{"start":{"line":341,"column":20},"end":{"line":345,"column":9}},"line":341},"32":{"name":"(anonymous_32)","decl":{"start":{"line":349,"column":46},"end":{"line":349,"column":47}},"loc":{"start":{"line":349,"column":64},"end":{"line":374,"column":1}},"line":349},"33":{"name":"(anonymous_33)","decl":{"start":{"line":358,"column":10},"end":{"line":358,"column":11}},"loc":{"start":{"line":358,"column":15},"end":{"line":368,"column":9}},"line":358},"34":{"name":"(anonymous_34)","decl":{"start":{"line":369,"column":11},"end":{"line":369,"column":12}},"loc":{"start":{"line":369,"column":18},"end":{"line":373,"column":6}},"line":369},"35":{"name":"(anonymous_35)","decl":{"start":{"line":376,"column":59},"end":{"line":376,"column":60}},"loc":{"start":{"line":376,"column":77},"end":{"line":406,"column":1}},"line":376},"36":{"name":"(anonymous_36)","decl":{"start":{"line":382,"column":14},"end":{"line":382,"column":15}},"loc":{"start":{"line":382,"column":19},"end":{"line":400,"column":9}},"line":382},"37":{"name":"(anonymous_37)","decl":{"start":{"line":401,"column":11},"end":{"line":401,"column":12}},"loc":{"start":{"line":401,"column":18},"end":{"line":405,"column":6}},"line":401},"38":{"name":"(anonymous_38)","decl":{"start":{"line":408,"column":51},"end":{"line":408,"column":52}},"loc":{"start":{"line":408,"column":69},"end":{"line":429,"column":5}},"line":408},"39":{"name":"(anonymous_39)","decl":{"start":{"line":412,"column":18},"end":{"line":412,"column":19}},"loc":{"start":{"line":412,"column":23},"end":{"line":422,"column":13}},"line":412},"40":{"name":"(anonymous_40)","decl":{"start":{"line":423,"column":19},"end":{"line":423,"column":20}},"loc":{"start":{"line":423,"column":26},"end":{"line":428,"column":13}},"line":423},"41":{"name":"(anonymous_41)","decl":{"start":{"line":433,"column":42},"end":{"line":433,"column":43}},"loc":{"start":{"line":433,"column":53},"end":{"line":492,"column":1}},"line":433},"42":{"name":"(anonymous_42)","decl":{"start":{"line":474,"column":14},"end":{"line":474,"column":15}},"loc":{"start":{"line":474,"column":19},"end":{"line":485,"column":9}},"line":474},"43":{"name":"(anonymous_43)","decl":{"start":{"line":486,"column":15},"end":{"line":486,"column":16}},"loc":{"start":{"line":486,"column":20},"end":{"line":491,"column":9}},"line":486},"44":{"name":"(anonymous_44)","decl":{"start":{"line":494,"column":53},"end":{"line":494,"column":54}},"loc":{"start":{"line":494,"column":71},"end":{"line":525,"column":1}},"line":494},"45":{"name":"(anonymous_45)","decl":{"start":{"line":505,"column":11},"end":{"line":505,"column":12}},"loc":{"start":{"line":505,"column":25},"end":{"line":521,"column":5}},"line":505},"46":{"name":"(anonymous_46)","decl":{"start":{"line":527,"column":46},"end":{"line":527,"column":47}},"loc":{"start":{"line":527,"column":57},"end":{"line":564,"column":1}},"line":527},"47":{"name":"(anonymous_47)","decl":{"start":{"line":541,"column":14},"end":{"line":541,"column":15}},"loc":{"start":{"line":541,"column":19},"end":{"line":556,"column":9}},"line":541},"48":{"name":"(anonymous_48)","decl":{"start":{"line":557,"column":15},"end":{"line":557,"column":16}},"loc":{"start":{"line":557,"column":20},"end":{"line":562,"column":9}},"line":557},"49":{"name":"(anonymous_49)","decl":{"start":{"line":566,"column":33},"end":{"line":566,"column":34}},"loc":{"start":{"line":566,"column":44},"end":{"line":604,"column":1}},"line":566},"50":{"name":"(anonymous_50)","decl":{"start":{"line":584,"column":11},"end":{"line":584,"column":12}},"loc":{"start":{"line":584,"column":22},"end":{"line":603,"column":5}},"line":584}},"branchMap":{"0":{"loc":{"start":{"line":20,"column":12},"end":{"line":34,"column":13}},"type":"if","locations":[{"start":{"line":20,"column":12},"end":{"line":34,"column":13}},{"start":{"line":20,"column":12},"end":{"line":34,"column":13}}],"line":20},"1":{"loc":{"start":{"line":51,"column":16},"end":{"line":97,"column":17}},"type":"if","locations":[{"start":{"line":51,"column":16},"end":{"line":97,"column":17}},{"start":{"line":51,"column":16},"end":{"line":97,"column":17}}],"line":51},"2":{"loc":{"start":{"line":63,"column":24},"end":{"line":85,"column":25}},"type":"if","locations":[{"start":{"line":63,"column":24},"end":{"line":85,"column":25}},{"start":{"line":63,"column":24},"end":{"line":85,"column":25}}],"line":63},"3":{"loc":{"start":{"line":71,"column":29},"end":{"line":85,"column":25}},"type":"if","locations":[{"start":{"line":71,"column":29},"end":{"line":85,"column":25}},{"start":{"line":71,"column":29},"end":{"line":85,"column":25}}],"line":71},"4":{"loc":{"start":{"line":132,"column":16},"end":{"line":142,"column":17}},"type":"if","locations":[{"start":{"line":132,"column":16},"end":{"line":142,"column":17}},{"start":{"line":132,"column":16},"end":{"line":142,"column":17}}],"line":132},"5":{"loc":{"start":{"line":161,"column":16},"end":{"line":175,"column":17}},"type":"if","locations":[{"start":{"line":161,"column":16},"end":{"line":175,"column":17}},{"start":{"line":161,"column":16},"end":{"line":175,"column":17}}],"line":161},"6":{"loc":{"start":{"line":190,"column":8},"end":{"line":195,"column":9}},"type":"if","locations":[{"start":{"line":190,"column":8},"end":{"line":195,"column":9}},{"start":{"line":190,"column":8},"end":{"line":195,"column":9}}],"line":190},"7":{"loc":{"start":{"line":190,"column":11},"end":{"line":190,"column":39}},"type":"binary-expr","locations":[{"start":{"line":190,"column":11},"end":{"line":190,"column":19}},{"start":{"line":190,"column":23},"end":{"line":190,"column":39}}],"line":190},"8":{"loc":{"start":{"line":198,"column":16},"end":{"line":212,"column":17}},"type":"if","locations":[{"start":{"line":198,"column":16},"end":{"line":212,"column":17}},{"start":{"line":198,"column":16},"end":{"line":212,"column":17}}],"line":198},"9":{"loc":{"start":{"line":203,"column":22},"end":{"line":212,"column":17}},"type":"if","locations":[{"start":{"line":203,"column":22},"end":{"line":212,"column":17}},{"start":{"line":203,"column":22},"end":{"line":212,"column":17}}],"line":203},"10":{"loc":{"start":{"line":239,"column":8},"end":{"line":243,"column":9}},"type":"if","locations":[{"start":{"line":239,"column":8},"end":{"line":243,"column":9}},{"start":{"line":239,"column":8},"end":{"line":243,"column":9}}],"line":239},"11":{"loc":{"start":{"line":239,"column":12},"end":{"line":239,"column":55}},"type":"binary-expr","locations":[{"start":{"line":239,"column":12},"end":{"line":239,"column":29}},{"start":{"line":239,"column":33},"end":{"line":239,"column":55}}],"line":239},"12":{"loc":{"start":{"line":244,"column":8},"end":{"line":269,"column":9}},"type":"if","locations":[{"start":{"line":244,"column":8},"end":{"line":269,"column":9}},{"start":{"line":244,"column":8},"end":{"line":269,"column":9}}],"line":244},"13":{"loc":{"start":{"line":330,"column":12},"end":{"line":338,"column":13}},"type":"if","locations":[{"start":{"line":330,"column":12},"end":{"line":338,"column":13}},{"start":{"line":330,"column":12},"end":{"line":338,"column":13}}],"line":330},"14":{"loc":{"start":{"line":359,"column":12},"end":{"line":367,"column":13}},"type":"if","locations":[{"start":{"line":359,"column":12},"end":{"line":367,"column":13}},{"start":{"line":359,"column":12},"end":{"line":367,"column":13}}],"line":359},"15":{"loc":{"start":{"line":383,"column":12},"end":{"line":399,"column":13}},"type":"if","locations":[{"start":{"line":383,"column":12},"end":{"line":399,"column":13}},{"start":{"line":383,"column":12},"end":{"line":399,"column":13}}],"line":383},"16":{"loc":{"start":{"line":387,"column":18},"end":{"line":399,"column":13}},"type":"if","locations":[{"start":{"line":387,"column":18},"end":{"line":399,"column":13}},{"start":{"line":387,"column":18},"end":{"line":399,"column":13}}],"line":387},"17":{"loc":{"start":{"line":391,"column":18},"end":{"line":399,"column":13}},"type":"if","locations":[{"start":{"line":391,"column":18},"end":{"line":399,"column":13}},{"start":{"line":391,"column":18},"end":{"line":399,"column":13}}],"line":391},"18":{"loc":{"start":{"line":413,"column":16},"end":{"line":421,"column":17}},"type":"if","locations":[{"start":{"line":413,"column":16},"end":{"line":421,"column":17}},{"start":{"line":413,"column":16},"end":{"line":421,"column":17}}],"line":413},"19":{"loc":{"start":{"line":443,"column":4},"end":{"line":471,"column":5}},"type":"if","locations":[{"start":{"line":443,"column":4},"end":{"line":471,"column":5}},{"start":{"line":443,"column":4},"end":{"line":471,"column":5}}],"line":443},"20":{"loc":{"start":{"line":443,"column":7},"end":{"line":443,"column":35}},"type":"binary-expr","locations":[{"start":{"line":443,"column":7},"end":{"line":443,"column":21}},{"start":{"line":443,"column":25},"end":{"line":443,"column":35}}],"line":443},"21":{"loc":{"start":{"line":447,"column":10},"end":{"line":471,"column":5}},"type":"if","locations":[{"start":{"line":447,"column":10},"end":{"line":471,"column":5}},{"start":{"line":447,"column":10},"end":{"line":471,"column":5}}],"line":447},"22":{"loc":{"start":{"line":447,"column":13},"end":{"line":447,"column":47}},"type":"binary-expr","locations":[{"start":{"line":447,"column":13},"end":{"line":447,"column":30}},{"start":{"line":447,"column":34},"end":{"line":447,"column":47}}],"line":447},"23":{"loc":{"start":{"line":451,"column":10},"end":{"line":471,"column":5}},"type":"if","locations":[{"start":{"line":451,"column":10},"end":{"line":471,"column":5}},{"start":{"line":451,"column":10},"end":{"line":471,"column":5}}],"line":451},"24":{"loc":{"start":{"line":451,"column":13},"end":{"line":451,"column":47}},"type":"binary-expr","locations":[{"start":{"line":451,"column":13},"end":{"line":451,"column":30}},{"start":{"line":451,"column":34},"end":{"line":451,"column":47}}],"line":451},"25":{"loc":{"start":{"line":455,"column":10},"end":{"line":471,"column":5}},"type":"if","locations":[{"start":{"line":455,"column":10},"end":{"line":471,"column":5}},{"start":{"line":455,"column":10},"end":{"line":471,"column":5}}],"line":455},"26":{"loc":{"start":{"line":455,"column":13},"end":{"line":455,"column":47}},"type":"binary-expr","locations":[{"start":{"line":455,"column":13},"end":{"line":455,"column":30}},{"start":{"line":455,"column":34},"end":{"line":455,"column":47}}],"line":455},"27":{"loc":{"start":{"line":459,"column":10},"end":{"line":471,"column":5}},"type":"if","locations":[{"start":{"line":459,"column":10},"end":{"line":471,"column":5}},{"start":{"line":459,"column":10},"end":{"line":471,"column":5}}],"line":459},"28":{"loc":{"start":{"line":459,"column":13},"end":{"line":459,"column":47}},"type":"binary-expr","locations":[{"start":{"line":459,"column":13},"end":{"line":459,"column":30}},{"start":{"line":459,"column":34},"end":{"line":459,"column":47}}],"line":459},"29":{"loc":{"start":{"line":463,"column":10},"end":{"line":471,"column":5}},"type":"if","locations":[{"start":{"line":463,"column":10},"end":{"line":471,"column":5}},{"start":{"line":463,"column":10},"end":{"line":471,"column":5}}],"line":463},"30":{"loc":{"start":{"line":463,"column":13},"end":{"line":463,"column":47}},"type":"binary-expr","locations":[{"start":{"line":463,"column":13},"end":{"line":463,"column":30}},{"start":{"line":463,"column":34},"end":{"line":463,"column":47}}],"line":463},"31":{"loc":{"start":{"line":467,"column":10},"end":{"line":471,"column":5}},"type":"if","locations":[{"start":{"line":467,"column":10},"end":{"line":471,"column":5}},{"start":{"line":467,"column":10},"end":{"line":471,"column":5}}],"line":467},"32":{"loc":{"start":{"line":467,"column":13},"end":{"line":467,"column":61}},"type":"binary-expr","locations":[{"start":{"line":467,"column":13},"end":{"line":467,"column":37}},{"start":{"line":467,"column":41},"end":{"line":467,"column":61}}],"line":467},"33":{"loc":{"start":{"line":475,"column":12},"end":{"line":483,"column":13}},"type":"if","locations":[{"start":{"line":475,"column":12},"end":{"line":483,"column":13}},{"start":{"line":475,"column":12},"end":{"line":483,"column":13}}],"line":475},"34":{"loc":{"start":{"line":507,"column":8},"end":{"line":519,"column":9}},"type":"if","locations":[{"start":{"line":507,"column":8},"end":{"line":519,"column":9}},{"start":{"line":507,"column":8},"end":{"line":519,"column":9}}],"line":507},"35":{"loc":{"start":{"line":530,"column":4},"end":{"line":538,"column":5}},"type":"if","locations":[{"start":{"line":530,"column":4},"end":{"line":538,"column":5}},{"start":{"line":530,"column":4},"end":{"line":538,"column":5}}],"line":530},"36":{"loc":{"start":{"line":530,"column":7},"end":{"line":530,"column":36}},"type":"binary-expr","locations":[{"start":{"line":530,"column":7},"end":{"line":530,"column":22}},{"start":{"line":530,"column":26},"end":{"line":530,"column":36}}],"line":530},"37":{"loc":{"start":{"line":534,"column":10},"end":{"line":538,"column":5}},"type":"if","locations":[{"start":{"line":534,"column":10},"end":{"line":538,"column":5}},{"start":{"line":534,"column":10},"end":{"line":538,"column":5}}],"line":534},"38":{"loc":{"start":{"line":534,"column":13},"end":{"line":534,"column":46}},"type":"binary-expr","locations":[{"start":{"line":534,"column":13},"end":{"line":534,"column":30}},{"start":{"line":534,"column":34},"end":{"line":534,"column":46}}],"line":534},"39":{"loc":{"start":{"line":542,"column":12},"end":{"line":554,"column":13}},"type":"if","locations":[{"start":{"line":542,"column":12},"end":{"line":554,"column":13}},{"start":{"line":542,"column":12},"end":{"line":554,"column":13}}],"line":542},"40":{"loc":{"start":{"line":542,"column":15},"end":{"line":542,"column":39}},"type":"binary-expr","locations":[{"start":{"line":542,"column":15},"end":{"line":542,"column":26}},{"start":{"line":542,"column":30},"end":{"line":542,"column":39}}],"line":542},"41":{"loc":{"start":{"line":546,"column":18},"end":{"line":554,"column":13}},"type":"if","locations":[{"start":{"line":546,"column":18},"end":{"line":554,"column":13}},{"start":{"line":546,"column":18},"end":{"line":554,"column":13}}],"line":546},"42":{"loc":{"start":{"line":572,"column":4},"end":{"line":576,"column":5}},"type":"if","locations":[{"start":{"line":572,"column":4},"end":{"line":576,"column":5}},{"start":{"line":572,"column":4},"end":{"line":576,"column":5}}],"line":572},"43":{"loc":{"start":{"line":572,"column":8},"end":{"line":572,"column":56}},"type":"binary-expr","locations":[{"start":{"line":572,"column":8},"end":{"line":572,"column":27}},{"start":{"line":572,"column":31},"end":{"line":572,"column":56}}],"line":572},"44":{"loc":{"start":{"line":585,"column":8},"end":{"line":590,"column":9}},"type":"if","locations":[{"start":{"line":585,"column":8},"end":{"line":590,"column":9}},{"start":{"line":585,"column":8},"end":{"line":590,"column":9}}],"line":585},"45":{"loc":{"start":{"line":592,"column":8},"end":{"line":602,"column":9}},"type":"if","locations":[{"start":{"line":592,"column":8},"end":{"line":602,"column":9}},{"start":{"line":592,"column":8},"end":{"line":602,"column":9}}],"line":592}},"s":{"0":9,"1":9,"2":9,"3":9,"4":9,"5":9,"6":9,"7":9,"8":9,"9":51,"10":0,"11":0,"12":0,"13":0,"14":0,"15":0,"16":51,"17":0,"18":0,"19":0,"20":0,"21":0,"22":0,"23":0,"24":0,"25":0,"26":0,"27":0,"28":0,"29":0,"30":51,"31":0,"32":0,"33":0,"34":0,"35":0,"36":0,"37":51,"38":0,"39":0,"40":0,"41":0,"42":0,"43":51,"44":0,"45":0,"46":0,"47":0,"48":0,"49":0,"50":51,"51":0,"52":0,"53":0,"54":0,"55":0,"56":0,"57":0,"58":0,"59":0,"60":0,"61":51,"62":0,"63":0,"64":51,"65":0,"66":0,"67":0,"68":0,"69":0,"70":0,"71":0,"72":0,"73":0,"74":0,"75":0,"76":51,"77":0,"78":0,"79":0,"80":0,"81":0,"82":51,"83":0,"84":0,"85":0,"86":0,"87":0,"88":0,"89":51,"90":0,"91":0,"92":0,"93":0,"94":0,"95":0,"96":0,"97":0,"98":51,"99":0,"100":0,"101":0,"102":0,"103":0,"104":0,"105":0,"106":0,"107":0,"108":0,"109":0,"110":51,"111":0,"112":0,"113":0,"114":0,"115":0,"116":0,"117":0,"118":51,"119":0,"120":0,"121":0,"122":0,"123":0,"124":0,"125":0,"126":0,"127":0,"128":0,"129":0,"130":0,"131":0,"132":0,"133":0,"134":0,"135":0,"136":0,"137":0,"138":0,"139":0,"140":0,"141":0,"142":0,"143":0,"144":0,"145":51,"146":0,"147":0,"148":0,"149":0,"150":0,"151":0,"152":0,"153":51,"154":0,"155":0,"156":0,"157":0,"158":0,"159":0,"160":0,"161":0,"162":0,"163":0,"164":0,"165":0,"166":0,"167":51,"168":0,"169":0,"170":0,"171":0,"172":0,"173":0,"174":0,"175":0,"176":0,"177":0,"178":0,"179":0,"180":0,"181":0,"182":51,"183":9},"f":{"0":51,"1":0,"2":0,"3":0,"4":0,"5":0,"6":0,"7":0,"8":0,"9":0,"10":0,"11":0,"12":0,"13":0,"14":0,"15":0,"16":0,"17":0,"18":0,"19":0,"20":0,"21":0,"22":0,"23":0,"24":0,"25":0,"26":0,"27":0,"28":0,"29":0,"30":0,"31":0,"32":0,"33":0,"34":0,"35":0,"36":0,"37":0,"38":0,"39":0,"40":0,"41":0,"42":0,"43":0,"44":0,"45":0,"46":0,"47":0,"48":0,"49":0,"50":0},"b":{"0":[0,0],"1":[0,0],"2":[0,0],"3":[0,0],"4":[0,0],"5":[0,0],"6":[0,0],"7":[0,0],"8":[0,0],"9":[0,0],"10":[0,0],"11":[0,0],"12":[0,0],"13":[0,0],"14":[0,0],"15":[0,0],"16":[0,0],"17":[0,0],"18":[0,0],"19":[0,0],"20":[0,0],"21":[0,0],"22":[0,0],"23":[0,0],"24":[0,0],"25":[0,0],"26":[0,0],"27":[0,0],"28":[0,0],"29":[0,0],"30":[0,0],"31":[0,0],"32":[0,0],"33":[0,0],"34":[0,0],"35":[0,0],"36":[0,0],"37":[0,0],"38":[0,0],"39":[0,0],"40":[0,0],"41":[0,0],"42":[0,0],"43":[0,0],"44":[0,0],"45":[0,0]},"_coverageSchema":"1a1c01bbd47fc00a2c39e90264f33305004495a9","hash":"2d68776744a238a95f40b6bef3d27d190955d3cf"}
,"C:\\Users\\Godiragetse Naane\\Documents\\School\\Semester 1\\COS 301\\Capstone\\Demo 3\\Graph-Path\\1.Website\\backend\\src\\API\\routes\\Task.js": {"path":"C:\\Users\\Godiragetse Naane\\Documents\\School\\Semester 1\\COS 301\\Capstone\\Demo 3\\Graph-Path\\1.Website\\backend\\src\\API\\routes\\Task.js","statementMap":{"0":{"start":{"line":1,"column":16},"end":{"line":1,"column":34}},"1":{"start":{"line":2,"column":17},"end":{"line":2,"column":36}},"2":{"start":{"line":3,"column":15},"end":{"line":3,"column":31}},"3":{"start":{"line":4,"column":14},"end":{"line":4,"column":44}},"4":{"start":{"line":5,"column":15},"end":{"line":5,"column":32}},"5":{"start":{"line":6,"column":17},"end":{"line":6,"column":44}},"6":{"start":{"line":7,"column":27},"end":{"line":7,"column":71}},"7":{"start":{"line":89,"column":4},"end":{"line":126,"column":7}},"8":{"start":{"line":90,"column":19},"end":{"line":90,"column":39}},"9":{"start":{"line":91,"column":26},"end":{"line":94,"column":9}},"10":{"start":{"line":96,"column":8},"end":{"line":123,"column":15}},"11":{"start":{"line":100,"column":16},"end":{"line":115,"column":17}},"12":{"start":{"line":102,"column":20},"end":{"line":102,"column":69}},"13":{"start":{"line":103,"column":20},"end":{"line":103,"column":53}},"14":{"start":{"line":104,"column":20},"end":{"line":104,"column":46}},"15":{"start":{"line":105,"column":20},"end":{"line":105,"column":42}},"16":{"start":{"line":110,"column":20},"end":{"line":110,"column":96}},"17":{"start":{"line":111,"column":20},"end":{"line":111,"column":82}},"18":{"start":{"line":112,"column":20},"end":{"line":112,"column":44}},"19":{"start":{"line":113,"column":20},"end":{"line":113,"column":53}},"20":{"start":{"line":119,"column":16},"end":{"line":119,"column":50}},"21":{"start":{"line":120,"column":16},"end":{"line":120,"column":65}},"22":{"start":{"line":121,"column":16},"end":{"line":121,"column":49}},"23":{"start":{"line":151,"column":4},"end":{"line":185,"column":7}},"24":{"start":{"line":153,"column":20},"end":{"line":153,"column":35}},"25":{"start":{"line":154,"column":26},"end":{"line":157,"column":9}},"26":{"start":{"line":158,"column":8},"end":{"line":183,"column":15}},"27":{"start":{"line":164,"column":16},"end":{"line":175,"column":17}},"28":{"start":{"line":166,"column":20},"end":{"line":166,"column":55}},"29":{"start":{"line":167,"column":20},"end":{"line":167,"column":46}},"30":{"start":{"line":168,"column":20},"end":{"line":168,"column":41}},"31":{"start":{"line":173,"column":20},"end":{"line":173,"column":84}},"32":{"start":{"line":174,"column":20},"end":{"line":174,"column":54}},"33":{"start":{"line":180,"column":16},"end":{"line":180,"column":86}},"34":{"start":{"line":181,"column":16},"end":{"line":181,"column":65}},"35":{"start":{"line":182,"column":16},"end":{"line":182,"column":49}},"36":{"start":{"line":206,"column":4},"end":{"line":228,"column":7}},"37":{"start":{"line":208,"column":8},"end":{"line":226,"column":15}},"38":{"start":{"line":210,"column":16},"end":{"line":219,"column":17}},"39":{"start":{"line":211,"column":20},"end":{"line":213,"column":22}},"40":{"start":{"line":214,"column":22},"end":{"line":219,"column":17}},"41":{"start":{"line":215,"column":20},"end":{"line":218,"column":22}},"42":{"start":{"line":222,"column":16},"end":{"line":225,"column":18}},"43":{"start":{"line":252,"column":4},"end":{"line":276,"column":7}},"44":{"start":{"line":254,"column":17},"end":{"line":254,"column":30}},"45":{"start":{"line":255,"column":8},"end":{"line":273,"column":15}},"46":{"start":{"line":257,"column":16},"end":{"line":266,"column":17}},"47":{"start":{"line":258,"column":20},"end":{"line":260,"column":22}},"48":{"start":{"line":262,"column":20},"end":{"line":265,"column":22}},"49":{"start":{"line":269,"column":16},"end":{"line":272,"column":18}},"50":{"start":{"line":278,"column":4},"end":{"line":310,"column":8}},"51":{"start":{"line":280,"column":19},"end":{"line":280,"column":32}},"52":{"start":{"line":281,"column":8},"end":{"line":286,"column":9}},"53":{"start":{"line":283,"column":12},"end":{"line":285,"column":14}},"54":{"start":{"line":288,"column":8},"end":{"line":309,"column":14}},"55":{"start":{"line":290,"column":16},"end":{"line":301,"column":17}},"56":{"start":{"line":292,"column":20},"end":{"line":294,"column":24}},"57":{"start":{"line":297,"column":20},"end":{"line":300,"column":24}},"58":{"start":{"line":305,"column":16},"end":{"line":308,"column":18}},"59":{"start":{"line":336,"column":4},"end":{"line":367,"column":7}},"60":{"start":{"line":337,"column":19},"end":{"line":337,"column":27}},"61":{"start":{"line":338,"column":19},"end":{"line":338,"column":48}},"62":{"start":{"line":339,"column":8},"end":{"line":339,"column":26}},"63":{"start":{"line":341,"column":8},"end":{"line":364,"column":15}},"64":{"start":{"line":343,"column":16},"end":{"line":356,"column":17}},"65":{"start":{"line":344,"column":20},"end":{"line":346,"column":22}},"66":{"start":{"line":347,"column":22},"end":{"line":356,"column":17}},"67":{"start":{"line":348,"column":20},"end":{"line":351,"column":24}},"68":{"start":{"line":353,"column":20},"end":{"line":355,"column":22}},"69":{"start":{"line":360,"column":16},"end":{"line":363,"column":18}},"70":{"start":{"line":394,"column":4},"end":{"line":415,"column":6}},"71":{"start":{"line":395,"column":17},"end":{"line":395,"column":30}},"72":{"start":{"line":396,"column":8},"end":{"line":414,"column":15}},"73":{"start":{"line":398,"column":16},"end":{"line":406,"column":17}},"74":{"start":{"line":399,"column":20},"end":{"line":401,"column":23}},"75":{"start":{"line":403,"column":20},"end":{"line":405,"column":23}},"76":{"start":{"line":410,"column":16},"end":{"line":413,"column":18}},"77":{"start":{"line":442,"column":4},"end":{"line":472,"column":7}},"78":{"start":{"line":445,"column":17},"end":{"line":445,"column":30}},"79":{"start":{"line":446,"column":22},"end":{"line":446,"column":44}},"80":{"start":{"line":447,"column":8},"end":{"line":451,"column":9}},"81":{"start":{"line":448,"column":12},"end":{"line":450,"column":14}},"82":{"start":{"line":452,"column":8},"end":{"line":469,"column":14}},"83":{"start":{"line":454,"column":16},"end":{"line":462,"column":17}},"84":{"start":{"line":455,"column":20},"end":{"line":457,"column":22}},"85":{"start":{"line":459,"column":20},"end":{"line":461,"column":22}},"86":{"start":{"line":465,"column":16},"end":{"line":468,"column":18}},"87":{"start":{"line":501,"column":4},"end":{"line":545,"column":7}},"88":{"start":{"line":503,"column":17},"end":{"line":503,"column":30}},"89":{"start":{"line":504,"column":22},"end":{"line":504,"column":39}},"90":{"start":{"line":505,"column":19},"end":{"line":505,"column":24}},"91":{"start":{"line":506,"column":33},"end":{"line":506,"column":87}},"92":{"start":{"line":507,"column":8},"end":{"line":516,"column":9}},"93":{"start":{"line":507,"column":21},"end":{"line":507,"column":22}},"94":{"start":{"line":510,"column":12},"end":{"line":514,"column":13}},"95":{"start":{"line":512,"column":17},"end":{"line":512,"column":29}},"96":{"start":{"line":517,"column":8},"end":{"line":523,"column":9}},"97":{"start":{"line":518,"column":12},"end":{"line":521,"column":14}},"98":{"start":{"line":522,"column":12},"end":{"line":522,"column":19}},"99":{"start":{"line":525,"column":8},"end":{"line":542,"column":12}},"100":{"start":{"line":527,"column":14},"end":{"line":535,"column":15}},"101":{"start":{"line":528,"column":18},"end":{"line":530,"column":20}},"102":{"start":{"line":532,"column":18},"end":{"line":534,"column":20}},"103":{"start":{"line":538,"column":14},"end":{"line":541,"column":16}},"104":{"start":{"line":647,"column":4},"end":{"line":677,"column":7}},"105":{"start":{"line":649,"column":17},"end":{"line":649,"column":30}},"106":{"start":{"line":650,"column":22},"end":{"line":650,"column":41}},"107":{"start":{"line":651,"column":8},"end":{"line":655,"column":9}},"108":{"start":{"line":652,"column":12},"end":{"line":654,"column":14}},"109":{"start":{"line":658,"column":8},"end":{"line":675,"column":14}},"110":{"start":{"line":660,"column":16},"end":{"line":668,"column":17}},"111":{"start":{"line":661,"column":20},"end":{"line":663,"column":22}},"112":{"start":{"line":665,"column":20},"end":{"line":667,"column":22}},"113":{"start":{"line":671,"column":16},"end":{"line":674,"column":18}},"114":{"start":{"line":679,"column":4},"end":{"line":709,"column":7}},"115":{"start":{"line":681,"column":17},"end":{"line":681,"column":30}},"116":{"start":{"line":682,"column":22},"end":{"line":682,"column":41}},"117":{"start":{"line":683,"column":8},"end":{"line":687,"column":9}},"118":{"start":{"line":684,"column":12},"end":{"line":686,"column":14}},"119":{"start":{"line":690,"column":8},"end":{"line":707,"column":14}},"120":{"start":{"line":692,"column":16},"end":{"line":700,"column":17}},"121":{"start":{"line":693,"column":20},"end":{"line":695,"column":22}},"122":{"start":{"line":697,"column":20},"end":{"line":699,"column":22}},"123":{"start":{"line":703,"column":16},"end":{"line":706,"column":18}},"124":{"start":{"line":711,"column":4},"end":{"line":771,"column":7}},"125":{"start":{"line":712,"column":17},"end":{"line":712,"column":30}},"126":{"start":{"line":713,"column":23},"end":{"line":713,"column":40}},"127":{"start":{"line":714,"column":23},"end":{"line":714,"column":40}},"128":{"start":{"line":715,"column":26},"end":{"line":715,"column":46}},"129":{"start":{"line":716,"column":21},"end":{"line":716,"column":36}},"130":{"start":{"line":717,"column":18},"end":{"line":717,"column":30}},"131":{"start":{"line":718,"column":21},"end":{"line":718,"column":36}},"132":{"start":{"line":719,"column":21},"end":{"line":719,"column":36}},"133":{"start":{"line":720,"column":21},"end":{"line":720,"column":36}},"134":{"start":{"line":721,"column":22},"end":{"line":721,"column":38}},"135":{"start":{"line":722,"column":8},"end":{"line":746,"column":9}},"136":{"start":{"line":723,"column":12},"end":{"line":725,"column":14}},"137":{"start":{"line":726,"column":14},"end":{"line":746,"column":9}},"138":{"start":{"line":727,"column":12},"end":{"line":729,"column":14}},"139":{"start":{"line":730,"column":14},"end":{"line":746,"column":9}},"140":{"start":{"line":731,"column":12},"end":{"line":733,"column":14}},"141":{"start":{"line":734,"column":15},"end":{"line":746,"column":9}},"142":{"start":{"line":735,"column":12},"end":{"line":737,"column":14}},"143":{"start":{"line":738,"column":14},"end":{"line":746,"column":9}},"144":{"start":{"line":739,"column":12},"end":{"line":741,"column":14}},"145":{"start":{"line":742,"column":14},"end":{"line":746,"column":9}},"146":{"start":{"line":743,"column":12},"end":{"line":745,"column":14}},"147":{"start":{"line":748,"column":8},"end":{"line":769,"column":14}},"148":{"start":{"line":750,"column":16},"end":{"line":762,"column":17}},"149":{"start":{"line":751,"column":20},"end":{"line":753,"column":22}},"150":{"start":{"line":754,"column":22},"end":{"line":762,"column":17}},"151":{"start":{"line":755,"column":20},"end":{"line":757,"column":22}},"152":{"start":{"line":758,"column":22},"end":{"line":762,"column":17}},"153":{"start":{"line":759,"column":20},"end":{"line":761,"column":22}},"154":{"start":{"line":765,"column":16},"end":{"line":768,"column":18}},"155":{"start":{"line":776,"column":4},"end":{"line":776,"column":17}},"156":{"start":{"line":778,"column":0},"end":{"line":778,"column":30}}},"fnMap":{"0":{"name":"makeTaskRoute","decl":{"start":{"line":63,"column":10},"end":{"line":63,"column":23}},"loc":{"start":{"line":64,"column":0},"end":{"line":777,"column":1}},"line":64},"1":{"name":"(anonymous_1)","decl":{"start":{"line":89,"column":39},"end":{"line":89,"column":40}},"loc":{"start":{"line":89,"column":58},"end":{"line":126,"column":5}},"line":89},"2":{"name":"(anonymous_2)","decl":{"start":{"line":99,"column":18},"end":{"line":99,"column":19}},"loc":{"start":{"line":99,"column":28},"end":{"line":117,"column":13}},"line":99},"3":{"name":"(anonymous_3)","decl":{"start":{"line":118,"column":19},"end":{"line":118,"column":20}},"loc":{"start":{"line":118,"column":26},"end":{"line":123,"column":13}},"line":118},"4":{"name":"(anonymous_4)","decl":{"start":{"line":151,"column":34},"end":{"line":151,"column":35}},"loc":{"start":{"line":151,"column":53},"end":{"line":185,"column":5}},"line":151},"5":{"name":"(anonymous_5)","decl":{"start":{"line":161,"column":18},"end":{"line":161,"column":19}},"loc":{"start":{"line":161,"column":28},"end":{"line":178,"column":13}},"line":161},"6":{"name":"(anonymous_6)","decl":{"start":{"line":179,"column":19},"end":{"line":179,"column":20}},"loc":{"start":{"line":179,"column":26},"end":{"line":183,"column":13}},"line":179},"7":{"name":"(anonymous_7)","decl":{"start":{"line":206,"column":30},"end":{"line":206,"column":31}},"loc":{"start":{"line":206,"column":49},"end":{"line":228,"column":5}},"line":206},"8":{"name":"(anonymous_8)","decl":{"start":{"line":209,"column":18},"end":{"line":209,"column":19}},"loc":{"start":{"line":209,"column":25},"end":{"line":220,"column":13}},"line":209},"9":{"name":"(anonymous_9)","decl":{"start":{"line":221,"column":19},"end":{"line":221,"column":20}},"loc":{"start":{"line":221,"column":26},"end":{"line":226,"column":13}},"line":221},"10":{"name":"(anonymous_10)","decl":{"start":{"line":252,"column":43},"end":{"line":252,"column":44}},"loc":{"start":{"line":252,"column":62},"end":{"line":276,"column":5}},"line":252},"11":{"name":"(anonymous_11)","decl":{"start":{"line":256,"column":18},"end":{"line":256,"column":19}},"loc":{"start":{"line":256,"column":25},"end":{"line":267,"column":13}},"line":256},"12":{"name":"(anonymous_12)","decl":{"start":{"line":268,"column":19},"end":{"line":268,"column":20}},"loc":{"start":{"line":268,"column":26},"end":{"line":273,"column":13}},"line":268},"13":{"name":"(anonymous_13)","decl":{"start":{"line":278,"column":34},"end":{"line":278,"column":35}},"loc":{"start":{"line":278,"column":50},"end":{"line":310,"column":5}},"line":278},"14":{"name":"(anonymous_14)","decl":{"start":{"line":289,"column":18},"end":{"line":289,"column":19}},"loc":{"start":{"line":289,"column":25},"end":{"line":303,"column":13}},"line":289},"15":{"name":"(anonymous_15)","decl":{"start":{"line":304,"column":19},"end":{"line":304,"column":20}},"loc":{"start":{"line":304,"column":24},"end":{"line":309,"column":13}},"line":304},"16":{"name":"(anonymous_16)","decl":{"start":{"line":336,"column":30},"end":{"line":336,"column":31}},"loc":{"start":{"line":336,"column":48},"end":{"line":367,"column":5}},"line":336},"17":{"name":"(anonymous_17)","decl":{"start":{"line":342,"column":18},"end":{"line":342,"column":19}},"loc":{"start":{"line":342,"column":25},"end":{"line":358,"column":13}},"line":342},"18":{"name":"(anonymous_18)","decl":{"start":{"line":359,"column":19},"end":{"line":359,"column":20}},"loc":{"start":{"line":359,"column":24},"end":{"line":364,"column":13}},"line":359},"19":{"name":"(anonymous_19)","decl":{"start":{"line":394,"column":40},"end":{"line":394,"column":41}},"loc":{"start":{"line":394,"column":58},"end":{"line":415,"column":5}},"line":394},"20":{"name":"(anonymous_20)","decl":{"start":{"line":397,"column":18},"end":{"line":397,"column":19}},"loc":{"start":{"line":397,"column":25},"end":{"line":408,"column":13}},"line":397},"21":{"name":"(anonymous_21)","decl":{"start":{"line":409,"column":19},"end":{"line":409,"column":20}},"loc":{"start":{"line":409,"column":24},"end":{"line":414,"column":13}},"line":409},"22":{"name":"(anonymous_22)","decl":{"start":{"line":442,"column":59},"end":{"line":442,"column":60}},"loc":{"start":{"line":442,"column":75},"end":{"line":472,"column":5}},"line":442},"23":{"name":"(anonymous_23)","decl":{"start":{"line":453,"column":18},"end":{"line":453,"column":19}},"loc":{"start":{"line":453,"column":23},"end":{"line":463,"column":13}},"line":453},"24":{"name":"(anonymous_24)","decl":{"start":{"line":464,"column":19},"end":{"line":464,"column":20}},"loc":{"start":{"line":464,"column":24},"end":{"line":469,"column":13}},"line":464},"25":{"name":"(anonymous_25)","decl":{"start":{"line":501,"column":49},"end":{"line":501,"column":50}},"loc":{"start":{"line":501,"column":65},"end":{"line":545,"column":5}},"line":501},"26":{"name":"(anonymous_26)","decl":{"start":{"line":526,"column":16},"end":{"line":526,"column":17}},"loc":{"start":{"line":526,"column":21},"end":{"line":536,"column":11}},"line":526},"27":{"name":"(anonymous_27)","decl":{"start":{"line":537,"column":17},"end":{"line":537,"column":18}},"loc":{"start":{"line":537,"column":22},"end":{"line":542,"column":11}},"line":537},"28":{"name":"(anonymous_28)","decl":{"start":{"line":647,"column":53},"end":{"line":647,"column":54}},"loc":{"start":{"line":647,"column":69},"end":{"line":677,"column":5}},"line":647},"29":{"name":"(anonymous_29)","decl":{"start":{"line":659,"column":18},"end":{"line":659,"column":19}},"loc":{"start":{"line":659,"column":23},"end":{"line":669,"column":13}},"line":659},"30":{"name":"(anonymous_30)","decl":{"start":{"line":670,"column":19},"end":{"line":670,"column":20}},"loc":{"start":{"line":670,"column":24},"end":{"line":675,"column":13}},"line":670},"31":{"name":"(anonymous_31)","decl":{"start":{"line":679,"column":53},"end":{"line":679,"column":54}},"loc":{"start":{"line":679,"column":69},"end":{"line":709,"column":5}},"line":679},"32":{"name":"(anonymous_32)","decl":{"start":{"line":691,"column":18},"end":{"line":691,"column":19}},"loc":{"start":{"line":691,"column":23},"end":{"line":701,"column":13}},"line":691},"33":{"name":"(anonymous_33)","decl":{"start":{"line":702,"column":19},"end":{"line":702,"column":20}},"loc":{"start":{"line":702,"column":24},"end":{"line":707,"column":13}},"line":702},"34":{"name":"(anonymous_34)","decl":{"start":{"line":711,"column":43},"end":{"line":711,"column":44}},"loc":{"start":{"line":711,"column":61},"end":{"line":771,"column":5}},"line":711},"35":{"name":"(anonymous_35)","decl":{"start":{"line":749,"column":18},"end":{"line":749,"column":19}},"loc":{"start":{"line":749,"column":25},"end":{"line":763,"column":13}},"line":749},"36":{"name":"(anonymous_36)","decl":{"start":{"line":764,"column":19},"end":{"line":764,"column":20}},"loc":{"start":{"line":764,"column":26},"end":{"line":769,"column":13}},"line":764}},"branchMap":{"0":{"loc":{"start":{"line":100,"column":16},"end":{"line":115,"column":17}},"type":"if","locations":[{"start":{"line":100,"column":16},"end":{"line":115,"column":17}},{"start":{"line":100,"column":16},"end":{"line":115,"column":17}}],"line":100},"1":{"loc":{"start":{"line":164,"column":16},"end":{"line":175,"column":17}},"type":"if","locations":[{"start":{"line":164,"column":16},"end":{"line":175,"column":17}},{"start":{"line":164,"column":16},"end":{"line":175,"column":17}}],"line":164},"2":{"loc":{"start":{"line":210,"column":16},"end":{"line":219,"column":17}},"type":"if","locations":[{"start":{"line":210,"column":16},"end":{"line":219,"column":17}},{"start":{"line":210,"column":16},"end":{"line":219,"column":17}}],"line":210},"3":{"loc":{"start":{"line":214,"column":22},"end":{"line":219,"column":17}},"type":"if","locations":[{"start":{"line":214,"column":22},"end":{"line":219,"column":17}},{"start":{"line":214,"column":22},"end":{"line":219,"column":17}}],"line":214},"4":{"loc":{"start":{"line":257,"column":16},"end":{"line":266,"column":17}},"type":"if","locations":[{"start":{"line":257,"column":16},"end":{"line":266,"column":17}},{"start":{"line":257,"column":16},"end":{"line":266,"column":17}}],"line":257},"5":{"loc":{"start":{"line":281,"column":8},"end":{"line":286,"column":9}},"type":"if","locations":[{"start":{"line":281,"column":8},"end":{"line":286,"column":9}},{"start":{"line":281,"column":8},"end":{"line":286,"column":9}}],"line":281},"6":{"loc":{"start":{"line":281,"column":11},"end":{"line":281,"column":39}},"type":"binary-expr","locations":[{"start":{"line":281,"column":11},"end":{"line":281,"column":19}},{"start":{"line":281,"column":23},"end":{"line":281,"column":39}}],"line":281},"7":{"loc":{"start":{"line":290,"column":16},"end":{"line":301,"column":17}},"type":"if","locations":[{"start":{"line":290,"column":16},"end":{"line":301,"column":17}},{"start":{"line":290,"column":16},"end":{"line":301,"column":17}}],"line":290},"8":{"loc":{"start":{"line":343,"column":16},"end":{"line":356,"column":17}},"type":"if","locations":[{"start":{"line":343,"column":16},"end":{"line":356,"column":17}},{"start":{"line":343,"column":16},"end":{"line":356,"column":17}}],"line":343},"9":{"loc":{"start":{"line":347,"column":22},"end":{"line":356,"column":17}},"type":"if","locations":[{"start":{"line":347,"column":22},"end":{"line":356,"column":17}},{"start":{"line":347,"column":22},"end":{"line":356,"column":17}}],"line":347},"10":{"loc":{"start":{"line":398,"column":16},"end":{"line":406,"column":17}},"type":"if","locations":[{"start":{"line":398,"column":16},"end":{"line":406,"column":17}},{"start":{"line":398,"column":16},"end":{"line":406,"column":17}}],"line":398},"11":{"loc":{"start":{"line":447,"column":8},"end":{"line":451,"column":9}},"type":"if","locations":[{"start":{"line":447,"column":8},"end":{"line":451,"column":9}},{"start":{"line":447,"column":8},"end":{"line":451,"column":9}}],"line":447},"12":{"loc":{"start":{"line":447,"column":11},"end":{"line":447,"column":50}},"type":"binary-expr","locations":[{"start":{"line":447,"column":11},"end":{"line":447,"column":32}},{"start":{"line":447,"column":36},"end":{"line":447,"column":50}}],"line":447},"13":{"loc":{"start":{"line":454,"column":16},"end":{"line":462,"column":17}},"type":"if","locations":[{"start":{"line":454,"column":16},"end":{"line":462,"column":17}},{"start":{"line":454,"column":16},"end":{"line":462,"column":17}}],"line":454},"14":{"loc":{"start":{"line":510,"column":12},"end":{"line":514,"column":13}},"type":"if","locations":[{"start":{"line":510,"column":12},"end":{"line":514,"column":13}},{"start":{"line":510,"column":12},"end":{"line":514,"column":13}}],"line":510},"15":{"loc":{"start":{"line":517,"column":8},"end":{"line":523,"column":9}},"type":"if","locations":[{"start":{"line":517,"column":8},"end":{"line":523,"column":9}},{"start":{"line":517,"column":8},"end":{"line":523,"column":9}}],"line":517},"16":{"loc":{"start":{"line":527,"column":14},"end":{"line":535,"column":15}},"type":"if","locations":[{"start":{"line":527,"column":14},"end":{"line":535,"column":15}},{"start":{"line":527,"column":14},"end":{"line":535,"column":15}}],"line":527},"17":{"loc":{"start":{"line":651,"column":8},"end":{"line":655,"column":9}},"type":"if","locations":[{"start":{"line":651,"column":8},"end":{"line":655,"column":9}},{"start":{"line":651,"column":8},"end":{"line":655,"column":9}}],"line":651},"18":{"loc":{"start":{"line":651,"column":11},"end":{"line":651,"column":51}},"type":"binary-expr","locations":[{"start":{"line":651,"column":11},"end":{"line":651,"column":33}},{"start":{"line":651,"column":37},"end":{"line":651,"column":51}}],"line":651},"19":{"loc":{"start":{"line":660,"column":16},"end":{"line":668,"column":17}},"type":"if","locations":[{"start":{"line":660,"column":16},"end":{"line":668,"column":17}},{"start":{"line":660,"column":16},"end":{"line":668,"column":17}}],"line":660},"20":{"loc":{"start":{"line":683,"column":8},"end":{"line":687,"column":9}},"type":"if","locations":[{"start":{"line":683,"column":8},"end":{"line":687,"column":9}},{"start":{"line":683,"column":8},"end":{"line":687,"column":9}}],"line":683},"21":{"loc":{"start":{"line":683,"column":11},"end":{"line":683,"column":51}},"type":"binary-expr","locations":[{"start":{"line":683,"column":11},"end":{"line":683,"column":33}},{"start":{"line":683,"column":37},"end":{"line":683,"column":51}}],"line":683},"22":{"loc":{"start":{"line":692,"column":16},"end":{"line":700,"column":17}},"type":"if","locations":[{"start":{"line":692,"column":16},"end":{"line":700,"column":17}},{"start":{"line":692,"column":16},"end":{"line":700,"column":17}}],"line":692},"23":{"loc":{"start":{"line":722,"column":8},"end":{"line":746,"column":9}},"type":"if","locations":[{"start":{"line":722,"column":8},"end":{"line":746,"column":9}},{"start":{"line":722,"column":8},"end":{"line":746,"column":9}}],"line":722},"24":{"loc":{"start":{"line":722,"column":11},"end":{"line":722,"column":57}},"type":"binary-expr","locations":[{"start":{"line":722,"column":11},"end":{"line":722,"column":36}},{"start":{"line":722,"column":40},"end":{"line":722,"column":57}}],"line":722},"25":{"loc":{"start":{"line":726,"column":14},"end":{"line":746,"column":9}},"type":"if","locations":[{"start":{"line":726,"column":14},"end":{"line":746,"column":9}},{"start":{"line":726,"column":14},"end":{"line":746,"column":9}}],"line":726},"26":{"loc":{"start":{"line":726,"column":17},"end":{"line":726,"column":53}},"type":"binary-expr","locations":[{"start":{"line":726,"column":17},"end":{"line":726,"column":37}},{"start":{"line":726,"column":41},"end":{"line":726,"column":53}}],"line":726},"27":{"loc":{"start":{"line":730,"column":14},"end":{"line":746,"column":9}},"type":"if","locations":[{"start":{"line":730,"column":14},"end":{"line":746,"column":9}},{"start":{"line":730,"column":14},"end":{"line":746,"column":9}}],"line":730},"28":{"loc":{"start":{"line":730,"column":17},"end":{"line":730,"column":44}},"type":"binary-expr","locations":[{"start":{"line":730,"column":17},"end":{"line":730,"column":32}},{"start":{"line":730,"column":36},"end":{"line":730,"column":44}}],"line":730},"29":{"loc":{"start":{"line":734,"column":15},"end":{"line":746,"column":9}},"type":"if","locations":[{"start":{"line":734,"column":15},"end":{"line":746,"column":9}},{"start":{"line":734,"column":15},"end":{"line":746,"column":9}}],"line":734},"30":{"loc":{"start":{"line":734,"column":18},"end":{"line":734,"column":56}},"type":"binary-expr","locations":[{"start":{"line":734,"column":18},"end":{"line":734,"column":39}},{"start":{"line":734,"column":43},"end":{"line":734,"column":56}}],"line":734},"31":{"loc":{"start":{"line":738,"column":14},"end":{"line":746,"column":9}},"type":"if","locations":[{"start":{"line":738,"column":14},"end":{"line":746,"column":9}},{"start":{"line":738,"column":14},"end":{"line":746,"column":9}}],"line":738},"32":{
[...]
:{"start":{"line":295,"column":16},"end":{"line":295,"column":29}},"94":{"start":{"line":298,"column":16},"end":{"line":298,"column":28}},"95":{"start":{"line":306,"column":15},"end":{"line":306,"column":51}},"96":{"start":{"line":308,"column":17},"end":{"line":308,"column":41}},"97":{"start":{"line":309,"column":4},"end":{"line":309,"column":39}},"98":{"start":{"line":311,"column":15},"end":{"line":315,"column":6}},"99":{"start":{"line":316,"column":4},"end":{"line":316,"column":27}},"100":{"start":{"line":317,"column":4},"end":{"line":388,"column":6}},"101":{"start":{"line":319,"column":7},"end":{"line":328,"column":13}},"102":{"start":{"line":322,"column":16},"end":{"line":324,"column":17}},"103":{"start":{"line":323,"column":20},"end":{"line":323,"column":52}},"104":{"start":{"line":327,"column":15},"end":{"line":327,"column":27}},"105":{"start":{"line":330,"column":8},"end":{"line":343,"column":14}},"106":{"start":{"line":333,"column":16},"end":{"line":337,"column":17}},"107":{"start":{"line":334,"column":20},"end":{"line":334,"column":41}},"108":{"start":{"line":335,"column":20},"end":{"line":335,"column":61}},"109":{"start":{"line":340,"column":16},"end":{"line":340,"column":51}},"110":{"start":{"line":341,"column":16},"end":{"line":341,"column":28}},"111":{"start":{"line":346,"column":7},"end":{"line":364,"column":14}},"112":{"start":{"line":349,"column":16},"end":{"line":360,"column":17}},"113":{"start":{"line":350,"column":20},"end":{"line":359,"column":21}},"114":{"start":{"line":351,"column":24},"end":{"line":358,"column":25}},"115":{"start":{"line":351,"column":35},"end":{"line":351,"column":36}},"116":{"start":{"line":352,"column":28},"end":{"line":352,"column":57}},"117":{"start":{"line":353,"column":28},"end":{"line":354,"column":59}},"118":{"start":{"line":354,"column":45},"end":{"line":354,"column":56}},"119":{"start":{"line":356,"column":28},"end":{"line":357,"column":59}},"120":{"start":{"line":357,"column":45},"end":{"line":357,"column":56}},"121":{"start":{"line":363,"column":16},"end":{"line":363,"column":28}},"122":{"start":{"line":368,"column":8},"end":{"line":385,"column":15}},"123":{"start":{"line":381,"column":16},"end":{"line":381,"column":29}},"124":{"start":{"line":384,"column":16},"end":{"line":384,"column":28}},"125":{"start":{"line":392,"column":0},"end":{"line":405,"column":1}}},"fnMap":{"0":{"name":"getAllUsers","decl":{"start":{"line":5,"column":15},"end":{"line":5,"column":26}},"loc":{"start":{"line":5,"column":40},"end":{"line":20,"column":1}},"line":5},"1":{"name":"(anonymous_1)","decl":{"start":{"line":8,"column":29},"end":{"line":8,"column":30}},"loc":{"start":{"line":8,"column":48},"end":{"line":19,"column":5}},"line":8},"2":{"name":"(anonymous_2)","decl":{"start":{"line":10,"column":18},"end":{"line":10,"column":19}},"loc":{"start":{"line":10,"column":25},"end":{"line":16,"column":13}},"line":10},"3":{"name":"(anonymous_3)","decl":{"start":{"line":16,"column":21},"end":{"line":16,"column":22}},"loc":{"start":{"line":16,"column":26},"end":{"line":18,"column":9}},"line":16},"4":{"name":"getUserByID","decl":{"start":{"line":22,"column":15},"end":{"line":22,"column":26}},"loc":{"start":{"line":22,"column":44},"end":{"line":45,"column":1}},"line":22},"5":{"name":"(anonymous_5)","decl":{"start":{"line":25,"column":29},"end":{"line":25,"column":30}},"loc":{"start":{"line":25,"column":50},"end":{"line":43,"column":5}},"line":25},"6":{"name":"(anonymous_6)","decl":{"start":{"line":29,"column":18},"end":{"line":29,"column":19}},"loc":{"start":{"line":29,"column":27},"end":{"line":36,"column":13}},"line":29},"7":{"name":"(anonymous_7)","decl":{"start":{"line":37,"column":19},"end":{"line":37,"column":20}},"loc":{"start":{"line":37,"column":26},"end":{"line":40,"column":13}},"line":37},"8":{"name":"getUserByEmail","decl":{"start":{"line":47,"column":15},"end":{"line":47,"column":29}},"loc":{"start":{"line":47,"column":50},"end":{"line":70,"column":1}},"line":47},"9":{"name":"(anonymous_9)","decl":{"start":{"line":50,"column":29},"end":{"line":50,"column":30}},"loc":{"start":{"line":50,"column":48},"end":{"line":68,"column":5}},"line":50},"10":{"name":"(anonymous_10)","decl":{"start":{"line":53,"column":16},"end":{"line":53,"column":17}},"loc":{"start":{"line":53,"column":23},"end":{"line":64,"column":9}},"line":53},"11":{"name":"(anonymous_11)","decl":{"start":{"line":64,"column":17},"end":{"line":64,"column":18}},"loc":{"start":{"line":64,"column":22},"end":{"line":67,"column":9}},"line":64},"12":{"name":"getAllOtherUsers","decl":{"start":{"line":72,"column":15},"end":{"line":72,"column":31}},"loc":{"start":{"line":72,"column":51},"end":{"line":99,"column":1}},"line":72},"13":{"name":"(anonymous_13)","decl":{"start":{"line":75,"column":30},"end":{"line":75,"column":31}},"loc":{"start":{"line":75,"column":49},"end":{"line":98,"column":5}},"line":75},"14":{"name":"(anonymous_14)","decl":{"start":{"line":77,"column":18},"end":{"line":77,"column":19}},"loc":{"start":{"line":77,"column":25},"end":{"line":94,"column":13}},"line":77},"15":{"name":"(anonymous_15)","decl":{"start":{"line":82,"column":46},"end":{"line":82,"column":47}},"loc":{"start":{"line":82,"column":53},"end":{"line":86,"column":21}},"line":82},"16":{"name":"(anonymous_16)","decl":{"start":{"line":95,"column":19},"end":{"line":95,"column":20}},"loc":{"start":{"line":95,"column":24},"end":{"line":97,"column":13}},"line":95},"17":{"name":"insertUser","decl":{"start":{"line":101,"column":15},"end":{"line":101,"column":25}},"loc":{"start":{"line":101,"column":51},"end":{"line":134,"column":1}},"line":101},"18":{"name":"(anonymous_18)","decl":{"start":{"line":105,"column":29},"end":{"line":105,"column":30}},"loc":{"start":{"line":105,"column":48},"end":{"line":132,"column":5}},"line":105},"19":{"name":"(anonymous_19)","decl":{"start":{"line":107,"column":18},"end":{"line":107,"column":19}},"loc":{"start":{"line":107,"column":31},"end":{"line":128,"column":13}},"line":107},"20":{"name":"(anonymous_20)","decl":{"start":{"line":117,"column":30},"end":{"line":117,"column":31}},"loc":{"start":{"line":117,"column":37},"end":{"line":120,"column":25}},"line":117},"21":{"name":"(anonymous_21)","decl":{"start":{"line":121,"column":35},"end":{"line":121,"column":36}},"loc":{"start":{"line":121,"column":42},"end":{"line":124,"column":25}},"line":121},"22":{"name":"(anonymous_22)","decl":{"start":{"line":129,"column":19},"end":{"line":129,"column":20}},"loc":{"start":{"line":129,"column":26},"end":{"line":131,"column":13}},"line":129},"23":{"name":"removeUserByID","decl":{"start":{"line":153,"column":15},"end":{"line":153,"column":29}},"loc":{"start":{"line":153,"column":47},"end":{"line":199,"column":1}},"line":153},"24":{"name":"(anonymous_24)","decl":{"start":{"line":155,"column":29},"end":{"line":155,"column":30}},"loc":{"start":{"line":155,"column":56},"end":{"line":198,"column":5}},"line":155},"25":{"name":"(anonymous_25)","decl":{"start":{"line":166,"column":18},"end":{"line":166,"column":19}},"loc":{"start":{"line":166,"column":23},"end":{"line":191,"column":13}},"line":166},"26":{"name":"(anonymous_26)","decl":{"start":{"line":174,"column":35},"end":{"line":174,"column":36}},"loc":{"start":{"line":174,"column":40},"end":{"line":176,"column":29}},"line":174},"27":{"name":"(anonymous_27)","decl":{"start":{"line":184,"column":26},"end":{"line":184,"column":27}},"loc":{"start":{"line":184,"column":33},"end":{"line":186,"column":21}},"line":184},"28":{"name":"(anonymous_28)","decl":{"start":{"line":187,"column":27},"end":{"line":187,"column":28}},"loc":{"start":{"line":187,"column":32},"end":{"line":189,"column":21}},"line":187},"29":{"name":"(anonymous_29)","decl":{"start":{"line":192,"column":19},"end":{"line":192,"column":20}},"loc":{"start":{"line":192,"column":24},"end":{"line":194,"column":13}},"line":192},"30":{"name":"removeUserByEmail","decl":{"start":{"line":201,"column":15},"end":{"line":201,"column":32}},"loc":{"start":{"line":201,"column":53},"end":{"line":241,"column":1}},"line":201},"31":{"name":"(anonymous_31)","decl":{"start":{"line":203,"column":29},"end":{"line":203,"column":30}},"loc":{"start":{"line":203,"column":56},"end":{"line":240,"column":5}},"line":203},"32":{"name":"(anonymous_32)","decl":{"start":{"line":208,"column":18},"end":{"line":208,"column":19}},"loc":{"start":{"line":208,"column":23},"end":{"line":234,"column":13}},"line":208},"33":{"name":"(anonymous_33)","decl":{"start":{"line":216,"column":35},"end":{"line":216,"column":36}},"loc":{"start":{"line":216,"column":40},"end":{"line":218,"column":29}},"line":216},"34":{"name":"(anonymous_34)","decl":{"start":{"line":226,"column":26},"end":{"line":226,"column":27}},"loc":{"start":{"line":226,"column":33},"end":{"line":229,"column":21}},"line":226},"35":{"name":"(anonymous_35)","decl":{"start":{"line":230,"column":27},"end":{"line":230,"column":28}},"loc":{"start":{"line":230,"column":32},"end":{"line":232,"column":21}},"line":230},"36":{"name":"(anonymous_36)","decl":{"start":{"line":235,"column":19},"end":{"line":235,"column":20}},"loc":{"start":{"line":235,"column":24},"end":{"line":237,"column":14}},"line":235},"37":{"name":"updateUserUsername","decl":{"start":{"line":243,"column":15},"end":{"line":243,"column":33}},"loc":{"start":{"line":243,"column":61},"end":{"line":259,"column":1}},"line":243},"38":{"name":"(anonymous_38)","decl":{"start":{"line":245,"column":30},"end":{"line":245,"column":31}},"loc":{"start":{"line":245,"column":51},"end":{"line":258,"column":5}},"line":245},"39":{"name":"(anonymous_39)","decl":{"start":{"line":252,"column":18},"end":{"line":252,"column":19}},"loc":{"start":{"line":252,"column":23},"end":{"line":254,"column":13}},"line":252},"40":{"name":"(anonymous_40)","decl":{"start":{"line":255,"column":19},"end":{"line":255,"column":20}},"loc":{"start":{"line":255,"column":24},"end":{"line":257,"column":13}},"line":255},"41":{"name":"updateUserPassword","decl":{"start":{"line":261,"column":15},"end":{"line":261,"column":33}},"loc":{"start":{"line":261,"column":56},"end":{"line":280,"column":1}},"line":261},"42":{"name":"(anonymous_42)","decl":{"start":{"line":266,"column":30},"end":{"line":266,"column":31}},"loc":{"start":{"line":266,"column":51},"end":{"line":279,"column":5}},"line":266},"43":{"name":"(anonymous_43)","decl":{"start":{"line":273,"column":18},"end":{"line":273,"column":19}},"loc":{"start":{"line":273,"column":23},"end":{"line":275,"column":13}},"line":273},"44":{"name":"(anonymous_44)","decl":{"start":{"line":276,"column":19},"end":{"line":276,"column":20}},"loc":{"start":{"line":276,"column":24},"end":{"line":278,"column":13}},"line":276},"45":{"name":"updateUsernameAndPassword","decl":{"start":{"line":282,"column":15},"end":{"line":282,"column":40}},"loc":{"start":{"line":282,"column":73},"end":{"line":303,"column":1}},"line":282},"46":{"name":"(anonymous_46)","decl":{"start":{"line":286,"column":31},"end":{"line":286,"column":32}},"loc":{"start":{"line":286,"column":52},"end":{"line":302,"column":5}},"line":286},"47":{"name":"(anonymous_47)","decl":{"start":{"line":294,"column":18},"end":{"line":294,"column":19}},"loc":{"start":{"line":294,"column":23},"end":{"line":296,"column":13}},"line":294},"48":{"name":"(anonymous_48)","decl":{"start":{"line":297,"column":19},"end":{"line":297,"column":20}},"loc":{"start":{"line":297,"column":24},"end":{"line":299,"column":13}},"line":297},"49":{"name":"updateEverythingUser","decl":{"start":{"line":305,"column":15},"end":{"line":305,"column":35}},"loc":{"start":{"line":305,"column":106},"end":{"line":390,"column":1}},"line":305},"50":{"name":"(anonymous_50)","decl":{"start":{"line":317,"column":30},"end":{"line":317,"column":31}},"loc":{"start":{"line":317,"column":57},"end":{"line":388,"column":5}},"line":317},"51":{"name":"(anonymous_51)","decl":{"start":{"line":320,"column":18},"end":{"line":320,"column":19}},"loc":{"start":{"line":320,"column":23},"end":{"line":325,"column":13}},"line":320},"52":{"name":"(anonymous_52)","decl":{"start":{"line":326,"column":18},"end":{"line":326,"column":19}},"loc":{"start":{"line":326,"column":23},"end":{"line":328,"column":12}},"line":326},"53":{"name":"(anonymous_53)","decl":{"start":{"line":331,"column":18},"end":{"line":331,"column":19}},"loc":{"start":{"line":331,"column":23},"end":{"line":338,"column":13}},"line":331},"54":{"name":"(anonymous_54)","decl":{"start":{"line":339,"column":19},"end":{"line":339,"column":20}},"loc":{"start":{"line":339,"column":24},"end":{"line":343,"column":13}},"line":339},"55":{"name":"(anonymous_55)","decl":{"start":{"line":347,"column":18},"end":{"line":347,"column":19}},"loc":{"start":{"line":347,"column":31},"end":{"line":361,"column":13}},"line":347},"56":{"name":"(anonymous_56)","decl":{"start":{"line":354,"column":39},"end":{"line":354,"column":40}},"loc":{"start":{"line":354,"column":44},"end":{"line":354,"column":57}},"line":354},"57":{"name":"(anonymous_57)","decl":{"start":{"line":357,"column":39},"end":{"line":357,"column":40}},"loc":{"start":{"line":357,"column":44},"end":{"line":357,"column":57}},"line":357},"58":{"name":"(anonymous_58)","decl":{"start":{"line":362,"column":19},"end":{"line":362,"column":20}},"loc":{"start":{"line":362,"column":24},"end":{"line":364,"column":13}},"line":362},"59":{"name":"(anonymous_59)","decl":{"start":{"line":380,"column":18},"end":{"line":380,"column":19}},"loc":{"start":{"line":380,"column":23},"end":{"line":382,"column":13}},"line":380},"60":{"name":"(anonymous_60)","decl":{"start":{"line":383,"column":19},"end":{"line":383,"column":20}},"loc":{"start":{"line":383,"column":24},"end":{"line":385,"column":13}},"line":383}},"branchMap":{"0":{"loc":{"start":{"line":11,"column":16},"end":{"line":15,"column":17}},"type":"if","locations":[{"start":{"line":11,"column":16},"end":{"line":15,"column":17}},{"start":{"line":11,"column":16},"end":{"line":15,"column":17}}],"line":11},"1":{"loc":{"start":{"line":30,"column":16},"end":{"line":34,"column":17}},"type":"if","locations":[{"start":{"line":30,"column":16},"end":{"line":34,"column":17}},{"start":{"line":30,"column":16},"end":{"line":34,"column":17}}],"line":30},"2":{"loc":{"start":{"line":54,"column":12},"end":{"line":61,"column":13}},"type":"if","locations":[{"start":{"line":54,"column":12},"end":{"line":61,"column":13}},{"start":{"line":54,"column":12},"end":{"line":61,"column":13}}],"line":54},"3":{"loc":{"start":{"line":78,"column":16},"end":{"line":92,"column":17}},"type":"if","locations":[{"start":{"line":78,"column":16},"end":{"line":92,"column":17}},{"start":{"line":78,"column":16},"end":{"line":92,"column":17}}],"line":78},"4":{"loc":{"start":{"line":78,"column":19},"end":{"line":78,"column":50}},"type":"binary-expr","locations":[{"start":{"line":78,"column":19},"end":{"line":78,"column":30}},{"start":{"line":78,"column":34},"end":{"line":78,"column":50}}],"line":78},"5":{"loc":{"start":{"line":80,"column":22},"end":{"line":92,"column":17}},"type":"if","locations":[{"start":{"line":80,"column":22},"end":{"line":92,"column":17}},{"start":{"line":80,"column":22},"end":{"line":92,"column":17}}],"line":80},"6":{"loc":{"start":{"line":83,"column":24},"end":{"line":85,"column":25}},"type":"if","locations":[{"start":{"line":83,"column":24},"end":{"line":85,"column":25}},{"start":{"line":83,"column":24},"end":{"line":85,"column":25}}],"line":83},"7":{"loc":{"start":{"line":89,"column":23},"end":{"line":92,"column":17}},"type":"if","locations":[{"start":{"line":89,"column":23},"end":{"line":92,"column":17}},{"start":{"line":89,"column":23},"end":{"line":92,"column":17}}],"line":89},"8":{"loc":{"start":{"line":109,"column":16},"end":{"line":127,"column":17}},"type":"if","locations":[{"start":{"line":109,"column":16},"end":{"line":127,"column":17}},{"start":{"line":109,"column":16},"end":{"line":127,"column":17}}],"line":109},"9":{"loc":{"start":{"line":159,"column":12},"end":{"line":161,"column":13}},"type":"if","locations":[{"start":{"line":159,"column":12},"end":{"line":161,"column":13}},{"start":{"line":159,"column":12},"end":{"line":161,"column":13}}],"line":159},"10":{"loc":{"start":{"line":169,"column":16},"end":{"line":179,"column":17}},"type":"if","locations":[{"start":{"line":169,"column":16},"end":{"line":179,"column":17}},{"start":{"line":169,"column":16},"end":{"line":179,"column":17}}],"line":169},"11":{"loc":{"start":{"line":211,"column":16},"end":{"line":221,"column":17}},"type":"if","locations":[{"start":{"line":211,"column":16},"end":{"line":221,"column":17}},{"start":{"line":211,"column":16},"end":{"line":221,"column":17}}],"line":211},"12":{"loc":{"start":{"line":322,"column":16},"end":{"line":324,"column":17}},"type":"if","locations":[{"start":{"line":322,"column":16},"end":{"line":324,"column":17}},{"start":{"line":322,"column":16},"end":{"line":324,"column":17}}],"line":322},"13":{"loc":{"start":{"line":322,"column":19},"end":{"line":322,"column":59}},"type":"binary-expr","locations":[{"start":{"line":322,"column":19},"end":{"line":322,"column":43}},{"start":{"line":322,"column":47},"end":{"line":322,"column":59}}],"line":322},"14":{"loc":{"start":{"line":333,"column":16},"end":{"line":337,"column":17}},"type":"if","locations":[{"start":{"line":333,"column":16},"end":{"line":337,"column":17}},{"start":{"line":333,"column":16},"end":{"line":337,"column":17}}],"line":333},"15":{"loc":{"start":{"line":333,"column":19},"end":{"line":333,"column":57}},"type":"binary-expr","locations":[{"start":{"line":333,"column":19},"end":{"line":333,"column":42}},{"start":{"line":333,"column":46},"end":{"line":333,"column":57}}],"line":333},"16":{"loc":{"start":{"line":349,"column":16},"end":{"line":360,"column":17}},"type":"if","locations":[{"start":{"line":349,"column":16},"end":{"line":360,"column":17}},{"start":{"line":349,"column":16},"end":{"line":360,"column":17}}],"line":349},"17":{"loc":{"start":{"line":349,"column":19},"end":{"line":349,"column":63}},"type":"binary-expr","locations":[{"start":{"line":349,"column":19},"end":{"line":349,"column":30}},{"start":{"line":349,"column":34},"end":{"line":349,"column":63}}],"line":349},"18":{"loc":{"start":{"line":350,"column":20},"end":{"line":359,"column":21}},"type":"if","locations":[{"start":{"line":350,"column":20},"end":{"line":359,"column":21}},{"start":{"line":350,"column":20},"end":{"line":359,"column":21}}],"line":350}},"s":{"0":9,"1":9,"2":9,"3":0,"4":0,"5":0,"6":0,"7":0,"8":0,"9":0,"10":0,"11":0,"12":0,"13":0,"14":0,"15":0,"16":0,"17":0,"18":0,"19":0,"20":0,"21":0,"22":0,"23":0,"24":0,"25":0,"26":0,"27":0,"28":0,"29":0,"30":0,"31":0,"32":0,"33":0,"34":0,"35":0,"36":0,"37":0,"38":0,"39":0,"40":0,"41":0,"42":0,"43":0,"44":0,"45":0,"46":0,"47":0,"48":0,"49":0,"50":0,"51":0,"52":0,"53":0,"54":0,"55":0,"56":0,"57":0,"58":0,"59":0,"60":0,"61":0,"62":0,"63":0,"64":0,"65":0,"66":0,"67":0,"68":0,"69":0,"70":0,"71":0,"72":0,"73":0,"74":0,"75":0,"76":0,"77":0,"78":0,"79":0,"80":0,"81":0,"82":0,"83":0,"84":0,"85":0,"86":0,"87":0,"88":0,"89":0,"90":0,"91":0,"92":0,"93":0,"94":0,"95":0,"96":0,"97":0,"98":0,"99":0,"100":0,"101":0,"102":0,"103":0,"104":0,"105":0,"106":0,"107":0,"108":0,"109":0,"110":0,"111":0,"112":0,"113":0,"114":0,"115":0,"116":0,"117":0,"118":0,"119":0,"120":0,"121":0,"122":0,"123":0,"124":0,"125":9},"f":{"0":0,"1":0,"2":0,"3":0,"4":0,"5":0,"6":0,"7":0,"8":0,"9":0,"10":0,"11":0,"12":0,"13":0,"14":0,"15":0,"16":0,"17":0,"18":0,"19":0,"20":0,"21":0,"22":0,"23":0,"24":0,"25":0,"26":0,"27":0,"28":0,"29":0,"30":0,"31":0,"32":0,"33":0,"34":0,"35":0,"36":0,"37":0,"38":0,"39":0,"40":0,"41":0,"42":0,"43":0,"44":0,"45":0,"46":0,"47":0,"48":0,"49":0,"50":0,"51":0,"52":0,"53":0,"54":0,"55":0,"56":0,"57":0,"58":0,"59":0,"60":0},"b":{"0":[0,0],"1":[0,0],"2":[0,0],"3":[0,0],"4":[0,0],"5":[0,0],"6":[0,0],"7":[0,0],"8":[0,0],"9":[0,0],"10":[0,0],"11":[0,0],"12":[0,0],"13":[0,0],"14":[0,0],"15":[0,0],"16":[0,0],"17":[0,0],"18":[0,0]},"_coverageSchema":"1a1c01bbd47fc00a2c39e90264f33305004495a9","hash":"1027c0daedde2967f841502f2d74d34610819ccd"}
}
