TN:
SF:1.Website\backend\src\Controllers\MockDBController.js
FN:11,(anonymous_0)
FN:21,getConnectionInstance
FNF:2
FNH:2
FNDA:1,(anonymous_0)
FNDA:67,getConnectionInstance
DA:1,1
DA:2,1
DA:3,1
DA:5,1
DA:6,1
DA:11,1
DA:12,1
DA:13,0
DA:15,1
DA:17,1
DA:24,67
DA:28,1
LF:12
LH:11
BRDA:12,0,0,0
BRDA:12,0,1,1
BRF:2
BRH:1
end_of_record
TN:
SF:1.Website\backend\src\Services\TaskManagerService.js
FN:8,getAllTasks
FN:11,(anonymous_1)
FN:13,(anonymous_2)
FN:21,(anonymous_3)
FN:27,getTaskByID
FN:29,(anonymous_5)
FN:33,(anonymous_6)
FN:42,(anonymous_7)
FN:48,getAllNodeTasks
FN:50,(anonymous_9)
FN:54,(anonymous_10)
FN:63,(anonymous_11)
FN:69,getAllTasksByProject
FN:71,(anonymous_13)
FN:73,(anonymous_14)
FN:81,(anonymous_15)
FN:88,insertTask
FN:90,(anonymous_17)
FN:92,(anonymous_18)
FN:96,(anonymous_19)
FN:102,deleteTaskByID
FN:104,(anonymous_21)
FN:108,(anonymous_22)
FN:111,(anonymous_23)
FN:117,updateTaskDescription
FN:119,(anonymous_25)
FN:125,(anonymous_26)
FN:128,(anonymous_27)
FN:134,updateTaskStatus
FN:136,(anonymous_29)
FN:142,(anonymous_30)
FN:149,(anonymous_31)
FN:156,deleteTaskByNodeID
FN:158,(anonymous_33)
FN:162,(anonymous_34)
FN:165,(anonymous_35)
FN:171,updateTaskAssignee
FN:173,(anonymous_37)
FN:179,(anonymous_38)
FN:186,(anonymous_39)
FN:192,updateTaskAssigner
FN:194,(anonymous_41)
FN:200,(anonymous_42)
FN:207,(anonymous_43)
FN:213,updateEverythingTask
FN:215,(anonymous_45)
FN:231,(anonymous_46)
FN:234,(anonymous_47)
FN:240,addTaskMembers
FN:242,(anonymous_49)
FN:244,(anonymous_50)
FN:250,(anonymous_51)
FN:265,(anonymous_52)
FN:271,(anonymous_53)
FN:276,(anonymous_54)
FN:285,getTasksMultipleProjects
FN:288,(anonymous_56)
FN:291,(anonymous_57)
FN:296,(anonymous_58)
FNF:59
FNH:30
FNDA:4,getAllTasks
FNDA:4,(anonymous_1)
FNDA:4,(anonymous_2)
FNDA:0,(anonymous_3)
FNDA:20,getTaskByID
FNDA:20,(anonymous_5)
FNDA:20,(anonymous_6)
FNDA:0,(anonymous_7)
FNDA:0,getAllNodeTasks
FNDA:0,(anonymous_9)
FNDA:0,(anonymous_10)
FNDA:0,(anonymous_11)
FNDA:3,getAllTasksByProject
FNDA:3,(anonymous_13)
FNDA:3,(anonymous_14)
FNDA:0,(anonymous_15)
FNDA:1,insertTask
FNDA:1,(anonymous_17)
FNDA:1,(anonymous_18)
FNDA:0,(anonymous_19)
FNDA:15,deleteTaskByID
FNDA:15,(anonymous_21)
FNDA:15,(anonymous_22)
FNDA:0,(anonymous_23)
FNDA:2,updateTaskDescription
FNDA:2,(anonymous_25)
FNDA:2,(anonymous_26)
FNDA:0,(anonymous_27)
FNDA:4,updateTaskStatus
FNDA:4,(anonymous_29)
FNDA:4,(anonymous_30)
FNDA:0,(anonymous_31)
FNDA:0,deleteTaskByNodeID
FNDA:0,(anonymous_33)
FNDA:0,(anonymous_34)
FNDA:0,(anonymous_35)
FNDA:1,updateTaskAssignee
FNDA:1,(anonymous_37)
FNDA:1,(anonymous_38)
FNDA:0,(anonymous_39)
FNDA:1,updateTaskAssigner
FNDA:1,(anonymous_41)
FNDA:1,(anonymous_42)
FNDA:0,(anonymous_43)
FNDA:1,updateEverythingTask
FNDA:1,(anonymous_45)
FNDA:1,(anonymous_46)
FNDA:0,(anonymous_47)
FNDA:0,addTaskMembers
FNDA:0,(anonymous_49)
FNDA:0,(anonymous_50)
FNDA:0,(anonymous_51)
FNDA:0,(anonymous_52)
FNDA:0,(anonymous_53)
FNDA:0,(anonymous_54)
FNDA:0,getTasksMultipleProjects
FNDA:0,(anonymous_56)
FNDA:0,(anonymous_57)
FNDA:0,(anonymous_58)
DA:1,1
DA:2,1
DA:3,1
DA:10,4
DA:11,4
DA:12,4
DA:14,4
DA:16,0
DA:18,4
DA:22,0
DA:28,20
DA:29,20
DA:30,20
DA:34,20
DA:36,6
DA:39,14
DA:43,0
DA:49,0
DA:50,0
DA:51,0
DA:55,0
DA:57,0
DA:60,0
DA:64,0
DA:70,3
DA:71,3
DA:72,3
DA:74,3
DA:75,0
DA:77,3
DA:78,3
DA:82,0
DA:89,1
DA:90,1
DA:91,1
DA:94,1
DA:97,0
DA:103,15
DA:104,15
DA:105,15
DA:109,15
DA:112,0
DA:118,2
DA:119,2
DA:120,2
DA:126,2
DA:129,0
DA:135,4
DA:136,4
DA:137,4
DA:143,4
DA:144,3
DA:146,1
DA:150,0
DA:157,0
DA:158,0
DA:159,0
DA:163,0
DA:166,0
DA:172,1
DA:173,1
DA:174,1
DA:180,1
DA:181,1
DA:183,0
DA:187,0
DA:193,1
DA:194,1
DA:195,1
DA:201,1
DA:202,1
DA:204,0
DA:208,0
DA:214,1
DA:215,1
DA:216,1
DA:232,1
DA:235,0
DA:241,0
DA:242,0
DA:243,0
DA:245,0
DA:246,0
DA:248,0
DA:249,0
DA:250,0
DA:251,0
DA:255,0
DA:259,0
DA:266,0
DA:267,0
DA:272,0
DA:273,0
DA:277,0
DA:278,0
DA:287,0
DA:288,0
DA:289,0
DA:292,0
DA:293,0
DA:297,0
DA:298,0
DA:304,1
LF:103
LH:53
BRDA:14,0,0,0
BRDA:14,0,1,4
BRDA:34,1,0,6
BRDA:34,1,1,14
BRDA:55,2,0,0
BRDA:55,2,1,0
BRDA:74,3,0,0
BRDA:74,3,1,3
BRDA:143,4,0,3
BRDA:143,4,1,1
BRDA:180,5,0,1
BRDA:180,5,1,0
BRDA:201,6,0,1
BRDA:201,6,1,0
BRDA:245,7,0,0
BRDA:245,7,1,0
BRDA:245,8,0,0
BRDA:245,8,1,0
BRDA:250,9,0,0
BRDA:250,9,1,0
BRF:20
BRH:8
end_of_record
