TN:
SF:app.js
FN:21,makeApp
FN:50,(anonymous_1)
FN:58,(anonymous_2)
FNF:3
FNH:3
FNDA:51,makeApp
FNDA:33,(anonymous_1)
FNDA:43,(anonymous_2)
DA:1,9
DA:2,9
DA:3,9
DA:4,9
DA:6,9
DA:7,9
DA:8,9
DA:9,9
DA:10,9
DA:11,9
DA:24,51
DA:27,51
DA:28,51
DA:29,51
DA:30,51
DA:34,51
DA:35,51
DA:36,51
DA:37,51
DA:38,51
DA:41,51
DA:42,51
DA:43,51
DA:44,51
DA:45,51
DA:48,51
DA:50,51
DA:51,33
DA:52,33
DA:53,33
DA:58,51
DA:59,43
DA:60,43
DA:70,51
DA:75,9
LF:35
LH:35
BRDA:59,0,0,43
BRDA:59,0,1,10
BRF:2
BRH:2
end_of_record
TN:
SF:API\routes\Graph.js
FN:7,makeGraphRoute
FN:9,(anonymous_1)
FN:21,(anonymous_2)
FN:34,(anonymous_3)
FN:44,(anonymous_4)
FN:50,(anonymous_5)
FN:56,(anonymous_6)
FN:68,(anonymous_7)
FN:79,(anonymous_8)
FN:85,(anonymous_9)
FNF:10
FNH:1
FNDA:51,makeGraphRoute
FNDA:0,(anonymous_1)
FNDA:0,(anonymous_2)
FNDA:0,(anonymous_3)
FNDA:0,(anonymous_4)
FNDA:0,(anonymous_5)
FNDA:0,(anonymous_6)
FNDA:0,(anonymous_7)
FNDA:0,(anonymous_8)
FNDA:0,(anonymous_9)
DA:1,9
DA:2,9
DA:3,9
DA:4,9
DA:5,9
DA:9,51
DA:10,0
DA:11,0
DA:17,0
DA:18,0
DA:22,0
DA:23,0
DA:28,0
DA:35,0
DA:36,0
DA:44,51
DA:45,0
DA:46,0
DA:47,0
DA:49,0
DA:51,0
DA:57,0
DA:58,0
DA:68,51
DA:69,0
DA:70,0
DA:75,0
DA:76,0
DA:80,0
DA:86,0
DA:87,0
DA:100,51
DA:102,9
LF:33
LH:10
BRDA:10,0,0,0
BRDA:10,0,1,0
BRDA:10,1,0,0
BRDA:10,1,1,0
BRDA:22,2,0,0
BRDA:22,2,1,0
BRDA:69,3,0,0
BRDA:69,3,1,0
BRDA:69,4,0,0
BRDA:69,4,1,0
BRF:10
BRH:0
end_of_record
TN:
SF:API\routes\Home.js
FN:18,(anonymous_0)
FNF:1
FNH:0
FNDA:0,(anonymous_0)
DA:1,9
DA:2,9
DA:3,9
DA:18,9
DA:19,0
DA:20,0
DA:25,9
LF:7
LH:5
BRF:0
BRH:0
end_of_record
TN:
SF:API\routes\Node.js
FN:8,makeNodeRoute
FN:10,(anonymous_1)
FN:21,(anonymous_2)
FN:25,(anonymous_3)
FN:33,(anonymous_4)
FN:39,(anonymous_5)
FN:45,(anonymous_6)
FN:51,(anonymous_7)
FN:59,(anonymous_8)
FN:70,(anonymous_9)
FN:76,(anonymous_10)
FN:84,(anonymous_11)
FN:93,(anonymous_12)
FNF:13
FNH:1
FNDA:51,makeNodeRoute
FNDA:0,(anonymous_1)
FNDA:0,(anonymous_2)
FNDA:0,(anonymous_3)
FNDA:0,(anonymous_4)
FNDA:0,(anonymous_5)
FNDA:0,(anonymous_6)
FNDA:0,(anonymous_7)
FNDA:0,(anonymous_8)
FNDA:0,(anonymous_9)
FNDA:0,(anonymous_10)
FNDA:0,(anonymous_11)
FNDA:0,(anonymous_12)
DA:1,9
DA:2,9
DA:3,9
DA:4,9
DA:5,9
DA:10,51
DA:11,0
DA:12,0
DA:15,0
DA:23,0
DA:26,0
DA:33,51
DA:35,0
DA:36,0
DA:37,0
DA:38,0
DA:40,0
DA:41,0
DA:46,0
DA:47,0
DA:52,0
DA:59,51
DA:61,0
DA:62,0
DA:66,0
DA:71,0
DA:77,0
DA:84,51
DA:85,0
DA:86,0
DA:87,0
DA:88,0
DA:95,0
DA:96,0
DA:97,0
DA:102,0
DA:103,0
DA:113,51
DA:116,9
LF:39
LH:11
BRDA:95,0,0,0
BRDA:95,0,1,0
BRF:2
BRH:0
end_of_record
TN:
SF:API\routes\Project.js
FN:11,makeProjectRoute
FN:14,(anonymous_1)
FN:17,(anonymous_2)
FN:41,(anonymous_3)
FN:46,(anonymous_4)
FN:48,(anonymous_5)
FN:62,(anonymous_6)
FN:88,(anonymous_7)
FN:101,(anonymous_8)
FN:107,(anonymous_9)
FN:111,(anonymous_10)
FN:116,(anonymous_11)
FN:122,(anonymous_12)
FN:128,(anonymous_13)
FN:131,(anonymous_14)
FN:145,(anonymous_15)
FN:153,(anonymous_16)
FN:159,(anonymous_17)
FN:177,(anonymous_18)
FN:187,(anonymous_19)
FN:197,(anonymous_20)
FN:215,(anonymous_21)
FN:223,(anonymous_22)
FN:238,(anonymous_23)
FN:256,(anonymous_24)
FN:262,(anonymous_25)
FN:271,(anonymous_26)
FN:290,(anonymous_27)
FN:294,(anonymous_28)
FN:324,(anonymous_29)
FN:329,(anonymous_30)
FN:341,(anonymous_31)
FN:349,(anonymous_32)
FN:358,(anonymous_33)
FN:369,(anonymous_34)
FN:376,(anonymous_35)
FN:382,(anonymous_36)
FN:401,(anonymous_37)
FN:408,(anonymous_38)
FN:412,(anonymous_39)
FN:423,(anonymous_40)
FN:433,(anonymous_41)
FN:474,(anonymous_42)
FN:486,(anonymous_43)
FN:494,(anonymous_44)
FN:505,(anonymous_45)
FN:527,(anonymous_46)
FN:541,(anonymous_47)
FN:557,(anonymous_48)
FN:566,(anonymous_49)
FN:584,(anonymous_50)
FNF:51
FNH:1
FNDA:51,makeProjectRoute
FNDA:0,(anonymous_1)
FNDA:0,(anonymous_2)
FNDA:0,(anonymous_3)
FNDA:0,(anonymous_4)
FNDA:0,(anonymous_5)
FNDA:0,(anonymous_6)
FNDA:0,(anonymous_7)
FNDA:0,(anonymous_8)
FNDA:0,(anonymous_9)
FNDA:0,(anonymous_10)
FNDA:0,(anonymous_11)
FNDA:0,(anonymous_12)
FNDA:0,(anonymous_13)
FNDA:0,(anonymous_14)
FNDA:0,(anonymous_15)
FNDA:0,(anonymous_16)
FNDA:0,(anonymous_17)
FNDA:0,(anonymous_18)
FNDA:0,(anonymous_19)
FNDA:0,(anonymous_20)
FNDA:0,(anonymous_21)
FNDA:0,(anonymous_22)
FNDA:0,(anonymous_23)
FNDA:0,(anonymous_24)
FNDA:0,(anonymous_25)
FNDA:0,(anonymous_26)
FNDA:0,(anonymous_27)
FNDA:0,(anonymous_28)
FNDA:0,(anonymous_29)
FNDA:0,(anonymous_30)
FNDA:0,(anonymous_31)
FNDA:0,(anonymous_32)
FNDA:0,(anonymous_33)
FNDA:0,(anonymous_34)
FNDA:0,(anonymous_35)
FNDA:0,(anonymous_36)
FNDA:0,(anonymous_37)
FNDA:0,(anonymous_38)
FNDA:0,(anonymous_39)
FNDA:0,(anonymous_40)
FNDA:0,(anonymous_41)
FNDA:0,(anonymous_42)
FNDA:0,(anonymous_43)
FNDA:0,(anonymous_44)
FNDA:0,(anonymous_45)
FNDA:0,(anonymous_46)
FNDA:0,(anonymous_47)
FNDA:0,(anonymous_48)
FNDA:0,(anonymous_49)
FNDA:0,(anonymous_50)
DA:1,9
DA:2,9
DA:3,9
DA:4,9
DA:5,9
DA:6,9
DA:7,9
DA:8,9
DA:9,9
DA:14,51
DA:16,0
DA:17,0
DA:18,0
DA:20,0
DA:22,0
DA:30,0
DA:41,51
DA:43,0
DA:44,0
DA:48,0
DA:50,0
DA:51,0
DA:53,0
DA:62,0
DA:63,0
DA:65,0
DA:71,0
DA:73,0
DA:81,0
DA:89,0
DA:107,51
DA:110,0
DA:112,0
DA:113,0
DA:117,0
DA:118,0
DA:123,0
DA:128,51
DA:130,0
DA:132,0
DA:133,0
DA:138,0
DA:146,0
DA:153,51
DA:156,0
DA:158,0
DA:161,0
DA:163,0
DA:171,0
DA:178,0
DA:187,51
DA:189,0
DA:190,0
DA:192,0
DA:196,0
DA:198,0
DA:199,0
DA:203,0
DA:204,0
DA:209,0
DA:216,0
DA:223,51
DA:226,0
DA:227,0
DA:238,51
DA:239,0
DA:240,0
DA:244,0
DA:245,0
DA:246,0
DA:252,0
DA:253,0
DA:254,0
DA:255,0
DA:257,0
DA:263,0
DA:271,51
DA:272,0
DA:273,0
DA:289,0
DA:292,0
DA:295,0
DA:324,51
DA:325,0
DA:328,0
DA:330,0
DA:331,0
DA:335,0
DA:342,0
DA:349,51
DA:350,0
DA:351,0
DA:352,0
DA:357,0
DA:359,0
DA:360,0
DA:364,0
DA:370,0
DA:376,51
DA:377,0
DA:378,0
DA:380,0
DA:383,0
DA:384,0
DA:387,0
DA:388,0
DA:391,0
DA:392,0
DA:396,0
DA:402,0
DA:408,51
DA:409,0
DA:410,0
DA:411,0
DA:413,0
DA:414,0
DA:418,0
DA:424,0
DA:433,51
DA:434,0
DA:435,0
DA:436,0
DA:437,0
DA:438,0
DA:439,0
DA:441,0
DA:443,0
DA:444,0
DA:447,0
DA:448,0
DA:451,0
DA:452,0
DA:455,0
DA:456,0
DA:459,0
DA:460,0
DA:463,0
DA:464,0
DA:467,0
DA:468,0
DA:473,0
DA:475,0
DA:476,0
DA:480,0
DA:487,0
DA:494,51
DA:495,0
DA:496,0
DA:497,0
DA:507,0
DA:508,0
DA:509,0
DA:515,0
DA:527,51
DA:528,0
DA:529,0
DA:530,0
DA:531,0
DA:534,0
DA:535,0
DA:540,0
DA:542,0
DA:543,0
DA:546,0
DA:547,0
DA:551,0
DA:558,0
DA:566,51
DA:567,0
DA:568,0
DA:569,0
DA:571,0
DA:572,0
DA:573,0
DA:578,0
DA:585,0
DA:586,0
DA:587,0
DA:591,0
DA:592,0
DA:593,0
DA:599,0
DA:609,51
DA:614,9
LF:184
LH:28
BRDA:20,0,0,0
BRDA:20,0,1,0
BRDA:51,1,0,0
BRDA:51,1,1,0
BRDA:63,2,0,0
BRDA:63,2,1,0
BRDA:71,3,0,0
BRDA:71,3,1,0
BRDA:132,4,0,0
BRDA:132,4,1,0
BRDA:161,5,0,0
BRDA:161,5,1,0
BRDA:190,6,0,0
BRDA:190,6,1,0
BRDA:190,7,0,0
BRDA:190,7,1,0
BRDA:198,8,0,0
BRDA:198,8,1,0
BRDA:203,9,0,0
BRDA:203,9,1,0
BRDA:239,10,0,0
BRDA:239,10,1,0
BRDA:239,11,0,0
BRDA:239,11,1,0
BRDA:244,12,0,0
BRDA:244,12,1,0
BRDA:330,13,0,0
BRDA:330,13,1,0
BRDA:359,14,0,0
BRDA:359,14,1,0
BRDA:383,15,0,0
BRDA:383,15,1,0
BRDA:387,16,0,0
BRDA:387,16,1,0
BRDA:391,17,0,0
BRDA:391,17,1,0
BRDA:413,18,0,0
BRDA:413,18,1,0
BRDA:443,19,0,0
BRDA:443,19,1,0
BRDA:443,20,0,0
BRDA:443,20,1,0
BRDA:447,21,0,0
BRDA:447,21,1,0
BRDA:447,22,0,0
BRDA:447,22,1,0
BRDA:451,23,0,0
BRDA:451,23,1,0
BRDA:451,24,0,0
BRDA:451,24,1,0
BRDA:455,25,0,0
BRDA:455,25,1,0
BRDA:455,26,0,0
BRDA:455,26,1,0
BRDA:459,27,0,0
BRDA:459,27,1,0
BRDA:459,28,0,0
BRDA:459,28,1,0
BRDA:463,29,0,0
BRDA:463,29,1,0
BRDA:463,30,0,0
BRDA:463,30,1,0
BRDA:467,31,0,0
BRDA:467,31,1,0
BRDA:467,32,0,0
BRDA:467,32,1,0
BRDA:475,33,0,0
BRDA:475,33,1,0
BRDA:507,34,0,0
BRDA:507,34,1,0
BRDA:530,35,0,0
BRDA:530,35,1,0
BRDA:530,36,0,0
BRDA:530,36,1,0
BRDA:534,37,0,0
BRDA:534,37,1,0
BRDA:534,38,0,0
BRDA:534,38,1,0
BRDA:542,39,0,0
BRDA:542,39,1,0
BRDA:542,40,0,0
BRDA:542,40,1,0
BRDA:546,41,0,0
BRDA:546,41,1,0
BRDA:572,42,0,0
BRDA:572,42,1,0
BRDA:572,43,0,0
BRDA:572,43,1,0
BRDA:585,44,0,0
BRDA:585,44,1,0
BRDA:592,45,0,0
BRDA:592,45,1,0
BRF:92
BRH:0
end_of_record
TN:
SF:API\routes\Task.js
FN:63,makeTaskRoute
FN:89,(anonymous_1)
FN:99,(anonymous_2)
FN:118,(anonymous_3)
FN:151,(anonymous_4)
FN:161,(anonymous_5)
FN:179,(anonymous_6)
FN:206,(anonymous_7)
FN:209,(anonymous_8)
FN:221,(anonymous_9)
FN:252,(anonymous_10)
FN:256,(anonymous_11)
FN:268,(anonymous_12)
FN:278,(anonymous_13)
FN:289,(anonymous_14)
FN:304,(anonymous_15)
FN:336,(anonymous_16)
FN:342,(anonymous_17)
FN:359,(anonymous_18)
FN:394,(anonymous_19)
FN:397,(anonymous_20)
FN:409,(anonymous_21)
FN:442,(anonymous_22)
FN:453,(anonymous_23)
FN:464,(anonymous_24)
FN:501,(anonymous_25)
FN:526,(anonymous_26)
FN:537,(anonymous_27)
FN:647,(anonymous_28)
FN:659,(anonymous_29)
FN:670,(anonymous_30)
FN:679,(anonymous_31)
FN:691,(anonymous_32)
FN:702,(anonymous_33)
FN:711,(anonymous_34)
FN:749,(anonymous_35)
FN:764,(anonymous_36)
FNF:37
FNH:7
FNDA:51,makeTaskRoute
FNDA:6,(anonymous_1)
FNDA:0,(anonymous_2)
FNDA:0,(anonymous_3)
FNDA:4,(anonymous_4)
FNDA:0,(anonymous_5)
FNDA:0,(anonymous_6)
FNDA:3,(anonymous_7)
FNDA:0,(anonymous_8)
FNDA:3,(anonymous_9)
FNDA:0,(anonymous_10)
FNDA:0,(anonymous_11)
FNDA:0,(anonymous_12)
FNDA:0,(anonymous_13)
FNDA:0,(anonymous_14)
FNDA:0,(anonymous_15)
FNDA:3,(anonymous_16)
FNDA:0,(anonymous_17)
FNDA:3,(anonymous_18)
FNDA:0,(anonymous_19)
FNDA:0,(anonymous_20)
FNDA:0,(anonymous_21)
FNDA:0,(anonymous_22)
FNDA:0,(anonymous_23)
FNDA:0,(anonymous_24)
FNDA:0,(anonymous_25)
FNDA:0,(anonymous_26)
FNDA:0,(anonymous_27)
FNDA:0,(anonymous_28)
FNDA:0,(anonymous_29)
FNDA:0,(anonymous_30)
FNDA:0,(anonymous_31)
FNDA:0,(anonymous_32)
FNDA:0,(anonymous_33)
FNDA:0,(anonymous_34)
FNDA:0,(anonymous_35)
FNDA:0,(anonymous_36)
DA:1,9
DA:2,9
DA:3,9
DA:4,9
DA:5,9
DA:6,9
DA:7,9
DA:89,51
DA:90,6
DA:91,6
DA:96,6
DA:100,0
DA:102,0
DA:103,0
DA:104,0
DA:105,0
DA:110,0
DA:111,0
DA:112,0
DA:113,0
DA:119,0
DA:120,0
DA:121,0
DA:151,51
DA:153,4
DA:154,4
DA:158,4
DA:164,0
DA:166,0
DA:167,0
DA:168,0
DA:173,0
DA:174,0
DA:180,0
DA:181,0
DA:182,0
DA:206,51
DA:208,3
DA:210,0
DA:211,0
DA:214,0
DA:215,0
DA:222,3
DA:252,51
DA:254,0
DA:255,0
DA:257,0
DA:258,0
DA:262,0
DA:269,0
DA:278,51
DA:280,0
DA:281,0
DA:283,0
DA:288,0
DA:290,0
DA:292,0
DA:297,0
DA:305,0
DA:336,51
DA:337,3
DA:338,3
DA:339,3
DA:341,3
DA:343,0
DA:344,0
DA:347,0
DA:348,0
DA:353,0
DA:360,3
DA:394,51
DA:395,0
DA:396,0
DA:398,0
DA:399,0
DA:403,0
DA:410,0
DA:442,51
DA:445,0
DA:446,0
DA:447,0
DA:448,0
DA:452,0
DA:454,0
DA:455,0
DA:459,0
DA:465,0
DA:501,51
DA:503,0
DA:504,0
DA:505,0
DA:506,0
DA:507,0
DA:510,0
DA:512,0
DA:517,0
DA:518,0
DA:522,0
DA:525,0
DA:527,0
DA:528,0
DA:532,0
DA:538,0
DA:647,51
DA:649,0
DA:650,0
DA:651,0
DA:652,0
DA:658,0
DA:660,0
DA:661,0
DA:665,0
DA:671,0
DA:679,51
DA:681,0
DA:682,0
DA:683,0
DA:684,0
DA:690,0
DA:692,0
DA:693,0
DA:697,0
DA:703,0
DA:711,51
DA:712,0
DA:713,0
DA:714,0
DA:715,0
DA:716,0
DA:717,0
DA:718,0
DA:719,0
DA:720,0
DA:721,0
DA:722,0
DA:723,0
DA:726,0
DA:727,0
DA:730,0
DA:731,0
DA:734,0
DA:735,0
DA:738,0
DA:739,0
DA:742,0
DA:743,0
DA:748,0
DA:750,0
DA:751,0
DA:754,0
DA:755,0
DA:758,0
DA:759,0
DA:765,0
DA:776,51
DA:778,9
LF:156
LH:34
BRDA:100,0,0,0
BRDA:100,0,1,0
BRDA:164,1,0,0
BRDA:164,1,1,0
BRDA:210,2,0,0
BRDA:210,2,1,0
BRDA:214,3,0,0
BRDA:214,3,1,0
BRDA:257,4,0,0
BRDA:257,4,1,0
BRDA:281,5,0,0
BRDA:281,5,1,0
BRDA:281,6,0,0
BRDA:281,6,1,0
BRDA:290,7,0,0
BRDA:290,7,1,0
BRDA:343,8,0,0
BRDA:343,8,1,0
BRDA:347,9,0,0
BRDA:347,9,1,0
BRDA:398,10,0,0
BRDA:398,10,1,0
BRDA:447,11,0,0
BRDA:447,11,1,0
BRDA:447,12,0,0
BRDA:447,12,1,0
BRDA:454,13,0,0
BRDA:454,13,1,0
BRDA:510,14,0,0
BRDA:510,14,1,0
BRDA:517,15,0,0
BRDA:517,15,1,0
BRDA:527,16,0,0
BRDA:527,16,1,0
BRDA:651,17,0,0
BRDA:651,17,1,0
BRDA:651,18,0,0
BRDA:651,18,1,0
BRDA:660,19,0,0
BRDA:660,19,1,0
BRDA:683,20,0,0
BRDA:683,20,1,0
BRDA:683,21,0,0
BRDA:683,21,1,0
BRDA:692,22,0,0
BRDA:692,22,1,0
BRDA:722,23,0,0
BRDA:722,23,1,0
BRDA:722,24,0,0
BRDA:722,24,1,0
BRDA:726,25,0,0
BRDA:726,25,1,0
BRDA:726,26,0,0
BRDA:726,26,1,0
BRDA:730,27,0,0
BRDA:730,27,1,0
BRDA:730,28,0,0
BRDA:730,28,1,0
BRDA:734,29,0,0
BRDA:734,29,1,0
BRDA:734,30,0,0
BRDA:734,30,1,0
BRDA:738,31,0,0
BRDA:738,31,1,0
BRDA:738,32,0,0
BRDA:738,32,1,0
BRDA:742,33,0,0
BRDA:742,33,1,0
BRDA:742,34,0,0
BRDA:742,34,1,0
BRDA:742,34,2,0
BRDA:742,34,3,0
BRDA:750,35,0,0
BRDA:750,35,1,0
BRDA:754,36,0,0
BRDA:754,36,1,0
BRDA:758,37,0,0
BRDA:758,37,1,0
BRF:78
BRH:0
end_of_record
TN:
SF:API\routes\User.js
FN:9,makeUserRoute
FN:15,(anonymous_1)
FN:18,(anonymous_2)
FN:24,(anonymous_3)
FN:32,(anonymous_4)
FN:41,(anonymous_5)
FN:46,(anonymous_6)
FN:57,(anonymous_7)
FN:66,(anonymous_8)
FN:76,(anonymous_9)
FN:86,(anonymous_10)
FN:99,(anonymous_11)
FN:113,(anonymous_12)
FN:127,(anonymous_13)
FN:139,(anonymous_14)
FN:183,(anonymous_15)
FN:194,(anonymous_16)
FN:207,(anonymous_17)
FN:219,(anonymous_18)
FN:222,(anonymous_19)
FN:237,(anonymous_20)
FN:245,(anonymous_21)
FN:254,(anonymous_22)
FN:269,(anonymous_23)
FN:278,(anonymous_24)
FN:283,(anonymous_25)
FN:294,(anonymous_26)
FN:301,(anonymous_27)
FN:306,(anonymous_28)
FN:318,(anonymous_29)
FN:325,(anonymous_30)
FN:331,(anonymous_31)
FN:342,(anonymous_32)
FN:351,(anonymous_33)
FN:395,(anonymous_34)
FN:414,(anonymous_35)
FNF:36
FNH:1
FNDA:51,makeUserRoute
FNDA:0,(anonymous_1)
FNDA:0,(anonymous_2)
FNDA:0,(anonymous_3)
FNDA:0,(anonymous_4)
FNDA:0,(anonymous_5)
FNDA:0,(anonymous_6)
FNDA:0,(anonymous_7)
FNDA:0,(anonymous_8)
FNDA:0,(anonymous_9)
FNDA:0,(anonymous_10)
FNDA:0,(anonymous_11)
FNDA:0,(anonymous_12)
FNDA:0,(anonymous_13)
FNDA:0,(anonymous_14)
FNDA:0,(anonymous_15)
FNDA:0,(anonymous_16)
FNDA:0,(anonymous_17)
FNDA:0,(anonymous_18)
FNDA:0,(anonymous_19)
FNDA:0,(anonymous_20)
FNDA:0,(anonymous_21)
FNDA:0,(anonymous_22)
FNDA:0,(anonymous_23)
FNDA:0,(anonymous_24)
FNDA:0,(anonymous_25)
FNDA:0,(anonymous_26)
FNDA:0,(anonymous_27)
FNDA:0,(anonymous_28)
FNDA:0,(anonymous_29)
FNDA:0,(anonymous_30)
FNDA:0,(anonymous_31)
FNDA:0,(anonymous_32)
FNDA:0,(anonymous_33)
FNDA:0,(anonymous_34)
FNDA:0,(anonymous_35)
DA:1,9
DA:2,9
DA:3,9
DA:4,9
DA:5,9
DA:6,9
DA:15,51
DA:17,0
DA:19,0
DA:20,0
DA:24,0
DA:25,0
DA:27,0
DA:33,0
DA:41,51
DA:44,0
DA:45,0
DA:47,0
DA:48,0
DA:51,0
DA:52,0
DA:57,0
DA:58,0
DA:60,0
DA:67,0
DA:76,51
DA:78,0
DA:79,0
DA:81,0
DA:86,0
DA:88,0
DA:89,0
DA:92,0
DA:93,0
DA:101,0
DA:113,51
DA:115,0
DA:116,0
DA:118,0
DA:120,0
DA:126,0
DA:127,0
DA:128,0
DA:129,0
DA:133,0
DA:140,0
DA:145,0
DA:147,0
DA:156,0
DA:157,0
DA:158,0
DA:159,0
DA:161,0
DA:162,0
DA:170,0
DA:183,51
DA:184,0
DA:185,0
DA:190,0
DA:191,0
DA:192,0
DA:193,0
DA:195,0
DA:196,0
DA:201,0
DA:208,0
DA:219,51
DA:220,0
DA:221,0
DA:223,0
DA:224,0
DA:227,0
DA:228,0
DA:231,0
DA:232,0
DA:238,0
DA:245,51
DA:247,0
DA:248,0
DA:249,0
DA:253,0
DA:255,0
DA:256,0
DA:259,0
DA:260,0
DA:263,0
DA:264,0
DA:270,0
DA:278,51
DA:279,0
DA:280,0
DA:282,0
DA:284,0
DA:285,0
DA:289,0
DA:295,0
DA:301,51
DA:302,0
DA:303,0
DA:305,0
DA:307,0
DA:308,0
DA:313,0
DA:319,0
DA:325,51
DA:326,0
DA:327,0
DA:328,0
DA:330,0
DA:332,0
DA:333,0
DA:337,0
DA:343,0
DA:351,51
DA:352,0
DA:353,0
DA:354,0
DA:355,0
DA:356,0
DA:357,0
DA:358,0
DA:359,0
DA:360,0
DA:361,0
DA:364,0
DA:365,0
DA:368,0
DA:369,0
DA:372,0
DA:373,0
DA:376,0
DA:377,0
DA:380,0
DA:381,0
DA:384,0
DA:385,0
DA:388,0
DA:389,0
DA:394,0
DA:396,0
DA:397,0
DA:400,0
DA:401,0
DA:404,0
DA:405,0
DA:408,0
DA:409,0
DA:415,0
DA:426,51
DA:429,9
LF:150
LH:19
BRDA:19,0,0,0
BRDA:19,0,1,0
BRDA:47,1,0,0
BRDA:47,1,1,0
BRDA:51,2,0,0
BRDA:51,2,1,0
BRDA:79,3,0,0
BRDA:79,3,1,0
BRDA:79,4,0,0
BRDA:79,4,1,0
BRDA:88,5,0,0
BRDA:88,5,1,0
BRDA:92,6,0,0
BRDA:92,6,1,0
BRDA:118,7,0,0
BRDA:118,7,1,0
BRDA:118,8,0,0
BRDA:118,8,1,0
BRDA:128,9,0,0
BRDA:128,9,1,0
BRDA:145,10,0,0
BRDA:145,10,1,0
BRDA:159,11,0,0
BRDA:159,11,1,0
BRDA:184,12,0,0
BRDA:184,12,1,0
BRDA:184,13,0,0
BRDA:184,13,1,0
BRDA:184,13,2,0
BRDA:195,14,0,0
BRDA:195,14,1,0
BRDA:223,15,0,0
BRDA:223,15,1,0
BRDA:227,16,0,0
BRDA:227,16,1,0
BRDA:231,17,0,0
BRDA:231,17,1,0
BRDA:231,18,0,0
BRDA:231,18,1,0
BRDA:248,19,0,0
BRDA:248,19,1,0
BRDA:248,20,0,0
BRDA:248,20,1,0
BRDA:255,21,0,0
BRDA:255,21,1,0
BRDA:259,22,0,0
BRDA:259,22,1,0
BRDA:263,23,0,0
BRDA:263,23,1,0
BRDA:284,24,0,0
BRDA:284,24,1,0
BRDA:307,25,0,0
BRDA:307,25,1,0
BRDA:332,26,0,0
BRDA:332,26,1,0
BRDA:360,27,0,0
BRDA:360,27,1,0
BRDA:360,28,0,0
BRDA:360,28,1,0
BRDA:364,29,0,0
BRDA:364,29,1,0
BRDA:364,30,0,0
BRDA:364,30,1,0
BRDA:368,31,0,0
BRDA:368,31,1,0
BRDA:368,32,0,0
BRDA:368,32,1,0
BRDA:372,33,0,0
BRDA:372,33,1,0
BRDA:372,34,0,0
BRDA:372,34,1,0
BRDA:376,35,0,0
BRDA:376,35,1,0
BRDA:376,36,0,0
BRDA:376,36,1,0
BRDA:380,37,0,0
BRDA:380,37,1,0
BRDA:380,38,0,0
BRDA:380,38,1,0
BRDA:384,39,0,0
BRDA:384,39,1,0
BRDA:384,40,0,0
BRDA:384,40,1,0
BRDA:388,41,0,0
BRDA:388,41,1,0
BRDA:388,42,0,0
BRDA:388,42,1,0
BRDA:396,43,0,0
BRDA:396,43,1,0
BRDA:400,44,0,0
BRDA:400,44,1,0
BRDA:404,45,0,0
BRDA:404,45,1,0
BRDA:408,46,0,0
BRDA:408,46,1,0
BRF:95
BRH:0
end_of_record
TN:
SF:Controllers\testDBController.js
FN:9,(anonymous_0)
FN:12,(anonymous_1)
FN:18,(anonymous_2)
FNF:3
FNH:1
FNDA:0,(anonymous_0)
FNDA:0,(anonymous_1)
FNDA:1,(anonymous_2)
DA:1,1
DA:2,1
DA:8,1
DA:10,0
DA:13,0
DA:14,0
DA:15,0
DA:19,1
DA:20,1
DA:21,1
DA:26,1
LF:11
LH:7
BRF:0
BRH:0
end_of_record
TN:
SF:Helpers\DAG.js
FN:2,isAcyclic
FN:46,isAcyclicRec
FN:71,SetNodes
FN:110,getNodeByID
FN:125,isNodeInStack
FN:131,removeNodeFromStack
FN:145,VisitNode
FNF:7
FNH:7
FNDA:5,isAcyclic
FNDA:16,isAcyclicRec
FNDA:2,SetNodes
FNDA:22,getNodeByID
FNDA:16,isNodeInStack
FNDA:5,removeNodeFromStack
FNDA:9,VisitNode
DA:5,5
DA:8,2
DA:13,3
DA:15,1
DA:22,2
DA:23,2
DA:26,2
DA:29,5
DA:33,1
DA:38,1
DA:49,16
DA:50,1
DA:52,15
DA:53,6
DA:55,9
DA:56,9
DA:58,9
DA:59,9
DA:62,11
DA:63,4
DA:65,5
DA:66,5
DA:73,2
DA:74,2
DA:77,2
DA:79,9
DA:85,9
DA:90,2
DA:93,11
DA:94,11
DA:95,11
DA:96,11
DA:98,49
DA:100,11
DA:106,2
DA:112,22
DA:115,72
DA:118,22
DA:128,16
DA:134,5
DA:137,18
DA:139,5
DA:148,9
DA:151,25
DA:154,9
DA:155,9
DA:162,10
LF:47
LH:47
BRDA:5,0,0,2
BRDA:5,0,1,3
BRDA:13,1,0,1
BRDA:13,1,1,2
BRDA:29,2,0,1
BRDA:29,2,1,4
BRDA:49,3,0,1
BRDA:49,3,1,15
BRDA:52,4,0,6
BRDA:52,4,1,9
BRDA:62,5,0,4
BRDA:62,5,1,7
BRDA:98,6,0,11
BRDA:98,6,1,38
BRDA:115,7,0,22
BRDA:115,7,1,50
BRDA:137,8,0,5
BRDA:137,8,1,13
BRDA:151,9,0,9
BRDA:151,9,1,16
BRF:20
BRH:20
end_of_record
TN:
SF:Helpers\Permissions.js
FN:2,getPermissions
FN:91,getAllRoles
FN:107,getAllRolesAndPermissions
FNF:3
FNH:0
FNDA:0,getPermissions
FNDA:0,getAllRoles
FNDA:0,getAllRolesAndPermissions
DA:5,0
DA:6,0
DA:9,0
DA:14,0
DA:15,0
DA:17,0
DA:21,0
DA:22,0
DA:25,0
DA:29,0
DA:30,0
DA:33,0
DA:37,0
DA:38,0
DA:41,0
DA:45,0
DA:46,0
DA:50,0
DA:54,0
DA:55,0
DA:60,0
DA:79,0
DA:80,0
DA:93,0
DA:104,0
DA:109,0
DA:110,0
DA:111,0
DA:113,0
DA:114,0
DA:119,0
DA:124,9
LF:32
LH:1
BRDA:6,0,0,0
BRDA:6,0,1,0
BRDA:6,0,2,0
BRDA:6,0,3,0
BRDA:6,0,4,0
BRDA:6,0,5,0
BRDA:6,0,6,0
BRF:7
BRH:0
end_of_record
TN:
SF:Helpers\kanbanBoard.js
FN:3,getProjectGraph
FN:6,(anonymous_1)
FN:10,(anonymous_2)
FN:13,(anonymous_3)
FN:22,updateNodesID
FN:41,(anonymous_5)
FN:45,(anonymous_6)
FN:57,mapTaskToNode
FN:64,(anonymous_8)
FN:68,(anonymous_9)
FN:74,getNodes
FN:98,getTasks
FN:108,(anonymous_12)
FN:110,(anonymous_13)
FN:132,(anonymous_14)
FN:143,splitTasksByStatus
FNF:16
FNH:0
FNDA:0,getProjectGraph
FNDA:0,(anonymous_1)
FNDA:0,(anonymous_2)
FNDA:0,(anonymous_3)
FNDA:0,updateNodesID
FNDA:0,(anonymous_5)
FNDA:0,(anonymous_6)
FNDA:0,mapTaskToNode
FNDA:0,(anonymous_8)
FNDA:0,(anonymous_9)
FNDA:0,getNodes
FNDA:0,getTasks
FNDA:0,(anonymous_12)
FNDA:0,(anonymous_13)
FNDA:0,(anonymous_14)
FNDA:0,splitTasksByStatus
DA:1,9
DA:5,0
DA:6,0
DA:7,0
DA:11,0
DA:14,0
DA:23,0
DA:25,0
DA:27,0
DA:28,0
DA:30,0
DA:31,0
DA:32,0
DA:36,0
DA:42,0
DA:43,0
DA:46,0
DA:47,0
DA:53,0
DA:58,0
DA:59,0
DA:65,0
DA:66,0
DA:69,0
DA:70,0
DA:75,0
DA:76,0
DA:77,0
DA:79,0
DA:83,0
DA:84,0
DA:85,0
DA:92,0
DA:100,0
DA:101,0
DA:102,0
DA:103,0
DA:106,0
DA:108,0
DA:109,0
DA:112,0
DA:113,0
DA:116,0
DA:117,0
DA:120,0
DA:122,0
DA:127,0
DA:133,0
DA:134,0
DA:144,0
DA:145,0
DA:146,0
DA:148,0
DA:150,0
DA:152,0
DA:161,0
DA:164,0
DA:166,0
DA:175,0
DA:178,0
DA:180,0
DA:189,0
DA:193,0
DA:195,0
DA:197,0
DA:198,0
DA:199,0
DA:203,0
DA:204,0
DA:205,0
DA:211,0
DA:226,9
LF:72
LH:2
BRDA:23,0,0,0
BRDA:23,0,1,0
BRDA:77,1,0,0
BRDA:77,1,1,0
BRDA:112,2,0,0
BRDA:112,2,1,0
BRDA:120,3,0,0
BRDA:120,3,1,0
BRDA:150,4,0,0
BRDA:150,4,1,0
BRDA:164,5,0,0
BRDA:164,5,1,0
BRDA:178,6,0,0
BRDA:178,6,1,0
BRDA:195,7,0,0
BRDA:195,7,1,0
BRF:16
BRH:0
end_of_record
TN:
SF:Services\ProjectManagerService.js
FN:8,getProjectByID
FN:10,(anonymous_1)
FN:14,(anonymous_2)
FN:22,(anonymous_3)
FN:31,getAllProjects
FN:33,(anonymous_5)
FN:35,(anonymous_6)
FN:42,(anonymous_7)
FN:48,getAllProjectsByUserEmail
FN:51,(anonymous_9)
FN:58,(anonymous_10)
FN:123,insertProject
FN:125,(anonymous_12)
FN:127,(anonymous_13)
FN:132,(anonymous_14)
FN:138,removeProjectByID
FN:140,(anonymous_16)
FN:144,(anonymous_17)
FN:147,(anonymous_18)
FN:154,removeProjectMember
FN:156,(anonymous_20)
FN:169,(anonymous_21)
FN:184,(anonymous_22)
FN:187,(anonymous_23)
FN:194,updateProjectGraph
FN:196,(anonymous_25)
FN:202,(anonymous_26)
FN:205,(anonymous_27)
FN:211,addNewProjectMember
FN:215,(anonymous_29)
FN:219,(anonymous_30)
FN:229,(anonymous_31)
FN:245,(anonymous_32)
FN:254,(anonymous_33)
FN:276,(anonymous_34)
FN:290,editMemberRole
FN:295,(anonymous_36)
FN:299,(anonymous_37)
FN:309,(anonymous_38)
FN:330,(anonymous_39)
FN:339,(anonymous_40)
FN:360,(anonymous_41)
FN:374,updateProjectOwner
FN:376,(anonymous_43)
FN:385,(anonymous_44)
FN:394,(anonymous_45)
FN:402,updateEverythingProject
FN:404,(anonymous_47)
FN:418,(anonymous_48)
FN:421,(anonymous_49)
FNF:50
FNH:0
FNDA:0,getProjectByID
FNDA:0,(anonymous_1)
FNDA:0,(anonymous_2)
FNDA:0,(anonymous_3)
FNDA:0,getAllProjects
FNDA:0,(anonymous_5)
FNDA:0,(anonymous_6)
FNDA:0,(anonymous_7)
FNDA:0,getAllProjectsByUserEmail
FNDA:0,(anonymous_9)
FNDA:0,(anonymous_10)
FNDA:0,insertProject
FNDA:0,(anonymous_12)
FNDA:0,(anonymous_13)
FNDA:0,(anonymous_14)
FNDA:0,removeProjectByID
FNDA:0,(anonymous_16)
FNDA:0,(anonymous_17)
FNDA:0,(anonymous_18)
FNDA:0,removeProjectMember
FNDA:0,(anonymous_20)
FNDA:0,(anonymous_21)
FNDA:0,(anonymous_22)
FNDA:0,(anonymous_23)
FNDA:0,updateProjectGraph
FNDA:0,(anonymous_25)
FNDA:0,(anonymous_26)
FNDA:0,(anonymous_27)
FNDA:0,addNewProjectMember
FNDA:0,(anonymous_29)
FNDA:0,(anonymous_30)
FNDA:0,(anonymous_31)
FNDA:0,(anonymous_32)
FNDA:0,(anonymous_33)
FNDA:0,(anonymous_34)
FNDA:0,editMemberRole
FNDA:0,(anonymous_36)
FNDA:0,(anonymous_37)
FNDA:0,(anonymous_38)
FNDA:0,(anonymous_39)
FNDA:0,(anonymous_40)
FNDA:0,(anonymous_41)
FNDA:0,updateProjectOwner
FNDA:0,(anonymous_43)
FNDA:0,(anonymous_44)
FNDA:0,(anonymous_45)
FNDA:0,updateEverythingProject
FNDA:0,(anonymous_47)
FNDA:0,(anonymous_48)
FNDA:0,(anonymous_49)
DA:1,9
DA:2,9
DA:3,9
DA:4,9
DA:9,0
DA:10,0
DA:11,0
DA:15,0
DA:16,0
DA:18,0
DA:23,0
DA:32,0
DA:33,0
DA:34,0
DA:36,0
DA:37,0
DA:39,0
DA:43,0
DA:49,0
DA:51,0
DA:56,0
DA:57,0
DA:60,0
DA:61,0
DA:62,0
DA:64,0
DA:67,0
DA:69,0
DA:71,0
DA:73,0
DA:74,0
DA:80,0
DA:81,0
DA:90,0
DA:92,0
DA:96,0
DA:124,0
DA:125,0
DA:126,0
DA:130,0
DA:133,0
DA:139,0
DA:140,0
DA:141,0
DA:145,0
DA:148,0
DA:155,0
DA:156,0
DA:158,0
DA:160,0
DA:161,0
DA:162,0
DA:163,0
DA:166,0
DA:169,0
DA:170,0
DA:171,0
DA:177,0
DA:185,0
DA:188,0
DA:195,0
DA:196,0
DA:197,0
DA:203,0
DA:206,0
DA:213,0
DA:214,0
DA:215,0
DA:216,0
DA:220,0
DA:222,0
DA:223,0
DA:225,0
DA:230,0
DA:231,0
DA:235,0
DA:237,0
DA:238,0
DA:242,0
DA:245,0
DA:247,0
DA:256,0
DA:259,0
DA:260,0
DA:269,0
DA:278,0
DA:293,0
DA:294,0
DA:295,0
DA:296,0
DA:300,0
DA:302,0
DA:303,0
DA:305,0
DA:311,0
DA:316,0
DA:318,0
DA:319,0
DA:320,0
DA:322,0
DA:324,0
DA:325,0
DA:330,0
DA:332,0
DA:342,0
DA:344,0
DA:345,0
DA:351,0
DA:353,0
DA:363,0
DA:375,0
DA:376,0
DA:378,0
DA:386,0
DA:388,0
DA:390,0
DA:395,0
DA:403,0
DA:404,0
DA:406,0
DA:419,0
DA:422,0
DA:428,9
LF:123
LH:5
BRDA:15,0,0,0
BRDA:15,0,1,0
BRDA:36,1,0,0
BRDA:36,1,1,0
BRDA:67,2,0,0
BRDA:67,2,1,0
BRDA:67,3,0,0
BRDA:67,3,1,0
BRDA:71,4,0,0
BRDA:71,4,1,0
BRDA:90,5,0,0
BRDA:90,5,1,0
BRDA:160,6,0,0
BRDA:160,6,1,0
BRDA:160,7,0,0
BRDA:160,7,1,0
BRDA:162,8,0,0
BRDA:162,8,1,0
BRDA:170,9,0,0
BRDA:170,9,1,0
BRDA:220,10,0,0
BRDA:220,10,1,0
BRDA:235,11,0,0
BRDA:235,11,1,0
BRDA:256,12,0,0
BRDA:256,12,1,0
BRDA:300,13,0,0
BRDA:300,13,1,0
BRDA:316,14,0,0
BRDA:316,14,1,0
BRDA:322,15,0,0
BRDA:322,15,1,0
BRDA:342,16,0,0
BRDA:342,16,1,0
BRDA:342,17,0,0
BRDA:342,17,1,0
BRDA:351,18,0,0
BRDA:351,18,1,0
BRDA:386,19,0,0
BRDA:386,19,1,0
BRF:40
BRH:0
end_of_record
TN:
SF:Services\TaskManagerService.js
FN:7,getAllTasks
FN:9,(anonymous_1)
FN:11,(anonymous_2)
FN:18,(anonymous_3)
FN:24,getTaskByID
FN:26,(anonymous_5)
FN:30,(anonymous_6)
FN:37,(anonymous_7)
FN:43,getAllTasksByProject
FN:45,(anonymous_9)
FN:47,(anonymous_10)
FN:54,(anonymous_11)
FN:61,insertTask
FN:63,(anonymous_13)
FN:68,(anonymous_14)
FN:71,(anonymous_15)
FN:77,deleteTaskByID
FN:79,(anonymous_17)
FN:83,(anonymous_18)
FN:86,(anonymous_19)
FN:92,updateTaskDescription
FN:94,(anonymous_21)
FN:100,(anonymous_22)
FN:103,(anonymous_23)
FN:109,updateTaskStatus
FN:111,(anonymous_25)
FN:117,(anonymous_26)
FN:124,(anonymous_27)
FN:152,updateTaskAssignee
FN:154,(anonymous_29)
FN:160,(anonymous_30)
FN:167,(anonymous_31)
FN:173,updateTaskAssigner
FN:175,(anonymous_33)
FN:181,(anonymous_34)
FN:188,(anonymous_35)
FN:194,updateEverythingTask
FN:196,(anonymous_37)
FN:212,(anonymous_38)
FN:215,(anonymous_39)
FNF:40
FNH:3
FNDA:4,getAllTasks
FNDA:1,(anonymous_1)
FNDA:0,(anonymous_2)
FNDA:0,(anonymous_3)
FNDA:0,getTaskByID
FNDA:0,(anonymous_5)
FNDA:0,(anonymous_6)
FNDA:0,(anonymous_7)
FNDA:0,getAllTasksByProject
FNDA:0,(anonymous_9)
FNDA:0,(anonymous_10)
FNDA:0,(anonymous_11)
FNDA:3,insertTask
FNDA:0,(anonymous_13)
FNDA:0,(anonymous_14)
FNDA:0,(anonymous_15)
FNDA:0,deleteTaskByID
FNDA:0,(anonymous_17)
FNDA:0,(anonymous_18)
FNDA:0,(anonymous_19)
FNDA:0,updateTaskDescription
FNDA:0,(anonymous_21)
FNDA:0,(anonymous_22)
FNDA:0,(anonymous_23)
FNDA:0,updateTaskStatus
FNDA:0,(anonymous_25)
FNDA:0,(anonymous_26)
FNDA:0,(anonymous_27)
FNDA:0,updateTaskAssignee
FNDA:0,(anonymous_29)
FNDA:0,(anonymous_30)
FNDA:0,(anonymous_31)
FNDA:0,updateTaskAssigner
FNDA:0,(anonymous_33)
FNDA:0,(anonymous_34)
FNDA:0,(anonymous_35)
FNDA:0,updateEverythingTask
FNDA:0,(anonymous_37)
FNDA:0,(anonymous_38)
FNDA:0,(anonymous_39)
DA:1,10
DA:2,10
DA:8,4
DA:9,1
DA:10,1
DA:12,0
DA:13,0
DA:15,0
DA:19,0
DA:25,0
DA:26,0
DA:27,0
DA:31,0
DA:32,0
DA:34,0
DA:38,0
DA:44,0
DA:45,0
DA:46,0
DA:48,0
DA:49,0
DA:51,0
DA:55,0
DA:62,3
DA:63,0
DA:64,0
DA:65,0
DA:67,0
DA:69,0
DA:72,0
DA:78,0
DA:79,0
DA:80,0
DA:84,0
DA:87,0
DA:93,0
DA:94,0
DA:95,0
DA:101,0
DA:104,0
DA:110,0
DA:111,0
DA:112,0
DA:118,0
DA:119,0
DA:121,0
DA:125,0
DA:153,0
DA:154,0
DA:155,0
DA:161,0
DA:162,0
DA:164,0
DA:168,0
DA:174,0
DA:175,0
DA:176,0
DA:182,0
DA:183,0
DA:185,0
DA:189,0
DA:195,0
DA:196,0
DA:197,0
DA:213,0
DA:216,0
DA:221,10
LF:67
LH:7
BRDA:12,0,0,0
BRDA:12,0,1,0
BRDA:31,1,0,0
BRDA:31,1,1,0
BRDA:48,2,0,0
BRDA:48,2,1,0
BRDA:64,3,0,0
BRDA:64,3,1,0
BRDA:118,4,0,0
BRDA:118,4,1,0
BRDA:161,5,0,0
BRDA:161,5,1,0
BRDA:182,6,0,0
BRDA:182,6,1,0
BRF:14
BRH:0
end_of_record
TN:
SF:Services\UserManagerService.js
FN:5,getAllUsers
FN:8,(anonymous_1)
FN:10,(anonymous_2)
FN:16,(anonymous_3)
FN:22,getUserByID
FN:25,(anonymous_5)
FN:29,(anonymous_6)
FN:37,(anonymous_7)
FN:47,getUserByEmail
FN:50,(anonymous_9)
FN:53,(anonymous_10)
FN:64,(anonymous_11)
FN:72,getAllOtherUsers
FN:75,(anonymous_13)
FN:77,(anonymous_14)
FN:82,(anonymous_15)
FN:95,(anonymous_16)
FN:101,insertUser
FN:105,(anonymous_18)
FN:107,(anonymous_19)
FN:117,(anonymous_20)
FN:121,(anonymous_21)
FN:129,(anonymous_22)
FN:153,removeUserByID
FN:155,(anonymous_24)
FN:166,(anonymous_25)
FN:174,(anonymous_26)
FN:184,(anonymous_27)
FN:187,(anonymous_28)
FN:192,(anonymous_29)
FN:201,removeUserByEmail
FN:203,(anonymous_31)
FN:208,(anonymous_32)
FN:216,(anonymous_33)
FN:226,(anonymous_34)
FN:230,(anonymous_35)
FN:235,(anonymous_36)
FN:243,updateUserUsername
FN:245,(anonymous_38)
FN:252,(anonymous_39)
FN:255,(anonymous_40)
FN:261,updateUserPassword
FN:266,(anonymous_42)
FN:273,(anonymous_43)
FN:276,(anonymous_44)
FN:282,updateUsernameAndPassword
FN:286,(anonymous_46)
FN:294,(anonymous_47)
FN:297,(anonymous_48)
FN:305,updateEverythingUser
FN:317,(anonymous_50)
FN:320,(anonymous_51)
FN:326,(anonymous_52)
FN:331,(anonymous_53)
FN:339,(anonymous_54)
FN:347,(anonymous_55)
FN:354,(anonymous_56)
FN:357,(anonymous_57)
FN:362,(anonymous_58)
FN:380,(anonymous_59)
FN:383,(anonymous_60)
FNF:61
FNH:0
FNDA:0,getAllUsers
FNDA:0,(anonymous_1)
FNDA:0,(anonymous_2)
FNDA:0,(anonymous_3)
FNDA:0,getUserByID
FNDA:0,(anonymous_5)
FNDA:0,(anonymous_6)
FNDA:0,(anonymous_7)
FNDA:0,getUserByEmail
FNDA:0,(anonymous_9)
FNDA:0,(anonymous_10)
FNDA:0,(anonymous_11)
FNDA:0,getAllOtherUsers
FNDA:0,(anonymous_13)
FNDA:0,(anonymous_14)
FNDA:0,(anonymous_15)
FNDA:0,(anonymous_16)
FNDA:0,insertUser
FNDA:0,(anonymous_18)
FNDA:0,(anonymous_19)
FNDA:0,(anonymous_20)
FNDA:0,(anonymous_21)
FNDA:0,(anonymous_22)
FNDA:0,removeUserByID
FNDA:0,(anonymous_24)
FNDA:0,(anonymous_25)
FNDA:0,(anonymous_26)
FNDA:0,(anonymous_27)
FNDA:0,(anonymous_28)
FNDA:0,(anonymous_29)
FNDA:0,removeUserByEmail
FNDA:0,(anonymous_31)
FNDA:0,(anonymous_32)
FNDA:0,(anonymous_33)
FNDA:0,(anonymous_34)
FNDA:0,(anonymous_35)
FNDA:0,(anonymous_36)
FNDA:0,updateUserUsername
FNDA:0,(anonymous_38)
FNDA:0,(anonymous_39)
FNDA:0,(anonymous_40)
FNDA:0,updateUserPassword
FNDA:0,(anonymous_42)
FNDA:0,(anonymous_43)
FNDA:0,(anonymous_44)
FNDA:0,updateUsernameAndPassword
FNDA:0,(anonymous_46)
FNDA:0,(anonymous_47)
FNDA:0,(anonymous_48)
FNDA:0,updateEverythingUser
FNDA:0,(anonymous_50)
FNDA:0,(anonymous_51)
FNDA:0,(anonymous_52)
FNDA:0,(anonymous_53)
FNDA:0,(anonymous_54)
FNDA:0,(anonymous_55)
FNDA:0,(anonymous_56)
FNDA:0,(anonymous_57)
FNDA:0,(anonymous_58)
FNDA:0,(anonymous_59)
FNDA:0,(anonymous_60)
DA:1,9
DA:2,9
DA:3,9
DA:7,0
DA:8,0
DA:9,0
DA:11,0
DA:12,0
DA:14,0
DA:17,0
DA:24,0
DA:25,0
DA:26,0
DA:30,0
DA:31,0
DA:33,0
DA:39,0
DA:49,0
DA:50,0
DA:51,0
DA:54,0
DA:56,0
DA:60,0
DA:66,0
DA:74,0
DA:75,0
DA:76,0
DA:78,0
DA:79,0
DA:80,0
DA:82,0
DA:83,0
DA:84,0
DA:88,0
DA:89,0
DA:91,0
DA:96,0
DA:103,0
DA:105,0
DA:106,0
DA:109,0
DA:110,0
DA:114,0
DA:115,0
DA:116,0
DA:119,0
DA:123,0
DA:130,0
DA:154,0
DA:155,0
DA:158,0
DA:159,0
DA:160,0
DA:162,0
DA:165,0
DA:169,0
DA:172,0
DA:173,0
DA:175,0
DA:181,0
DA:185,0
DA:188,0
DA:193,0
DA:202,0
DA:203,0
DA:207,0
DA:211,0
DA:214,0
DA:215,0
DA:217,0
DA:223,0
DA:227,0
DA:231,0
DA:236,0
DA:244,0
DA:245,0
DA:246,0
DA:253,0
DA:256,0
DA:263,0
DA:264,0
DA:265,0
DA:266,0
DA:267,0
DA:274,0
DA:277,0
DA:283,0
DA:284,0
DA:285,0
DA:286,0
DA:287,0
DA:295,0
DA:298,0
DA:306,0
DA:308,0
DA:309,0
DA:311,0
DA:316,0
DA:317,0
DA:319,0
DA:322,0
DA:323,0
DA:327,0
DA:330,0
DA:333,0
DA:334,0
DA:335,0
DA:340,0
DA:341,0
DA:346,0
DA:349,0
DA:350,0
DA:351,0
DA:352,0
DA:353,0
DA:354,0
DA:356,0
DA:357,0
DA:363,0
DA:368,0
DA:381,0
DA:384,0
DA:392,9
LF:123
LH:4
BRDA:11,0,0,0
BRDA:11,0,1,0
BRDA:30,1,0,0
BRDA:30,1,1,0
BRDA:54,2,0,0
BRDA:54,2,1,0
BRDA:78,3,0,0
BRDA:78,3,1,0
BRDA:78,4,0,0
BRDA:78,4,1,0
BRDA:80,5,0,0
BRDA:80,5,1,0
BRDA:83,6,0,0
BRDA:83,6,1,0
BRDA:89,7,0,0
BRDA:89,7,1,0
BRDA:109,8,0,0
BRDA:109,8,1,0
BRDA:159,9,0,0
BRDA:159,9,1,0
BRDA:169,10,0,0
BRDA:169,10,1,0
BRDA:211,11,0,0
BRDA:211,11,1,0
BRDA:322,12,0,0
BRDA:322,12,1,0
BRDA:322,13,0,0
BRDA:322,13,1,0
BRDA:333,14,0,0
BRDA:333,14,1,0
BRDA:333,15,0,0
BRDA:333,15,1,0
BRDA:349,16,0,0
BRDA:349,16,1,0
BRDA:349,17,0,0
BRDA:349,17,1,0
BRDA:350,18,0,0
BRDA:350,18,1,0
BRF:38
BRH:0
end_of_record
